
> mb-bot@1.0.0 live
> SIMULATE=false node bot.js

01:19:23.514 [INFO]   [Bot] Inicializando bot... 
01:19:23.563 [INFO]   [Bot] Inicializando banco de dados... 
01:19:24.216 [SUCCESS] [DB] Banco de dados inicializado com sucesso. 
01:19:24.239 [SUCCESS] [Bot] Banco de dados inicializado. 
01:19:24.277 [INFO]   [Bot] Autenticando Mercado Bitcoin... 
2026-01-13T01:19:24.325Z [INFO]   API_KEY: bdb29a91...
2026-01-13T01:19:24.332Z [INFO]   API_SECRET: e14075f1...
2026-01-13T01:19:25.679Z [INFO]   Account ID: f02d1506...
2026-01-13T01:19:25.685Z [INFO]   Access Token: eyJhbGci...
2026-01-13T01:19:25.690Z [SUCCESS] Authentication OK - Token expires in 59 minutes
01:19:25.693 [SUCCESS] [Bot] Autenticado com sucesso. 
01:19:25.708 [INFO]   [Bot] Iniciando warmup com velas históricas para evitar decisões ruins iniciais. 
01:19:25.926 [INFO]   [Bot] Buscadas 81 velas históricas válidas. 
01:19:25.968 [SUCCESS] [Bot] Warmup completo com 60 velas históricas. 
01:19:25.995 [INFO]   [Bot] Carregando fills históricos... 
01:19:26.062 [INFO]   [DB] Carregados 30 fills históricos. 
01:19:26.069 [SUCCESS] [Bot] Carregados 30 fills históricos. 
01:19:26.098 [INFO]   [Bot] Iniciando loop principal. 
01:19:26.143 [INFO]   [Bot] Iniciando ciclo 1. 
01:19:26.181 [INFO]   [Bot] Consultando tendências externas do Bitcoin... 
01:19:26 [TREND INFO] Iniciando análise de tendência externa... 
01:19:26 [TREND INFO] CoinGecko Score: 42
01:19:26 [TREND INFO] Binance Score: 60
01:19:26 [TREND INFO] Fear & Greed Score: 26
01:19:26 [TREND SUCCESS] Análise externa concluída: {"trend":"NEUTRAL","score":46,"confidence":100}
01:19:26.754 [SUCCESS] [Bot] Tendência Externa: NEUTRAL (Score: 46/100, Confiança: 100%) 
01:19:26.938 [SUCCESS] [Bot] Orderbook atualizado: Best Bid=491196.00, Best Ask=491644.00. 
01:19:27.017 [DEBUG]  [DB] Preço BTC armazenado: R$ 491420.00 
01:19:27.022 [INFO]   [Bot] Volatilidade calculada: 2.37%. 
01:19:27.043 [DEBUG]  [Bot] Volatilidade no ciclo 1: 2.37% 
01:19:27.065 [INFO]   [Bot] RSI calculado: 40.48. 
01:19:27.128 [INFO]   [Bot] EMA(8) calculada: 491607.63. 
01:19:27.188 [INFO]   [Bot] EMA(20) calculada: 491798.35. 
01:19:27.217 [INFO]   [Bot] EMA(12) calculada: 491683.91. 
01:19:27.240 [INFO]   [Bot] EMA(26) calculada: 491641.00. 
01:19:27.267 [INFO]   [Bot] EMA(9) calculada: 491622.57. 
01:19:27.302 [INFO]   [Bot] MACD calculado: MACD=42.91, Signal=491622.57. 
01:19:27.597 [INFO]   [Bot] Volatilidade calculada: 2.37%. 
01:19:27.646 [INFO]   [Bot] Análise fills históricos: Bias=0.00%, Sucesso=100.00%, PnL médio=5.47. 
01:19:27.710 [INFO]   [Bot] ADX calculado: 11.95. 
01:19:27.787 [INFO]   [Bot] Previsão de preço | {"trend":"down","confidence":"0.48","expectedProfit":"0.02","rsi":"40.48","emaShort":"491607.63","emaLong":"491798.35","...
01:19:27.850 [DEBUG]  [Bot] Convicção calculada: 44.8% | Tendência: DOWN | Força: VERY_WEAK 
01:19:28.101 [ALERT]  [Bot] Saldo BRL muito baixo (0.07 < 9.83). Considere depositar mais fundos. 
01:19:28.107 [WARN]   [Bot] Saldo BRL insuficiente (0.07 < 1.28). Ignorando compra. 
01:19:28.140 [INFO]   [Bot] [DECISION] 🚫 BLOQUEADO | Ação: SELL_SIGNAL | Confiança: 22.8% | Score combinado insuficiente para operar 
01:19:28.167 [WARN]   [Bot] Ordem SELL cancelada por validação externa: Score combinado insuficiente para operar 
01:19:28.196 [DEBUG]  [Bot] PnL Calculation: Realized=0.00 | Unrealized=0.00 | Total=0.00 | Position=0.00000000 BTC | Cost Basis=0.00 BRL 
01:19:28.310 [SUCCESS] [Bot] [RECOVERY] Sessão de recuperação iniciada | Baseline: R$ -186.05 
01:19:28.357 [DEBUG]  [Bot] [RECOVERY] Ponto registrado: PnL=R$ -186.05, Progresso=0.0%, Baseline=R$ -186.05 
01:19:28.362 [INFO]   [Bot] ────────────── Mini Dashboard ────────────── 
01:19:28.391 [INFO]   [Bot] Ciclo: 1 | Mid Price: 491420.00 | Tendência: down | Regime: BEARISH 
01:19:28.421 [INFO]   [Bot] 🔴 Convicção: 44.8% | Tendência Convicção: DOWN | Força: VERY_WEAK 
01:19:28.446 [INFO]   [Bot]    Indicadores concordam: 2/6 | Nível volatilidade: VERY_LOW 
01:19:28.479 [INFO]   [Bot] 🌐 Tendência Externa: NEUTRAL (Score: 46/100, Confiança: 100%) 
01:19:28.515 [INFO]   [Bot] ⚠️ Alinhamento: Bot=DOWN vs Externo=NEUTRAL 
01:19:28.538 [INFO]   [Bot] RSI: 40.48 | EMA Curta: 491607.63 | EMA Longa: 491798.35 
01:19:28.570 [INFO]   [Bot] MACD: N/A | Signal: N/A | Volatilidade: 2.37% 
01:19:28.599 [INFO]   [Bot] Score Lucro Esperado: 0.02 | Confiança: 0.48 
01:19:28.627 [INFO]   [Bot] Spread: 1.500% | Buy Price: 489441.42 | Sell Price: 496838.52 
01:19:28.653 [INFO]   [Bot] Tamanho Ordens: 0.00000261 BTC | Depth Factor: 1.04 
01:19:28.679 [INFO]   [Bot] Viés Inventário (Skew): 0.005000 | Viés Tendência: -0.001500 | Total Bias: 0.003500 
01:19:28.703 [INFO]   [Bot] PnL Total: 0.00 BRL | ROI: 0.00% | PnL Não Realizado: 0.00 BRL 
01:19:28.747 [INFO]   [Bot] Posição BTC: 0.00000000 | Saldo BRL: 0.07 | Saldo BTC: 0.00006894 
01:19:28.771 [INFO]   [Bot] Ordens Ativas: 0 | Fills: 0 | Cancelamentos: 0 
01:19:28.796 [INFO]   [Bot] Taxa de Fill: 0.0% | Preço Médio Fill: 491420.00 BRL | Uptime: 0min 
01:19:28.828 [INFO]   [Bot] ──────────────────────────────────────────── 
01:19:28.853 [SUCCESS] [Bot] Bot operacional - SIMULATE=false 
01:19:58.872 [INFO]   [Bot] Iniciando ciclo 2. 
01:19:59.161 [SUCCESS] [Bot] Orderbook atualizado: Best Bid=491255.00, Best Ask=491635.00. 
01:19:59.208 [DEBUG]  [DB] Preço BTC armazenado: R$ 491445.00 
01:19:59.212 [INFO]   [Bot] Volatilidade calculada: 2.35%. 
01:19:59.232 [DEBUG]  [Bot] Volatilidade no ciclo 2: 2.35% 
01:19:59.252 [INFO]   [Bot] RSI calculado: 40.24. 
01:19:59.272 [INFO]   [Bot] EMA(8) calculada: 491484.18. 
01:19:59.295 [INFO]   [Bot] EMA(20) calculada: 491669.31. 
01:19:59.320 [INFO]   [Bot] EMA(12) calculada: 491641.66. 
01:19:59.355 [INFO]   [Bot] EMA(26) calculada: 491674.02. 
01:19:59.383 [INFO]   [Bot] EMA(9) calculada: 491565.54. 
01:19:59.411 [INFO]   [Bot] MACD calculado: MACD=-32.36, Signal=491565.54. 
01:19:59.447 [INFO]   [Bot] Volatilidade calculada: 2.35%. 
01:19:59.486 [INFO]   [Bot] Análise fills históricos: Bias=0.00%, Sucesso=100.00%, PnL médio=5.47. 
01:19:59.531 [INFO]   [Bot] ADX calculado: 11.50. 
01:19:59.589 [INFO]   [Bot] Previsão de preço | {"trend":"down","confidence":"0.48","expectedProfit":"0.02","rsi":"40.24","emaShort":"491484.18","emaLong":"491669.31","...
01:19:59.658 [DEBUG]  [Bot] Convicção calculada: 44.8% | Tendência: DOWN | Força: VERY_WEAK 
01:19:59.928 [ALERT]  [Bot] Saldo BRL muito baixo (0.07 < 9.83). Considere depositar mais fundos. 
01:19:59.939 [WARN]   [Bot] Saldo BRL insuficiente (0.07 < 1.28). Ignorando compra. 
01:19:59.985 [INFO]   [Bot] [DECISION] 🚫 BLOQUEADO | Ação: SELL_SIGNAL | Confiança: 22.9% | Score combinado insuficiente para operar 
01:20:00.027 [WARN]   [Bot] Ordem SELL cancelada por validação externa: Score combinado insuficiente para operar 
01:20:00.052 [DEBUG]  [Bot] PnL Calculation: Realized=0.00 | Unrealized=0.00 | Total=0.00 | Position=0.00000000 BTC | Cost Basis=0.00 BRL 
01:20:00.151 [DEBUG]  [Bot] [RECOVERY] Ponto registrado: PnL=R$ -186.05, Progresso=0.0%, Baseline=R$ -186.05 
01:20:00.155 [INFO]   [Bot] ────────────── Mini Dashboard ────────────── 
01:20:00.183 [INFO]   [Bot] Ciclo: 2 | Mid Price: 491445.00 | Tendência: down | Regime: BEARISH 
01:20:00.209 [INFO]   [Bot] 🔴 Convicção: 44.8% | Tendência Convicção: DOWN | Força: VERY_WEAK 
01:20:00.229 [INFO]   [Bot]    Indicadores concordam: 2/6 | Nível volatilidade: VERY_LOW 
01:20:00.255 [INFO]   [Bot] 🌐 Tendência Externa: NEUTRAL (Score: 46/100, Confiança: 100%) 
01:20:00.281 [INFO]   [Bot] ⚠️ Alinhamento: Bot=DOWN vs Externo=NEUTRAL 
01:20:00.316 [INFO]   [Bot] RSI: 40.24 | EMA Curta: 491484.18 | EMA Longa: 491669.31 
01:20:00.352 [INFO]   [Bot] MACD: N/A | Signal: N/A | Volatilidade: 2.35% 
01:20:00.382 [INFO]   [Bot] Score Lucro Esperado: 0.02 | Confiança: 0.48 
01:20:00.432 [INFO]   [Bot] Spread: 1.500% | Buy Price: 489466.31 | Sell Price: 496863.80 
01:20:00.484 [INFO]   [Bot] Tamanho Ordens: 0.00000261 BTC | Depth Factor: 0.04 
01:20:00.532 [INFO]   [Bot] Viés Inventário (Skew): 0.005000 | Viés Tendência: -0.001500 | Total Bias: 0.003500 
01:20:00.565 [INFO]   [Bot] PnL Total: 0.00 BRL | ROI: 0.00% | PnL Não Realizado: 0.00 BRL 
01:20:00.596 [INFO]   [Bot] Posição BTC: 0.00000000 | Saldo BRL: 0.07 | Saldo BTC: 0.00006894 
01:20:00.623 [INFO]   [Bot] Ordens Ativas: 0 | Fills: 0 | Cancelamentos: 0 
01:20:00.671 [INFO]   [Bot] Taxa de Fill: 0.0% | Preço Médio Fill: 491445.00 BRL | Uptime: 1min 
01:20:00.713 [INFO]   [Bot] ──────────────────────────────────────────── 
01:20:28.888 [INFO]   [Bot] Iniciando ciclo 3. 
01:20:29.136 [SUCCESS] [Bot] Orderbook atualizado: Best Bid=491293.00, Best Ask=491645.00. 
01:20:29.175 [DEBUG]  [DB] Preço BTC armazenado: R$ 491469.00 
01:20:29.180 [INFO]   [Bot] Volatilidade calculada: 2.33%. 
01:20:29.201 [DEBUG]  [Bot] Volatilidade no ciclo 3: 2.33% 
01:20:29.223 [INFO]   [Bot] RSI calculado: 39.34. 
01:20:29.244 [INFO]   [Bot] EMA(8) calculada: 491410.63. 
01:20:29.263 [INFO]   [Bot] EMA(20) calculada: 491630.77. 
01:20:29.286 [INFO]   [Bot] EMA(12) calculada: 491579.12. 
01:20:29.307 [INFO]   [Bot] EMA(26) calculada: 491669.17. 
01:20:29.323 [INFO]   [Bot] EMA(9) calculada: 491527.86. 
01:20:29.347 [INFO]   [Bot] MACD calculado: MACD=-90.05, Signal=491527.86. 
01:20:29.379 [INFO]   [Bot] Volatilidade calculada: 2.33%. 
01:20:29.414 [INFO]   [Bot] Análise fills históricos: Bias=0.00%, Sucesso=100.00%, PnL médio=5.47. 
01:20:29.447 [INFO]   [Bot] ADX calculado: 10.96. 
01:20:29.476 [INFO]   [Bot] Previsão de preço | {"trend":"down","confidence":"0.48","expectedProfit":"0.02","rsi":"39.34","emaShort":"491410.63","emaLong":"491630.77","...
01:20:29.497 [DEBUG]  [Bot] Convicção calculada: 43.6% | Tendência: DOWN | Força: VERY_WEAK 
01:20:29.834 [ALERT]  [Bot] Saldo BRL muito baixo (0.07 < 9.83). Considere depositar mais fundos. 
01:20:29.842 [WARN]   [Bot] Saldo BRL insuficiente (0.07 < 1.28). Ignorando compra. 
01:20:29.867 [INFO]   [Bot] [DECISION] 🚫 BLOQUEADO | Ação: SELL_SIGNAL | Confiança: 23.1% | Score combinado insuficiente para operar 
01:20:29.910 [WARN]   [Bot] Ordem SELL cancelada por validação externa: Score combinado insuficiente para operar 
01:20:29.960 [DEBUG]  [Bot] PnL Calculation: Realized=0.00 | Unrealized=0.00 | Total=0.00 | Position=0.00000000 BTC | Cost Basis=0.00 BRL 
01:20:30.093 [DEBUG]  [Bot] [RECOVERY] Ponto registrado: PnL=R$ -186.05, Progresso=0.0%, Baseline=R$ -186.05 
01:20:30.097 [INFO]   [Bot] ────────────── Mini Dashboard ────────────── 
01:20:30.125 [INFO]   [Bot] Ciclo: 3 | Mid Price: 491469.00 | Tendência: down | Regime: BEARISH 
01:20:30.153 [INFO]   [Bot] 🔴 Convicção: 43.6% | Tendência Convicção: DOWN | Força: VERY_WEAK 
01:20:30.191 [INFO]   [Bot]    Indicadores concordam: 2/6 | Nível volatilidade: VERY_LOW 
01:20:30.223 [INFO]   [Bot] 🌐 Tendência Externa: NEUTRAL (Score: 46/100, Confiança: 100%) 
01:20:30.250 [INFO]   [Bot] ⚠️ Alinhamento: Bot=DOWN vs Externo=NEUTRAL 
01:20:30.276 [INFO]   [Bot] RSI: 39.34 | EMA Curta: 491410.63 | EMA Longa: 491630.77 
01:20:30.302 [INFO]   [Bot] MACD: N/A | Signal: N/A | Volatilidade: 2.33% 
01:20:30.329 [INFO]   [Bot] Score Lucro Esperado: 0.02 | Confiança: 0.48 
01:20:30.354 [INFO]   [Bot] Spread: 1.500% | Buy Price: 489490.22 | Sell Price: 496888.07 
01:20:30.373 [INFO]   [Bot] Tamanho Ordens: 0.00000261 BTC | Depth Factor: 2.00 
01:20:30.397 [INFO]   [Bot] Viés Inventário (Skew): 0.005000 | Viés Tendência: -0.001500 | Total Bias: 0.003500 
01:20:30.421 [INFO]   [Bot] PnL Total: 0.00 BRL | ROI: 0.00% | PnL Não Realizado: 0.00 BRL 
01:20:30.458 [INFO]   [Bot] Posição BTC: 0.00000000 | Saldo BRL: 0.07 | Saldo BTC: 0.00006894 
01:20:30.481 [INFO]   [Bot] Ordens Ativas: 0 | Fills: 0 | Cancelamentos: 0 
01:20:30.503 [INFO]   [Bot] Taxa de Fill: 0.0% | Preço Médio Fill: 491469.00 BRL | Uptime: 1min 
01:20:30.528 [INFO]   [Bot] ──────────────────────────────────────────── 
01:20:58.905 [INFO]   [Bot] Iniciando ciclo 4. 
01:20:59.182 [SUCCESS] [Bot] Orderbook atualizado: Best Bid=491395.00, Best Ask=491802.00. 
01:20:59.238 [DEBUG]  [DB] Preço BTC armazenado: R$ 491598.50 
01:20:59.247 [INFO]   [Bot] Volatilidade calculada: 2.31%. 
01:20:59.276 [DEBUG]  [Bot] Volatilidade no ciclo 4: 2.31% 
01:20:59.299 [INFO]   [Bot] RSI calculado: 41.01. 
01:20:59.320 [INFO]   [Bot] EMA(8) calculada: 491505.84. 
01:20:59.356 [INFO]   [Bot] EMA(20) calculada: 491652.30. 
01:20:59.382 [INFO]   [Bot] EMA(12) calculada: 491525.11. 
01:20:59.407 [INFO]   [Bot] EMA(26) calculada: 491729.24. 
01:20:59.437 [INFO]   [Bot] EMA(9) calculada: 491535.31. 
01:20:59.464 [INFO]   [Bot] MACD calculado: MACD=-204.12, Signal=491535.31. 
01:20:59.490 [INFO]   [Bot] Volatilidade calculada: 2.31%. 
01:20:59.517 [INFO]   [Bot] Análise fills históricos: Bias=0.00%, Sucesso=100.00%, PnL médio=5.47. 
01:20:59.553 [INFO]   [Bot] ADX calculado: 9.66. 
01:20:59.578 [INFO]   [Bot] Previsão de preço | {"trend":"down","confidence":"0.47","expectedProfit":"0.02","rsi":"41.01","emaShort":"491505.84","emaLong":"491652.30","...
01:20:59.601 [DEBUG]  [Bot] Convicção calculada: 46.6% | Tendência: NEUTRAL | Força: VERY_WEAK 
01:20:59.871 [ALERT]  [Bot] Saldo BRL muito baixo (0.07 < 9.83). Considere depositar mais fundos. 
01:20:59.879 [WARN]   [Bot] Saldo BRL insuficiente (0.07 < 1.28). Ignorando compra. 
01:20:59.918 [INFO]   [Bot] [DECISION] 🚫 BLOQUEADO | Ação: SELL_SIGNAL | Confiança: 22.5% | Score combinado insuficiente para operar 
01:21:00.003 [WARN]   [Bot] Ordem SELL cancelada por validação externa: Score combinado insuficiente para operar 
01:21:00.113 [DEBUG]  [Bot] PnL Calculation: Realized=0.00 | Unrealized=0.00 | Total=0.00 | Position=0.00000000 BTC | Cost Basis=0.00 BRL 
01:21:00.285 [DEBUG]  [Bot] [RECOVERY] Ponto registrado: PnL=R$ -186.04, Progresso=0.0%, Baseline=R$ -186.05 
01:21:00.291 [INFO]   [Bot] ────────────── Mini Dashboard ────────────── 
01:21:00.311 [INFO]   [Bot] Ciclo: 4 | Mid Price: 491598.50 | Tendência: down | Regime: BEARISH 
01:21:00.338 [INFO]   [Bot] 🔴 Convicção: 46.6% | Tendência Convicção: NEUTRAL | Força: VERY_WEAK 
01:21:00.373 [INFO]   [Bot]    Indicadores concordam: 2/6 | Nível volatilidade: VERY_LOW 
01:21:00.401 [INFO]   [Bot] 🌐 Tendência Externa: NEUTRAL (Score: 46/100, Confiança: 100%) 
01:21:00.427 [INFO]   [Bot] ⚠️ Alinhamento: Bot=DOWN vs Externo=NEUTRAL 
01:21:00.450 [INFO]   [Bot] RSI: 41.01 | EMA Curta: 491505.84 | EMA Longa: 491652.30 
01:21:00.477 [INFO]   [Bot] MACD: N/A | Signal: N/A | Volatilidade: 2.31% 
01:21:00.501 [INFO]   [Bot] Score Lucro Esperado: 0.02 | Confiança: 0.47 
01:21:00.524 [INFO]   [Bot] Spread: 1.500% | Buy Price: 489619.20 | Sell Price: 497018.99 
01:21:00.546 [INFO]   [Bot] Tamanho Ordens: 0.00000261 BTC | Depth Factor: 2.00 
01:21:00.595 [INFO]   [Bot] Viés Inventário (Skew): 0.005000 | Viés Tendência: -0.001500 | Total Bias: 0.003500 
01:21:00.618 [INFO]   [Bot] PnL Total: 0.00 BRL | ROI: 0.00% | PnL Não Realizado: 0.00 BRL 
01:21:00.642 [INFO]   [Bot] Posição BTC: 0.00000000 | Saldo BRL: 0.07 | Saldo BTC: 0.00006894 
01:21:00.658 [INFO]   [Bot] Ordens Ativas: 0 | Fills: 0 | Cancelamentos: 0 
01:21:00.684 [INFO]   [Bot] Taxa de Fill: 0.0% | Preço Médio Fill: 491598.50 BRL | Uptime: 2min 
01:21:00.731 [INFO]   [Bot] ──────────────────────────────────────────── 
01:21:28.920 [INFO]   [Bot] Iniciando ciclo 5. 
01:21:29.342 [SUCCESS] [Bot] Orderbook atualizado: Best Bid=491397.00, Best Ask=491803.00. 
01:21:29.387 [DEBUG]  [DB] Preço BTC armazenado: R$ 491600.00 
01:21:29.394 [INFO]   [Bot] Volatilidade calculada: 2.29%. 
01:21:29.406 [DEBUG]  [Bot] Volatilidade no ciclo 5: 2.29% 
01:21:29.426 [INFO]   [Bot] RSI calculado: 40.17. 
01:21:29.463 [INFO]   [Bot] EMA(8) calculada: 491546.39. 
01:21:29.504 [INFO]   [Bot] EMA(20) calculada: 491646.38. 
01:21:29.538 [INFO]   [Bot] EMA(12) calculada: 491481.52. 
01:21:29.571 [INFO]   [Bot] EMA(26) calculada: 491645.77. 
01:21:29.598 [INFO]   [Bot] EMA(9) calculada: 491535.51. 
01:21:29.630 [INFO]   [Bot] MACD calculado: MACD=-164.26, Signal=491535.51. 
01:21:29.654 [INFO]   [Bot] Volatilidade calculada: 2.29%. 
01:21:29.682 [INFO]   [Bot] Análise fills históricos: Bias=0.00%, Sucesso=100.00%, PnL médio=5.47. 
01:21:29.709 [INFO]   [Bot] ADX calculado: 8.53. 
01:21:29.742 [INFO]   [Bot] Previsão de preço | {"trend":"down","confidence":"0.47","expectedProfit":"0.02","rsi":"40.17","emaShort":"491546.39","emaLong":"491646.38","...
01:21:29.773 [DEBUG]  [Bot] Convicção calculada: 46.5% | Tendência: NEUTRAL | Força: VERY_WEAK 
01:21:30.386 [ALERT]  [Bot] Saldo BRL muito baixo (0.07 < 9.83). Considere depositar mais fundos. 
01:21:30.390 [WARN]   [Bot] Saldo BRL insuficiente (0.07 < 1.28). Ignorando compra. 
01:21:30.412 [INFO]   [Bot] [DECISION] 🚫 BLOQUEADO | Ação: SELL_SIGNAL | Confiança: 22.7% | Score combinado insuficiente para operar 
01:21:30.431 [WARN]   [Bot] Ordem SELL cancelada por validação externa: Score combinado insuficiente para operar 
01:21:30.462 [DEBUG]  [Bot] PnL Calculation: Realized=0.00 | Unrealized=0.00 | Total=0.00 | Position=0.00000000 BTC | Cost Basis=0.00 BRL 
01:21:30.567 [DEBUG]  [Bot] [RECOVERY] Ponto registrado: PnL=R$ -186.04, Progresso=0.0%, Baseline=R$ -186.05 
01:21:30.581 [INFO]   [Bot] Desempenho estável. Sem ajustes nos parâmetros. 
01:21:30.603 [INFO]   [Bot] ────────────── Mini Dashboard ────────────── 
01:21:30.626 [INFO]   [Bot] Ciclo: 5 | Mid Price: 491600.00 | Tendência: down | Regime: BEARISH 
01:21:30.658 [INFO]   [Bot] 🔴 Convicção: 46.5% | Tendência Convicção: NEUTRAL | Força: VERY_WEAK 
01:21:30.682 [INFO]   [Bot]    Indicadores concordam: 2/6 | Nível volatilidade: VERY_LOW 
01:21:30.707 [INFO]   [Bot] 🌐 Tendência Externa: NEUTRAL (Score: 46/100, Confiança: 100%) 
01:21:30.731 [INFO]   [Bot] ⚠️ Alinhamento: Bot=DOWN vs Externo=NEUTRAL 
01:21:30.753 [INFO]   [Bot] RSI: 40.17 | EMA Curta: 491546.39 | EMA Longa: 491646.38 
01:21:30.804 [INFO]   [Bot] MACD: N/A | Signal: N/A | Volatilidade: 2.29% 
01:21:30.825 [INFO]   [Bot] Score Lucro Esperado: 0.02 | Confiança: 0.47 
01:21:30.848 [INFO]   [Bot] Spread: 1.500% | Buy Price: 489620.69 | Sell Price: 497020.51 
01:21:30.900 [INFO]   [Bot] Tamanho Ordens: 0.00000261 BTC | Depth Factor: 0.45 
01:21:30.923 [INFO]   [Bot] Viés Inventário (Skew): 0.005000 | Viés Tendência: -0.001500 | Total Bias: 0.003500 
01:21:30.949 [INFO]   [Bot] PnL Total: 0.00 BRL | ROI: 0.00% | PnL Não Realizado: 0.00 BRL 
01:21:30.977 [INFO]   [Bot] Posição BTC: 0.00000000 | Saldo BRL: 0.07 | Saldo BTC: 0.00006894 
01:21:31.005 [INFO]   [Bot] Ordens Ativas: 0 | Fills: 0 | Cancelamentos: 0 
01:21:31.029 [INFO]   [Bot] Taxa de Fill: 0.0% | Preço Médio Fill: 491600.00 BRL | Uptime: 2min 
01:21:31.049 [INFO]   [Bot] ──────────────────────────────────────────── 
01:21:58.936 [INFO]   [Bot] Iniciando ciclo 6. 
01:21:59.210 [SUCCESS] [Bot] Orderbook atualizado: Best Bid=491397.00, Best Ask=491805.00. 
01:21:59.315 [DEBUG]  [DB] Preço BTC armazenado: R$ 491601.00 
01:21:59.321 [INFO]   [Bot] Volatilidade calculada: 2.27%. 
01:21:59.345 [DEBUG]  [Bot] Volatilidade no ciclo 6: 2.27% 
01:21:59.366 [INFO]   [Bot] RSI calculado: 45.71. 
01:21:59.386 [INFO]   [Bot] EMA(8) calculada: 491571.18. 
01:21:59.427 [INFO]   [Bot] EMA(20) calculada: 491663.87. 
01:21:59.457 [INFO]   [Bot] EMA(12) calculada: 491540.97. 
01:21:59.499 [INFO]   [Bot] EMA(26) calculada: 491637.13. 
01:21:59.524 [INFO]   [Bot] EMA(9) calculada: 491561.77. 
01:21:59.559 [INFO]   [Bot] MACD calculado: MACD=-96.16, Signal=491561.77. 
01:21:59.596 [INFO]   [Bot] Volatilidade calculada: 2.27%. 
01:21:59.619 [INFO]   [Bot] Análise fills históricos: Bias=0.00%, Sucesso=100.00%, PnL médio=5.47. 
01:21:59.641 [INFO]   [Bot] ADX calculado: 7.55. 
01:21:59.684 [INFO]   [Bot] Previsão de preço | {"trend":"down","confidence":"0.44","expectedProfit":"0.02","rsi":"45.71","emaShort":"491571.18","emaLong":"491663.87","...
01:21:59.715 [DEBUG]  [Bot] Convicção calculada: 46.5% | Tendência: NEUTRAL | Força: VERY_WEAK 
01:21:59.947 [ALERT]  [Bot] Saldo BRL muito baixo (0.07 < 9.83). Considere depositar mais fundos. 
01:21:59.957 [WARN]   [Bot] Saldo BRL insuficiente (0.07 < 1.28). Ignorando compra. 
01:22:00.023 [INFO]   [Bot] [DECISION] 🚫 BLOQUEADO | Ação: SELL_SIGNAL | Confiança: 21.1% | Score combinado insuficiente para operar 
01:22:00.097 [WARN]   [Bot] Ordem SELL cancelada por validação externa: Score combinado insuficiente para operar 
01:22:00.197 [DEBUG]  [Bot] PnL Calculation: Realized=0.00 | Unrealized=0.00 | Total=0.00 | Position=0.00000000 BTC | Cost Basis=0.00 BRL 
01:22:01.008 [DEBUG]  [Bot] [RECOVERY] Ponto registrado: PnL=R$ -186.04, Progresso=0.0%, Baseline=R$ -186.05 
01:22:01.011 [INFO]   [Bot] ────────────── Mini Dashboard ────────────── 
01:22:01.037 [INFO]   [Bot] Ciclo: 6 | Mid Price: 491601.00 | Tendência: down | Regime: BEARISH 
01:22:01.062 [INFO]   [Bot] 🔴 Convicção: 46.5% | Tendência Convicção: NEUTRAL | Força: VERY_WEAK 
01:22:01.090 [INFO]   [Bot]    Indicadores concordam: 2/6 | Nível volatilidade: VERY_LOW 
01:22:01.126 [INFO]   [Bot] 🌐 Tendência Externa: NEUTRAL (Score: 46/100, Confiança: 100%) 
01:22:01.149 [INFO]   [Bot] ⚠️ Alinhamento: Bot=DOWN vs Externo=NEUTRAL 
01:22:01.174 [INFO]   [Bot] RSI: 45.71 | EMA Curta: 491571.18 | EMA Longa: 491663.87 
01:22:01.198 [INFO]   [Bot] MACD: N/A | Signal: N/A | Volatilidade: 2.27% 
01:22:01.227 [INFO]   [Bot] Score Lucro Esperado: 0.02 | Confiança: 0.44 
01:22:01.251 [INFO]   [Bot] Spread: 1.500% | Buy Price: 489621.69 | Sell Price: 497021.52 
01:22:01.272 [INFO]   [Bot] Tamanho Ordens: 0.00000261 BTC | Depth Factor: 0.45 
01:22:01.307 [INFO]   [Bot] Viés Inventário (Skew): 0.005000 | Viés Tendência: -0.001500 | Total Bias: 0.003500 
01:22:01.358 [INFO]   [Bot] PnL Total: 0.00 BRL | ROI: 0.00% | PnL Não Realizado: 0.00 BRL 
01:22:01.396 [INFO]   [Bot] Posição BTC: 0.00000000 | Saldo BRL: 0.07 | Saldo BTC: 0.00006894 
01:22:01.436 [INFO]   [Bot] Ordens Ativas: 0 | Fills: 0 | Cancelamentos: 0 
01:22:01.468 [INFO]   [Bot] Taxa de Fill: 0.0% | Preço Médio Fill: 491601.00 BRL | Uptime: 3min 
01:22:01.504 [INFO]   [Bot] ──────────────────────────────────────────── 
01:22:28.951 [INFO]   [Bot] Iniciando ciclo 7. 
01:22:29.198 [SUCCESS] [Bot] Orderbook atualizado: Best Bid=491397.00, Best Ask=491754.00. 
01:22:29.258 [DEBUG]  [DB] Preço BTC armazenado: R$ 491575.50 
01:22:29.266 [INFO]   [Bot] Volatilidade calculada: 2.25%. 
01:22:29.291 [DEBUG]  [Bot] Volatilidade no ciclo 7: 2.25% 
01:22:29.313 [INFO]   [Bot] RSI calculado: 87.65. 
01:22:29.331 [INFO]   [Bot] EMA(8) calculada: 491590.23. 
01:22:29.351 [INFO]   [Bot] EMA(20) calculada: 491632.82. 
01:22:29.385 [INFO]   [Bot] EMA(12) calculada: 491554.15. 
01:22:29.419 [INFO]   [Bot] EMA(26) calculada: 491655.90. 
01:22:29.448 [INFO]   [Bot] EMA(9) calculada: 491569.29. 
01:22:29.471 [INFO]   [Bot] MACD calculado: MACD=-101.75, Signal=491569.29. 
01:22:29.512 [INFO]   [Bot] Volatilidade calculada: 2.25%. 
01:22:29.545 [INFO]   [Bot] Análise fills históricos: Bias=0.00%, Sucesso=100.00%, PnL médio=5.47. 
01:22:29.565 [INFO]   [Bot] ADX calculado: 6.93. 
01:22:29.591 [INFO]   [Bot] Previsão de preço | {"trend":"down","confidence":"0.64","expectedProfit":"0.03","rsi":"87.65","emaShort":"491590.23","emaLong":"491632.82","...
01:22:29.616 [DEBUG]  [Bot] Convicção calculada: 44.1% | Tendência: DOWN | Força: VERY_WEAK 
01:22:30.097 [ALERT]  [Bot] Saldo BRL muito baixo (0.07 < 9.83). Considere depositar mais fundos. 
01:22:30.109 [WARN]   [Bot] Saldo BRL insuficiente (0.07 < 1.31). Ignorando compra. 
01:22:30.156 [INFO]   [Bot] [DECISION] ✅ PERMITIDO | Ação: SELL_SIGNAL | Confiança: 30.6% | Score negativo: 0.383 
2026-01-13T01:22:30.178Z [INFO]   Placing SELL order: 0.00001000 BTC-BRL at 496995.74
2026-01-13T01:22:30.351Z [INFO]   Final order parameters: {
  async: true,
  externalId: 'ORD_1768267350178',
  limitPrice: 496996,
  qty: '0.00001000',
  side: 'sell',
  stopPrice: 0,
  type: 'limit'
}
01:22:30.882 [INFO]   [DB] Ordem salva: 01KETF50SBHJDYH1HP81XR5079 (SELL @ 496995.74, Qty: 0.00001000) 
01:22:30.886 [SUCCESS] [Bot] Ordem SELL 01KETF50SBHJDYH1HP81XR5079 colocada @ R$496995.74, Qty: 0.00001000, Taxa Estimada: 0.30% 
01:22:30.940 [SUCCESS] [Bot] Ordem SELL validada: Score negativo: 0.383 
01:22:30.983 [DEBUG]  [Bot] PnL Calculation: Realized=0.00 | Unrealized=0.00 | Total=0.00 | Position=0.00000000 BTC | Cost Basis=0.00 BRL 
01:22:31.074 [DEBUG]  [Bot] [RECOVERY] Ponto registrado: PnL=R$ -186.04, Progresso=0.0%, Baseline=R$ -186.05 
01:22:31.081 [INFO]   [Bot] ────────────── Mini Dashboard ────────────── 
01:22:31.109 [INFO]   [Bot] Ciclo: 7 | Mid Price: 491575.50 | Tendência: down | Regime: BEARISH 
01:22:31.135 [INFO]   [Bot] 🔴 Convicção: 44.1% | Tendência Convicção: DOWN | Força: VERY_WEAK 
01:22:31.157 [INFO]   [Bot]    Indicadores concordam: 3/6 | Nível volatilidade: VERY_LOW 
01:22:31.176 [INFO]   [Bot] 🌐 Tendência Externa: NEUTRAL (Score: 46/100, Confiança: 100%) 
01:22:31.201 [INFO]   [Bot] ⚠️ Alinhamento: Bot=DOWN vs Externo=NEUTRAL 
01:22:31.221 [INFO]   [Bot] RSI: 87.65 | EMA Curta: 491590.23 | EMA Longa: 491632.82 
01:22:31.246 [INFO]   [Bot] MACD: N/A | Signal: N/A | Volatilidade: 2.25% 
01:22:31.272 [INFO]   [Bot] Score Lucro Esperado: 0.03 | Confiança: 0.64 
01:22:31.297 [INFO]   [Bot] Spread: 1.500% | Buy Price: 489596.29 | Sell Price: 496995.74 
01:22:31.321 [INFO]   [Bot] Tamanho Ordens: 0.00000266 BTC | Depth Factor: 0.45 
01:22:31.341 [INFO]   [Bot] Viés Inventário (Skew): 0.005000 | Viés Tendência: -0.001500 | Total Bias: 0.003500 
01:22:31.357 [INFO]   [Bot] PnL Total: 0.00 BRL | ROI: 0.00% | PnL Não Realizado: 0.00 BRL 
01:22:31.400 [INFO]   [Bot] Posição BTC: 0.00000000 | Saldo BRL: 0.07 | Saldo BTC: 0.00006894 
01:22:31.424 [INFO]   [Bot] Ordens Ativas: 1 | Fills: 0 | Cancelamentos: 0 
01:22:31.444 [INFO]   [Bot] Taxa de Fill: 0.0% | Preço Médio Fill: 491575.50 BRL | Uptime: 3min 
01:22:31.467 [INFO]   [Bot] ──────────────────────────────────────────── 
01:22:58.952 [INFO]   [Bot] Iniciando ciclo 8. 
01:22:59.189 [SUCCESS] [Bot] Orderbook atualizado: Best Bid=491397.00, Best Ask=491760.00. 
01:22:59.259 [DEBUG]  [DB] Preço BTC armazenado: R$ 491578.50 
01:22:59.268 [INFO]   [Bot] Volatilidade calculada: 2.23%. 
01:22:59.287 [DEBUG]  [Bot] Volatilidade no ciclo 8: 2.23% 
01:22:59.323 [INFO]   [Bot] RSI calculado: 86.18. 
01:22:59.346 [INFO]   [Bot] EMA(8) calculada: 491585.80. 
01:22:59.366 [INFO]   [Bot] EMA(20) calculada: 491563.32. 
01:22:59.384 [INFO]   [Bot] EMA(12) calculada: 491564.30. 
01:22:59.400 [INFO]   [Bot] EMA(26) calculada: 491648.41. 
01:22:59.422 [INFO]   [Bot] EMA(9) calculada: 491586.51. 
01:22:59.442 [INFO]   [Bot] MACD calculado: MACD=-84.12, Signal=491586.51. 
01:22:59.460 [INFO]   [Bot] Volatilidade calculada: 2.23%. 
01:22:59.476 [INFO]   [Bot] Análise fills históricos: Bias=0.00%, Sucesso=100.00%, PnL médio=5.47. 
01:22:59.497 [INFO]   [Bot] ADX calculado: 6.37. 
01:22:59.566 [INFO]   [Bot] Previsão de preço | {"trend":"up","confidence":"0.63","expectedProfit":"0.04","rsi":"86.18","emaShort":"491585.80","emaLong":"491563.32","vo...
01:22:59.673 [DEBUG]  [Bot] Convicção calculada: 53.3% | Tendência: NEUTRAL | Força: WEAK 
01:23:00.010 [DEBUG]  [Bot] Status ordem 01KETF50SBHJDYH1HP81XR5079: working, Filled: 0.00000000. 
01:23:00.059 [INFO]   [Bot] Cancelando ordem SELL 01KETF50SBHJDYH1HP81XR5079 @ R$496995.74, Qty: 0.00001000. 
01:23:00.359 [INFO]   [DB] Ordem salva: 01KETF50SBHJDYH1HP81XR5079 (SELL @ 496995.74, Qty: 0.00001000) 
01:23:00.362 [SUCCESS] [Bot] Ordem SELL 01KETF50SBHJDYH1HP81XR5079 cancelada com sucesso. 
01:23:00.380 [SUCCESS] [Bot] Take-profit acionado para ordem SELL. 
01:23:01.064 [ALERT]  [Bot] Saldo BRL muito baixo (0.07 < 9.83). Considere depositar mais fundos. 
01:23:01.066 [WARN]   [Bot] Saldo BRL insuficiente (0.07 < 2.67). Ignorando compra. 
01:23:01.082 [INFO]   [Bot] [DECISION] ✅ PERMITIDO | Ação: BUY_SIGNAL | Confiança: 30.2% | Score positivo: 0.377 
01:23:01.101 [WARN]   [Bot] Ordem SELL cancelada por validação externa: Motor de decisão recomenda COMPRA mas tentando vender 
01:23:01.152 [DEBUG]  [Bot] PnL Calculation: Realized=0.00 | Unrealized=0.00 | Total=0.00 | Position=0.00000000 BTC | Cost Basis=0.00 BRL 
01:23:01.199 [DEBUG]  [Bot] [RECOVERY] Ponto registrado: PnL=R$ -186.04, Progresso=0.0%, Baseline=R$ -186.05 
01:23:01.205 [INFO]   [Bot] ────────────── Mini Dashboard ────────────── 
01:23:01.767 [INFO]   [Bot] Ciclo: 8 | Mid Price: 491578.50 | Tendência: up | Regime: BULLISH 
01:23:02.089 [INFO]   [Bot] 🟡 Convicção: 53.3% | Tendência Convicção: NEUTRAL | Força: WEAK 
01:23:02.110 [INFO]   [Bot]    Indicadores concordam: 3/6 | Nível volatilidade: VERY_LOW 
01:23:02.172 [INFO]   [Bot] 🌐 Tendência Externa: NEUTRAL (Score: 46/100, Confiança: 100%) 
01:23:02.244 [INFO]   [Bot] ⚠️ Alinhamento: Bot=UP vs Externo=NEUTRAL 
01:23:02.279 [INFO]   [Bot] RSI: 86.18 | EMA Curta: 491585.80 | EMA Longa: 491563.32 
01:23:02.312 [INFO]   [Bot] MACD: N/A | Signal: N/A | Volatilidade: 2.23% 
01:23:02.367 [INFO]   [Bot] Score Lucro Esperado: 0.04 | Confiança: 0.63 
01:23:02.413 [INFO]   [Bot] Spread: 1.500% | Buy Price: 491062.95 | Sell Price: 498484.57 
01:23:02.465 [INFO]   [Bot] Tamanho Ordens: 0.00000543 BTC | Depth Factor: 0.45 
01:23:02.507 [INFO]   [Bot] Viés Inventário (Skew): 0.005000 | Viés Tendência: 0.001500 | Total Bias: 0.006500 
01:23:02.535 [INFO]   [Bot] PnL Total: 0.00 BRL | ROI: 0.00% | PnL Não Realizado: 0.00 BRL 
01:23:02.581 [INFO]   [Bot] Posição BTC: 0.00000000 | Saldo BRL: 0.07 | Saldo BTC: 0.00006894 
01:23:02.628 [INFO]   [Bot] Ordens Ativas: 0 | Fills: 0 | Cancelamentos: 1 
01:23:02.657 [INFO]   [Bot] Taxa de Fill: 0.0% | Preço Médio Fill: 491578.50 BRL | Uptime: 4min 
01:23:02.694 [INFO]   [Bot] ──────────────────────────────────────────── 
01:23:28.968 [INFO]   [Bot] Iniciando ciclo 9. 
01:23:29.231 [SUCCESS] [Bot] Orderbook atualizado: Best Bid=491397.00, Best Ask=491753.00. 
01:23:29.304 [DEBUG]  [DB] Preço BTC armazenado: R$ 491575.00 
01:23:29.308 [INFO]   [Bot] Volatilidade calculada: 2.21%. 
01:23:29.337 [DEBUG]  [Bot] Volatilidade no ciclo 9: 2.21% 
01:23:29.367 [INFO]   [Bot] RSI calculado: 82.32. 
01:23:29.407 [INFO]   [Bot] EMA(8) calculada: 491581.66. 
01:23:29.437 [INFO]   [Bot] EMA(20) calculada: 491503.03. 
01:23:29.467 [INFO]   [Bot] EMA(12) calculada: 491584.78. 
01:23:29.489 [INFO]   [Bot] EMA(26) calculada: 491663.70. 
01:23:29.512 [INFO]   [Bot] EMA(9) calculada: 491582.53. 
01:23:29.533 [INFO]   [Bot] MACD calculado: MACD=-78.92, Signal=491582.53. 
01:23:29.558 [INFO]   [Bot] Volatilidade calculada: 2.21%. 
01:23:29.580 [INFO]   [Bot] Análise fills históricos: Bias=0.00%, Sucesso=100.00%, PnL médio=5.47. 
01:23:29.608 [INFO]   [Bot] ADX calculado: 5.92. 
01:23:29.635 [INFO]   [Bot] Previsão de preço | {"trend":"neutral","confidence":"0.60","expectedProfit":"0.04","rsi":"82.32","emaShort":"491581.66","emaLong":"491503.03...
01:23:29.662 [DEBUG]  [Bot] Convicção calculada: 53.3% | Tendência: NEUTRAL | Força: WEAK 
01:23:29.952 [ALERT]  [Bot] Saldo BRL muito baixo (0.07 < 9.83). Considere depositar mais fundos. 
01:23:29.957 [WARN]   [Bot] Saldo BRL insuficiente (0.07 < 2.67). Ignorando compra. 
01:23:29.993 [INFO]   [Bot] [DECISION] ✅ PERMITIDO | Ação: HOLD | Confiança: 96.3% | Alinhamento forte entre análises 
2026-01-13T01:23:30.028Z [INFO]   Placing SELL order: 0.00001000 BTC-BRL at 497738.13
2026-01-13T01:23:30.209Z [INFO]   Final order parameters: {
  async: true,
  externalId: 'ORD_1768267410028',
  limitPrice: 497738,
  qty: '0.00001000',
  side: 'sell',
  stopPrice: 0,
  type: 'limit'
}
01:23:30.782 [INFO]   [DB] Ordem salva: 01KETF6VABFFPKZ23PYZ023QBT (SELL @ 497738.13, Qty: 0.00001000) 
01:23:30.787 [SUCCESS] [Bot] Ordem SELL 01KETF6VABFFPKZ23PYZ023QBT colocada @ R$497738.13, Qty: 0.00001000, Taxa Estimada: 0.30% 
01:23:30.814 [SUCCESS] [Bot] Ordem SELL validada: Market making em regime NEUTRAL (consenso entre bot e externo) 
01:23:30.854 [DEBUG]  [Bot] PnL Calculation: Realized=0.00 | Unrealized=0.00 | Total=0.00 | Position=0.00000000 BTC | Cost Basis=0.00 BRL 
01:23:30.972 [DEBUG]  [Bot] [RECOVERY] Ponto registrado: PnL=R$ -186.04, Progresso=0.0%, Baseline=R$ -186.05 
01:23:30.979 [INFO]   [Bot] ────────────── Mini Dashboard ────────────── 
01:23:31.001 [INFO]   [Bot] Ciclo: 9 | Mid Price: 491575.00 | Tendência: neutral | Regime: BULLISH 
01:23:31.032 [INFO]   [Bot] 🟡 Convicção: 53.3% | Tendência Convicção: NEUTRAL | Força: WEAK 
01:23:31.100 [INFO]   [Bot]    Indicadores concordam: 3/6 | Nível volatilidade: VERY_LOW 
01:23:31.176 [INFO]   [Bot] 🌐 Tendência Externa: NEUTRAL (Score: 46/100, Confiança: 100%) 
01:23:31.226 [INFO]   [Bot] ✅ Alinhamento: Bot=NEUTRAL vs Externo=NEUTRAL 
01:23:31.259 [INFO]   [Bot] RSI: 82.32 | EMA Curta: 491581.66 | EMA Longa: 491503.03 
01:23:31.287 [INFO]   [Bot] MACD: N/A | Signal: N/A | Volatilidade: 2.21% 
01:23:31.317 [INFO]   [Bot] Score Lucro Esperado: 0.04 | Confiança: 0.60 
01:23:31.355 [INFO]   [Bot] Spread: 1.500% | Buy Price: 490327.62 | Sell Price: 497738.13 
01:23:31.387 [INFO]   [Bot] Tamanho Ordens: 0.00000543 BTC | Depth Factor: 0.45 
01:23:31.418 [INFO]   [Bot] Viés Inventário (Skew): 0.005000 | Viés Tendência: 0.000000 | Total Bias: 0.005000 
01:23:31.467 [INFO]   [Bot] PnL Total: 0.00 BRL | ROI: 0.00% | PnL Não Realizado: 0.00 BRL 
01:23:31.497 [INFO]   [Bot] Posição BTC: 0.00000000 | Saldo BRL: 0.07 | Saldo BTC: 0.00006894 
01:23:31.529 [INFO]   [Bot] Ordens Ativas: 1 | Fills: 0 | Cancelamentos: 1 
01:23:31.566 [INFO]   [Bot] Taxa de Fill: 0.0% | Preço Médio Fill: 491575.00 BRL | Uptime: 4min 
01:23:31.595 [INFO]   [Bot] ──────────────────────────────────────────── 
01:23:58.982 [INFO]   [Bot] Iniciando ciclo 10. 
01:23:59.312 [SUCCESS] [Bot] Orderbook atualizado: Best Bid=491300.00, Best Ask=491705.00. 
01:23:59.353 [DEBUG]  [DB] Preço BTC armazenado: R$ 491502.50 
01:23:59.362 [INFO]   [Bot] Volatilidade calculada: 2.20%. 
01:23:59.400 [DEBUG]  [Bot] Volatilidade no ciclo 10: 2.20% 
01:23:59.475 [INFO]   [Bot] Fase de teste concluída. Iniciando operação normal. 
01:23:59.531 [INFO]   [Bot] RSI calculado: 5.14. 
01:23:59.579 [INFO]   [Bot] EMA(8) calculada: 491546.97. 
01:23:59.612 [INFO]   [Bot] EMA(20) calculada: 491532.32. 
01:23:59.648 [INFO]   [Bot] EMA(12) calculada: 491561.61. 
01:23:59.679 [INFO]   [Bot] EMA(26) calculada: 491625.14. 
01:23:59.734 [INFO]   [Bot] EMA(9) calculada: 491553.83. 
01:23:59.760 [INFO]   [Bot] MACD calculado: MACD=-63.52, Signal=491553.83. 
01:23:59.798 [INFO]   [Bot] Volatilidade calculada: 2.20%. 
01:23:59.839 [INFO]   [Bot] Análise fills históricos: Bias=0.00%, Sucesso=100.00%, PnL médio=5.47. 
01:23:59.876 [INFO]   [Bot] ADX calculado: 6.47. 
01:23:59.902 [INFO]   [Bot] Previsão de preço | {"trend":"down","confidence":"0.68","expectedProfit":"0.03","rsi":"5.14","emaShort":"491546.97","emaLong":"491532.32","v...
01:23:59.933 [DEBUG]  [Bot] Convicção calculada: 57.2% | Tendência: NEUTRAL | Força: WEAK 
01:24:00.181 [DEBUG]  [Bot] Status ordem 01KETF6VABFFPKZ23PYZ023QBT: working, Filled: 0.00000000. 
01:24:00.188 [INFO]   [Bot] Cancelando ordem SELL 01KETF6VABFFPKZ23PYZ023QBT @ R$497738.13, Qty: 0.00001000. 
01:24:00.664 [INFO]   [DB] Ordem salva: 01KETF6VABFFPKZ23PYZ023QBT (SELL @ 497738.13, Qty: 0.00001000) 
01:24:00.670 [SUCCESS] [Bot] Ordem SELL 01KETF6VABFFPKZ23PYZ023QBT cancelada com sucesso. 
01:24:00.705 [SUCCESS] [Bot] Take-profit acionado para ordem SELL. 
01:24:00.971 [ALERT]  [Bot] Saldo BRL muito baixo (0.07 < 9.83). Considere depositar mais fundos. 
01:24:00.974 [WARN]   [Bot] Saldo BRL insuficiente (0.07 < 5.23). Ignorando compra. 
01:24:01.004 [INFO]   [Bot] [DECISION] ✅ PERMITIDO | Ação: SELL_SIGNAL | Confiança: 32.6% | Score negativo: 0.407 
2026-01-13T01:24:01.035Z [INFO]   Placing SELL order: 0.00001060 BTC-BRL at 496921.93
2026-01-13T01:24:01.256Z [INFO]   Final order parameters: {
  async: true,
  externalId: 'ORD_1768267441035',
  limitPrice: 496922,
  qty: '0.00001060',
  side: 'sell',
  stopPrice: 0,
  type: 'limit'
}
01:24:01.586 [INFO]   [DB] Ordem salva: 01KETF7SC9CS0M0GVJ2WD68S01 (SELL @ 496921.93, Qty: 0.00001060) 
01:24:01.596 [SUCCESS] [Bot] Ordem SELL 01KETF7SC9CS0M0GVJ2WD68S01 colocada @ R$496921.93, Qty: 0.00001060, Taxa Estimada: 0.30% 
01:24:01.624 [SUCCESS] [Bot] Ordem SELL validada: Score negativo: 0.407 
01:24:01.658 [DEBUG]  [Bot] PnL Calculation: Realized=0.00 | Unrealized=0.00 | Total=0.00 | Position=0.00000000 BTC | Cost Basis=0.00 BRL 
01:24:01.757 [DEBUG]  [Bot] [RECOVERY] Ponto registrado: PnL=R$ -186.05, Progresso=0.0%, Baseline=R$ -186.05 
01:24:01.778 [INFO]   [Bot] Desempenho estável. Sem ajustes nos parâmetros. 
01:24:01.802 [INFO]   [Bot] ────────────── Mini Dashboard ────────────── 
01:24:01.833 [INFO]   [Bot] Ciclo: 10 | Mid Price: 491502.50 | Tendência: down | Regime: BEARISH 
01:24:01.862 [INFO]   [Bot] 🟡 Convicção: 57.2% | Tendência Convicção: NEUTRAL | Força: WEAK 
01:24:01.900 [INFO]   [Bot]    Indicadores concordam: 4/6 | Nível volatilidade: VERY_LOW 
01:24:01.923 [INFO]   [Bot] 🌐 Tendência Externa: NEUTRAL (Score: 46/100, Confiança: 100%) 
01:24:01.965 [INFO]   [Bot] ⚠️ Alinhamento: Bot=DOWN vs Externo=NEUTRAL 
01:24:02.001 [INFO]   [Bot] RSI: 5.14 | EMA Curta: 491546.97 | EMA Longa: 491532.32 
01:24:02.034 [INFO]   [Bot] MACD: N/A | Signal: N/A | Volatilidade: 2.20% 
01:24:02.071 [INFO]   [Bot] Score Lucro Esperado: 0.03 | Confiança: 0.68 
01:24:02.106 [INFO]   [Bot] Spread: 1.500% | Buy Price: 489523.58 | Sell Price: 496921.93 
01:24:02.138 [INFO]   [Bot] Tamanho Ordens: 0.00001064 BTC | Depth Factor: 0.46 
01:24:02.175 [INFO]   [Bot] Viés Inventário (Skew): 0.005000 | Viés Tendência: -0.001500 | Total Bias: 0.003500 
01:24:02.221 [INFO]   [Bot] PnL Total: 0.00 BRL | ROI: 0.00% | PnL Não Realizado: 0.00 BRL 
01:24:02.257 [INFO]   [Bot] Posição BTC: 0.00000000 | Saldo BRL: 0.07 | Saldo BTC: 0.00006894 
01:24:02.283 [INFO]   [Bot] Ordens Ativas: 1 | Fills: 0 | Cancelamentos: 2 
01:24:02.320 [INFO]   [Bot] Taxa de Fill: 0.0% | Preço Médio Fill: 491502.50 BRL | Uptime: 5min 
01:24:02.351 [INFO]   [Bot] ──────────────────────────────────────────── 
01:24:28.997 [INFO]   [Bot] Iniciando ciclo 11. 
01:24:29.312 [SUCCESS] [Bot] Orderbook atualizado: Best Bid=491166.00, Best Ask=491549.00. 
01:24:29.491 [DEBUG]  [DB] Preço BTC armazenado: R$ 491357.50 
01:24:29.583 [INFO]   [Bot] Volatilidade calculada: 2.18%. 
01:24:29.736 [DEBUG]  [Bot] Volatilidade no ciclo 11: 2.18% 
01:24:29.760 [INFO]   [Bot] RSI calculado: 1.60. 
01:24:29.795 [INFO]   [Bot] EMA(8) calculada: 491472.52. 
01:24:29.837 [INFO]   [Bot] EMA(20) calculada: 491503.98. 
01:24:29.859 [INFO]   [Bot] EMA(12) calculada: 491503.78. 
01:24:29.886 [INFO]   [Bot] EMA(26) calculada: 491527.28. 
01:24:29.912 [INFO]   [Bot] EMA(9) calculada: 491480.41. 
01:24:29.932 [INFO]   [Bot] MACD calculado: MACD=-23.51, Signal=491480.41. 
01:24:29.965 [INFO]   [Bot] Volatilidade calculada: 2.18%. 
01:24:30.010 [INFO]   [Bot] Análise fills históricos: Bias=0.00%, Sucesso=100.00%, PnL médio=5.47. 
01:24:30.039 [INFO]   [Bot] ADX calculado: 8.68. 
01:24:30.095 [INFO]   [Bot] Previsão de preço | {"trend":"down","confidence":"0.70","expectedProfit":"0.02","rsi":"1.60","emaShort":"491472.52","emaLong":"491503.98","v...
01:24:30.167 [DEBUG]  [Bot] Convicção calculada: 47.8% | Tendência: DOWN | Força: VERY_WEAK 
01:24:30.256 [WARN]   [Bot] Confiança baixa (47.8%). Operando em modo conservador com spread expandido. 
01:24:30.596 [DEBUG]  [Bot] Status ordem 01KETF7SC9CS0M0GVJ2WD68S01: working, Filled: 0.00000000. 
01:24:30.621 [INFO]   [Bot] Cancelando ordem SELL 01KETF7SC9CS0M0GVJ2WD68S01 @ R$496921.93, Qty: 0.00001060. 
01:24:31.498 [INFO]   [DB] Ordem salva: 01KETF7SC9CS0M0GVJ2WD68S01 (SELL @ 496921.93, Qty: 0.00001060) 
01:24:31.508 [SUCCESS] [Bot] Ordem SELL 01KETF7SC9CS0M0GVJ2WD68S01 cancelada com sucesso. 
01:24:31.544 [SUCCESS] [Bot] Take-profit acionado para ordem SELL. 
01:24:32.478 [ALERT]  [Bot] Saldo BRL muito baixo (0.07 < 9.83). Considere depositar mais fundos. 
01:24:32.532 [WARN]   [Bot] Saldo BRL insuficiente (0.07 < 1.54). Ignorando compra. 
01:24:32.612 [INFO]   [Bot] [DECISION] ✅ PERMITIDO | Ação: SELL_SIGNAL | Confiança: 33.6% | Score negativo: 0.420 
2026-01-13T01:24:32.776Z [INFO]   Placing SELL order: 0.00001000 BTC-BRL at 496775.34
2026-01-13T01:24:32.952Z [INFO]   Final order parameters: {
  async: true,
  externalId: 'ORD_1768267472776',
  limitPrice: 496775,
  qty: '0.00001000',
  side: 'sell',
  stopPrice: 0,
  type: 'limit'
}
01:24:33.500 [INFO]   [DB] Ordem salva: 01KETF8RFNZD9FHBQKKDZJCEF7 (SELL @ 496775.34, Qty: 0.00001000) 
01:24:33.510 [SUCCESS] [Bot] Ordem SELL 01KETF8RFNZD9FHBQKKDZJCEF7 colocada @ R$496775.34, Qty: 0.00001000, Taxa Estimada: 0.30% 
01:24:33.562 [SUCCESS] [Bot] Ordem SELL validada: Score negativo: 0.420 
01:24:33.685 [DEBUG]  [Bot] PnL Calculation: Realized=0.00 | Unrealized=0.00 | Total=0.00 | Position=0.00000000 BTC | Cost Basis=0.00 BRL 
01:24:34.114 [WARN]   [Bot] [RECOVERY] Baseline atualizado: R$ -186.05 → R$ -186.06 
01:24:34.172 [DEBUG]  [Bot] [RECOVERY] Ponto registrado: PnL=R$ -186.06, Progresso=0.0%, Baseline=R$ -186.06 
01:24:34.178 [INFO]   [Bot] ────────────── Mini Dashboard ────────────── 
01:24:34.199 [INFO]   [Bot] Ciclo: 11 | Mid Price: 491357.50 | Tendência: down | Regime: BEARISH 
01:24:34.219 [INFO]   [Bot] 🔴 Convicção: 47.8% | Tendência Convicção: DOWN | Força: VERY_WEAK 
01:24:34.236 [INFO]   [Bot]    Indicadores concordam: 3/6 | Nível volatilidade: VERY_LOW 
01:24:34.260 [INFO]   [Bot] 🌐 Tendência Externa: NEUTRAL (Score: 46/100, Confiança: 100%) 
01:24:34.278 [INFO]   [Bot] ⚠️ Alinhamento: Bot=DOWN vs Externo=NEUTRAL 
01:24:34.298 [INFO]   [Bot] RSI: 1.60 | EMA Curta: 491472.52 | EMA Longa: 491503.98 
01:24:34.318 [INFO]   [Bot] MACD: N/A | Signal: N/A | Volatilidade: 2.18% 
01:24:34.339 [INFO]   [Bot] Score Lucro Esperado: 0.02 | Confiança: 0.70 
01:24:34.359 [INFO]   [Bot] Spread: 1.800% | Buy Price: 489379.17 | Sell Price: 496775.34 
01:24:34.397 [INFO]   [Bot] Tamanho Ordens: 0.00000313 BTC | Depth Factor: 0.49 
01:24:34.419 [INFO]   [Bot] Viés Inventário (Skew): 0.005000 | Viés Tendência: -0.001500 | Total Bias: 0.003500 
01:24:34.440 [INFO]   [Bot] PnL Total: 0.00 BRL | ROI: 0.00% | PnL Não Realizado: 0.00 BRL 
01:24:34.460 [INFO]   [Bot] Posição BTC: 0.00000000 | Saldo BRL: 0.07 | Saldo BTC: 0.00006894 
01:24:34.488 [INFO]   [Bot] Ordens Ativas: 1 | Fills: 0 | Cancelamentos: 3 
01:24:34.512 [INFO]   [Bot] Taxa de Fill: 0.0% | Preço Médio Fill: 491357.50 BRL | Uptime: 5min 
01:24:34.546 [INFO]   [Bot] ──────────────────────────────────────────── 
01:24:59.011 [INFO]   [Bot] Iniciando ciclo 12. 
01:24:59.464 [SUCCESS] [Bot] Orderbook atualizado: Best Bid=491168.00, Best Ask=491522.00. 
01:24:59.655 [DEBUG]  [DB] Preço BTC armazenado: R$ 491345.00 
01:24:59.678 [INFO]   [Bot] Volatilidade calculada: 2.17%. 
01:24:59.694 [DEBUG]  [Bot] Volatilidade no ciclo 12: 2.17% 
01:24:59.714 [INFO]   [Bot] RSI calculado: 1.15. 
01:24:59.733 [INFO]   [Bot] EMA(8) calculada: 491421.67. 
01:24:59.754 [INFO]   [Bot] EMA(20) calculada: 491478.38. 
01:24:59.773 [INFO]   [Bot] EMA(12) calculada: 491455.24. 
01:24:59.792 [INFO]   [Bot] EMA(26) calculada: 491439.79. 
01:24:59.812 [INFO]   [Bot] EMA(9) calculada: 491431.98. 
01:24:59.829 [INFO]   [Bot] MACD calculado: MACD=15.46, Signal=491431.98. 
01:24:59.847 [INFO]   [Bot] Volatilidade calculada: 2.17%. 
01:24:59.872 [INFO]   [Bot] Análise fills históricos: Bias=0.00%, Sucesso=100.00%, PnL médio=5.47. 
01:24:59.890 [INFO]   [Bot] ADX calculado: 10.73. 
01:24:59.909 [INFO]   [Bot] Previsão de preço | {"trend":"down","confidence":"0.70","expectedProfit":"0.02","rsi":"1.15","emaShort":"491421.67","emaLong":"491478.38","v...
01:25:00.079 [DEBUG]  [Bot] Convicção calculada: 47.7% | Tendência: DOWN | Força: VERY_WEAK 
01:25:00.313 [WARN]   [Bot] Confiança baixa (47.7%). Operando em modo conservador com spread expandido. 
01:25:00.669 [DEBUG]  [Bot] Status ordem 01KETF8RFNZD9FHBQKKDZJCEF7: working, Filled: 0.00000000. 
01:25:00.724 [INFO]   [Bot] Cancelando ordem SELL 01KETF8RFNZD9FHBQKKDZJCEF7 @ R$496775.34, Qty: 0.00001000. 
01:25:01.061 [INFO]   [DB] Ordem salva: 01KETF8RFNZD9FHBQKKDZJCEF7 (SELL @ 496775.34, Qty: 0.00001000) 
01:25:01.064 [SUCCESS] [Bot] Ordem SELL 01KETF8RFNZD9FHBQKKDZJCEF7 cancelada com sucesso. 
01:25:01.096 [SUCCESS] [Bot] Take-profit acionado para ordem SELL. 
01:25:01.420 [ALERT]  [Bot] Saldo BRL muito baixo (0.07 < 9.83). Considere depositar mais fundos. 
01:25:01.432 [WARN]   [Bot] Saldo BRL insuficiente (0.07 < 1.53). Ignorando compra. 
01:25:01.472 [INFO]   [Bot] [DECISION] ✅ PERMITIDO | Ação: SELL_SIGNAL | Confiança: 33.7% | Score negativo: 0.421 
2026-01-13T01:25:01.506Z [INFO]   Placing SELL order: 0.00001000 BTC-BRL at 496762.7
2026-01-13T01:25:01.701Z [INFO]   Final order parameters: {
  async: true,
  externalId: 'ORD_1768267501506',
  limitPrice: 496763,
  qty: '0.00001000',
  side: 'sell',
  stopPrice: 0,
  type: 'limit'
}
01:25:02.390 [INFO]   [DB] Ordem salva: 01KETF9ME6NKF31GDGEPX2KWYT (SELL @ 496762.70, Qty: 0.00001000) 
01:25:02.399 [SUCCESS] [Bot] Ordem SELL 01KETF9ME6NKF31GDGEPX2KWYT colocada @ R$496762.70, Qty: 0.00001000, Taxa Estimada: 0.30% 
01:25:02.428 [SUCCESS] [Bot] Ordem SELL validada: Score negativo: 0.421 
01:25:02.459 [DEBUG]  [Bot] PnL Calculation: Realized=0.00 | Unrealized=0.00 | Total=0.00 | Position=0.00000000 BTC | Cost Basis=0.00 BRL 
01:25:02.615 [DEBUG]  [Bot] [RECOVERY] Ponto registrado: PnL=R$ -186.06, Progresso=0.0%, Baseline=R$ -186.06 
01:25:02.628 [INFO]   [Bot] ────────────── Mini Dashboard ────────────── 
01:25:02.668 [INFO]   [Bot] Ciclo: 12 | Mid Price: 491345.00 | Tendência: down | Regime: BEARISH 
01:25:02.778 [INFO]   [Bot] 🔴 Convicção: 47.7% | Tendência Convicção: DOWN | Força: VERY_WEAK 
01:25:02.844 [INFO]   [Bot]    Indicadores concordam: 3/6 | Nível volatilidade: VERY_LOW 
01:25:02.877 [INFO]   [Bot] 🌐 Tendência Externa: NEUTRAL (Score: 46/100, Confiança: 100%) 
01:25:02.911 [INFO]   [Bot] ⚠️ Alinhamento: Bot=DOWN vs Externo=NEUTRAL 
01:25:02.969 [INFO]   [Bot] RSI: 1.15 | EMA Curta: 491421.67 | EMA Longa: 491478.38 
01:25:03.037 [INFO]   [Bot] MACD: N/A | Signal: N/A | Volatilidade: 2.17% 
01:25:03.102 [INFO]   [Bot] Score Lucro Esperado: 0.02 | Confiança: 0.70 
01:25:03.130 [INFO]   [Bot] Spread: 1.800% | Buy Price: 489366.72 | Sell Price: 496762.70 
01:25:03.164 [INFO]   [Bot] Tamanho Ordens: 0.00000313 BTC | Depth Factor: 0.49 
01:25:03.236 [INFO]   [Bot] Viés Inventário (Skew): 0.005000 | Viés Tendência: -0.001500 | Total Bias: 0.003500 
01:25:03.309 [INFO]   [Bot] PnL Total: 0.00 BRL | ROI: 0.00% | PnL Não Realizado: 0.00 BRL 
01:25:03.358 [INFO]   [Bot] Posição BTC: 0.00000000 | Saldo BRL: 0.07 | Saldo BTC: 0.00006894 
01:25:03.390 [INFO]   [Bot] Ordens Ativas: 1 | Fills: 0 | Cancelamentos: 4 
01:25:03.430 [INFO]   [Bot] Taxa de Fill: 0.0% | Preço Médio Fill: 491345.00 BRL | Uptime: 6min 
01:25:03.489 [INFO]   [Bot] ──────────────────────────────────────────── 
01:25:29.025 [INFO]   [Bot] Iniciando ciclo 13. 
01:25:29.305 [SUCCESS] [Bot] Orderbook atualizado: Best Bid=491224.00, Best Ask=491602.00. 
01:25:29.380 [DEBUG]  [DB] Preço BTC armazenado: R$ 491413.00 
01:25:29.389 [INFO]   [Bot] Volatilidade calculada: 2.15%. 
01:25:29.411 [DEBUG]  [Bot] Volatilidade no ciclo 13: 2.15% 
01:25:29.430 [INFO]   [Bot] RSI calculado: 23.32. 
01:25:29.452 [INFO]   [Bot] EMA(8) calculada: 491408.54. 
01:25:29.474 [INFO]   [Bot] EMA(20) calculada: 491484.02. 
01:25:29.495 [INFO]   [Bot] EMA(12) calculada: 491443.65. 
01:25:29.516 [INFO]   [Bot] EMA(26) calculada: 491466.74. 
01:25:29.537 [INFO]   [Bot] EMA(9) calculada: 491424.77. 
01:25:29.559 [INFO]   [Bot] MACD calculado: MACD=-23.09, Signal=491424.77. 
01:25:29.580 [INFO]   [Bot] Volatilidade calculada: 2.15%. 
01:25:29.601 [INFO]   [Bot] Análise fills históricos: Bias=0.00%, Sucesso=100.00%, PnL médio=5.47. 
01:25:29.622 [INFO]   [Bot] ADX calculado: 11.13. 
01:25:29.641 [INFO]   [Bot] Previsão de preço | {"trend":"down","confidence":"0.57","expectedProfit":"0.02","rsi":"23.32","emaShort":"491408.54","emaLong":"491484.02","...
01:25:29.660 [DEBUG]  [Bot] Convicção calculada: 48.0% | Tendência: DOWN | Força: VERY_WEAK 
01:25:29.677 [WARN]   [Bot] Confiança baixa (48.0%). Operando em modo conservador com spread expandido. 
01:25:30.250 [DEBUG]  [Bot] Status ordem 01KETF9ME6NKF31GDGEPX2KWYT: working, Filled: 0.00000000. 
01:25:30.272 [INFO]   [Bot] Cancelando ordem SELL 01KETF9ME6NKF31GDGEPX2KWYT @ R$496762.70, Qty: 0.00001000. 
01:25:30.586 [INFO]   [DB] Ordem salva: 01KETF9ME6NKF31GDGEPX2KWYT (SELL @ 496762.70, Qty: 0.00001000) 
01:25:30.592 [SUCCESS] [Bot] Ordem SELL 01KETF9ME6NKF31GDGEPX2KWYT cancelada com sucesso. 
01:25:30.627 [SUCCESS] [Bot] Take-profit acionado para ordem SELL. 
01:25:30.873 [ALERT]  [Bot] Saldo BRL muito baixo (0.07 < 9.83). Considere depositar mais fundos. 
01:25:30.901 [WARN]   [Bot] Saldo BRL insuficiente (0.07 < 1.54). Ignorando compra. 
01:25:30.947 [INFO]   [Bot] [DECISION] ✅ PERMITIDO | Ação: SELL_SIGNAL | Confiança: 27.3% | Score negativo: 0.341 
2026-01-13T01:25:30.974Z [INFO]   Placing SELL order: 0.00001000 BTC-BRL at 496831.45
2026-01-13T01:25:31.160Z [INFO]   Final order parameters: {
  async: true,
  externalId: 'ORD_1768267530974',
  limitPrice: 496831,
  qty: '0.00001000',
  side: 'sell',
  stopPrice: 0,
  type: 'limit'
}
01:25:31.688 [INFO]   [DB] Ordem salva: 01KETFAH54G8QZTZS6RYP0F3DS (SELL @ 496831.45, Qty: 0.00001000) 
01:25:31.694 [SUCCESS] [Bot] Ordem SELL 01KETFAH54G8QZTZS6RYP0F3DS colocada @ R$496831.45, Qty: 0.00001000, Taxa Estimada: 0.30% 
01:25:31.717 [SUCCESS] [Bot] Ordem SELL validada: Score negativo: 0.341 
01:25:31.735 [DEBUG]  [Bot] PnL Calculation: Realized=0.00 | Unrealized=0.00 | Total=0.00 | Position=0.00000000 BTC | Cost Basis=0.00 BRL 
01:25:31.778 [DEBUG]  [Bot] [RECOVERY] Ponto registrado: PnL=R$ -186.05, Progresso=0.0%, Baseline=R$ -186.06 
01:25:31.780 [INFO]   [Bot] ────────────── Mini Dashboard ────────────── 
01:25:31.799 [INFO]   [Bot] Ciclo: 13 | Mid Price: 491413.00 | Tendência: down | Regime: BEARISH 
01:25:31.818 [INFO]   [Bot] 🔴 Convicção: 48.0% | Tendência Convicção: DOWN | Força: VERY_WEAK 
01:25:31.835 [INFO]   [Bot]    Indicadores concordam: 3/6 | Nível volatilidade: VERY_LOW 
01:25:31.854 [INFO]   [Bot] 🌐 Tendência Externa: NEUTRAL (Score: 46/100, Confiança: 100%) 
01:25:31.873 [INFO]   [Bot] ⚠️ Alinhamento: Bot=DOWN vs Externo=NEUTRAL 
01:25:31.892 [INFO]   [Bot] RSI: 23.32 | EMA Curta: 491408.54 | EMA Longa: 491484.02 
01:25:31.910 [INFO]   [Bot] MACD: N/A | Signal: N/A | Volatilidade: 2.15% 
01:25:31.926 [INFO]   [Bot] Score Lucro Esperado: 0.02 | Confiança: 0.57 
01:25:31.939 [INFO]   [Bot] Spread: 1.800% | Buy Price: 489434.44 | Sell Price: 496831.45 
01:25:31.958 [INFO]   [Bot] Tamanho Ordens: 0.00000313 BTC | Depth Factor: 0.49 
01:25:31.977 [INFO]   [Bot] Viés Inventário (Skew): 0.005000 | Viés Tendência: -0.001500 | Total Bias: 0.003500 
01:25:31.997 [INFO]   [Bot] PnL Total: 0.00 BRL | ROI: 0.00% | PnL Não Realizado: 0.00 BRL 
01:25:32.015 [INFO]   [Bot] Posição BTC: 0.00000000 | Saldo BRL: 0.07 | Saldo BTC: 0.00006894 
01:25:32.035 [INFO]   [Bot] Ordens Ativas: 1 | Fills: 0 | Cancelamentos: 5 
01:25:32.051 [INFO]   [Bot] Taxa de Fill: 0.0% | Preço Médio Fill: 491413.00 BRL | Uptime: 6min 
01:25:32.071 [INFO]   [Bot] ──────────────────────────────────────────── 
01:25:59.035 [INFO]   [Bot] Iniciando ciclo 14. 
01:25:59.414 [SUCCESS] [Bot] Orderbook atualizado: Best Bid=491226.00, Best Ask=491605.00. 
01:25:59.445 [DEBUG]  [DB] Preço BTC armazenado: R$ 491415.50 
01:25:59.447 [INFO]   [Bot] Volatilidade calculada: 2.14%. 
01:25:59.471 [DEBUG]  [Bot] Volatilidade no ciclo 14: 2.14% 
01:25:59.489 [INFO]   [Bot] RSI calculado: 23.19. 
01:25:59.506 [INFO]   [Bot] EMA(8) calculada: 491391.87. 
01:25:59.525 [INFO]   [Bot] EMA(20) calculada: 491471.79. 
01:25:59.543 [INFO]   [Bot] EMA(12) calculada: 491435.18. 
01:25:59.566 [INFO]   [Bot] EMA(26) calculada: 491462.81. 
01:25:59.585 [INFO]   [Bot] EMA(9) calculada: 491413.65. 
01:25:59.616 [INFO]   [Bot] MACD calculado: MACD=-27.62, Signal=491413.65. 
01:25:59.644 [INFO]   [Bot] Volatilidade calculada: 2.14%. 
01:25:59.679 [INFO]   [Bot] Análise fills históricos: Bias=0.00%, Sucesso=100.00%, PnL médio=5.47. 
01:25:59.745 [INFO]   [Bot] ADX calculado: 11.43. 
01:25:59.774 [INFO]   [Bot] Previsão de preço | {"trend":"down","confidence":"0.57","expectedProfit":"0.02","rsi":"23.19","emaShort":"491391.87","emaLong":"491471.79","...
01:25:59.800 [DEBUG]  [Bot] Convicção calculada: 50.4% | Tendência: NEUTRAL | Força: WEAK 
01:26:00.113 [DEBUG]  [Bot] Status ordem 01KETFAH54G8QZTZS6RYP0F3DS: working, Filled: 0.00000000. 
01:26:00.127 [INFO]   [Bot] Cancelando ordem SELL 01KETFAH54G8QZTZS6RYP0F3DS @ R$496831.45, Qty: 0.00001000. 
01:26:00.380 [INFO]   [DB] Ordem salva: 01KETFAH54G8QZTZS6RYP0F3DS (SELL @ 496831.45, Qty: 0.00001000) 
01:26:00.384 [SUCCESS] [Bot] Ordem SELL 01KETFAH54G8QZTZS6RYP0F3DS cancelada com sucesso. 
01:26:00.399 [SUCCESS] [Bot] Take-profit acionado para ordem SELL. 
01:26:00.712 [ALERT]  [Bot] Saldo BRL muito baixo (0.07 < 9.83). Considere depositar mais fundos. 
01:26:00.735 [WARN]   [Bot] Saldo BRL insuficiente (0.07 < 5.12). Ignorando compra. 
01:26:00.788 [INFO]   [Bot] [DECISION] ✅ PERMITIDO | Ação: SELL_SIGNAL | Confiança: 27.3% | Score negativo: 0.341 
2026-01-13T01:26:00.809Z [INFO]   Placing SELL order: 0.00001039 BTC-BRL at 496833.98
2026-01-13T01:26:01.030Z [INFO]   Final order parameters: {
  async: true,
  externalId: 'ORD_1768267560809',
  limitPrice: 496834,
  qty: '0.00001039',
  side: 'sell',
  stopPrice: 0,
  type: 'limit'
}
01:26:01.448 [INFO]   [DB] Ordem salva: 01KETFBEDKH2W6M2AZQJM6YGT4 (SELL @ 496833.98, Qty: 0.00001039) 
01:26:01.451 [SUCCESS] [Bot] Ordem SELL 01KETFBEDKH2W6M2AZQJM6YGT4 colocada @ R$496833.98, Qty: 0.00001039, Taxa Estimada: 0.30% 
01:26:01.467 [SUCCESS] [Bot] Ordem SELL validada: Score negativo: 0.341 
01:26:01.482 [DEBUG]  [Bot] PnL Calculation: Realized=0.00 | Unrealized=0.00 | Total=0.00 | Position=0.00000000 BTC | Cost Basis=0.00 BRL 
01:26:01.532 [DEBUG]  [Bot] [RECOVERY] Ponto registrado: PnL=R$ -186.05, Progresso=0.0%, Baseline=R$ -186.06 
01:26:01.534 [INFO]   [Bot] ────────────── Mini Dashboard ────────────── 
01:26:01.553 [INFO]   [Bot] Ciclo: 14 | Mid Price: 491415.50 | Tendência: down | Regime: BEARISH 
01:26:01.573 [INFO]   [Bot] 🟡 Convicção: 50.4% | Tendência Convicção: NEUTRAL | Força: WEAK 
01:26:01.590 [INFO]   [Bot]    Indicadores concordam: 4/6 | Nível volatilidade: VERY_LOW 
01:26:01.605 [INFO]   [Bot] 🌐 Tendência Externa: NEUTRAL (Score: 46/100, Confiança: 100%) 
01:26:01.637 [INFO]   [Bot] ⚠️ Alinhamento: Bot=DOWN vs Externo=NEUTRAL 
01:26:01.669 [INFO]   [Bot] RSI: 23.19 | EMA Curta: 491391.87 | EMA Longa: 491471.79 
01:26:02.536 [INFO]   [Bot] MACD: N/A | Signal: N/A | Volatilidade: 2.14% 
01:26:02.739 [INFO]   [Bot] Score Lucro Esperado: 0.02 | Confiança: 0.57 
01:26:03.385 [INFO]   [Bot] Spread: 1.500% | Buy Price: 489436.93 | Sell Price: 496833.98 
01:26:03.681 [INFO]   [Bot] Tamanho Ordens: 0.00001042 BTC | Depth Factor: 0.49 
01:26:03.865 [INFO]   [Bot] Viés Inventário (Skew): 0.005000 | Viés Tendência: -0.001500 | Total Bias: 0.003500 
01:26:03.988 [INFO]   [Bot] PnL Total: 0.00 BRL | ROI: 0.00% | PnL Não Realizado: 0.00 BRL 
01:26:04.019 [INFO]   [Bot] Posição BTC: 0.00000000 | Saldo BRL: 0.07 | Saldo BTC: 0.00006894 
01:26:04.147 [INFO]   [Bot] Ordens Ativas: 1 | Fills: 0 | Cancelamentos: 6 
01:26:04.314 [INFO]   [Bot] Taxa de Fill: 0.0% | Preço Médio Fill: 491415.50 BRL | Uptime: 7min 
01:26:04.532 [INFO]   [Bot] ──────────────────────────────────────────── 
01:26:29.051 [INFO]   [Bot] Iniciando ciclo 15. 
01:26:29.514 [SUCCESS] [Bot] Orderbook atualizado: Best Bid=491130.00, Best Ask=491508.00. 
01:26:30.276 [DEBUG]  [DB] Preço BTC armazenado: R$ 491319.00 
01:26:30.378 [INFO]   [Bot] Volatilidade calculada: 2.12%. 
01:26:30.614 [DEBUG]  [Bot] Volatilidade no ciclo 15: 2.12% 
01:26:30.750 [INFO]   [Bot] RSI calculado: 17.76. 
01:26:30.905 [INFO]   [Bot] EMA(8) calculada: 491361.41. 
01:26:31.145 [INFO]   [Bot] EMA(20) calculada: 491444.21. 
01:26:31.360 [INFO]   [Bot] EMA(12) calculada: 491392.42. 
01:26:31.542 [INFO]   [Bot] EMA(26) calculada: 491445.54. 
01:26:31.702 [INFO]   [Bot] EMA(9) calculada: 491364.01. 
01:26:31.858 [INFO]   [Bot] MACD calculado: MACD=-53.12, Signal=491364.01. 
01:26:32.000 [INFO]   [Bot] Volatilidade calculada: 2.12%. 
01:26:32.142 [INFO]   [Bot] Análise fills históricos: Bias=0.00%, Sucesso=100.00%, PnL médio=5.47. 
01:26:32.315 [INFO]   [Bot] ADX calculado: 13.26. 
01:26:32.559 [INFO]   [Bot] Previsão de preço | {"trend":"down","confidence":"0.60","expectedProfit":"0.02","rsi":"17.76","emaShort":"491361.41","emaLong":"491444.21","...
01:26:32.820 [DEBUG]  [Bot] Convicção calculada: 48.1% | Tendência: DOWN | Força: VERY_WEAK 
01:26:33.143 [WARN]   [Bot] Confiança baixa (48.1%). Operando em modo conservador com spread expandido. 
01:26:33.560 [DEBUG]  [Bot] Status ordem 01KETFBEDKH2W6M2AZQJM6YGT4: working, Filled: 0.00000000. 
01:26:33.656 [INFO]   [Bot] Cancelando ordem SELL 01KETFBEDKH2W6M2AZQJM6YGT4 @ R$496833.98, Qty: 0.00001039. 
01:26:34.616 [INFO]   [DB] Ordem salva: 01KETFBEDKH2W6M2AZQJM6YGT4 (SELL @ 496833.98, Qty: 0.00001039) 
01:26:34.691 [SUCCESS] [Bot] Ordem SELL 01KETFBEDKH2W6M2AZQJM6YGT4 cancelada com sucesso. 
01:26:34.881 [SUCCESS] [Bot] Take-profit acionado para ordem SELL. 
01:26:35.499 [ALERT]  [Bot] Saldo BRL muito baixo (0.07 < 9.83). Considere depositar mais fundos. 
01:26:35.573 [WARN]   [Bot] Saldo BRL insuficiente (0.07 < 1.53). Ignorando compra. 
01:26:35.715 [INFO]   [Bot] [DECISION] ✅ PERMITIDO | Ação: SELL_SIGNAL | Confiança: 28.8% | Score negativo: 0.360 
2026-01-13T01:26:35.887Z [INFO]   Placing SELL order: 0.00001000 BTC-BRL at 496736.41
2026-01-13T01:26:36.084Z [INFO]   Final order parameters: {
  async: true,
  externalId: 'ORD_1768267595887',
  limitPrice: 496736,
  qty: '0.00001000',
  side: 'sell',
  stopPrice: 0,
  type: 'limit'
}
01:26:37.076 [INFO]   [DB] Ordem salva: 01KETFCGRHSPPQWW2FY0S5WCE2 (SELL @ 496736.41, Qty: 0.00001000) 
01:26:37.080 [SUCCESS] [Bot] Ordem SELL 01KETFCGRHSPPQWW2FY0S5WCE2 colocada @ R$496736.41, Qty: 0.00001000, Taxa Estimada: 0.30% 
01:26:37.142 [SUCCESS] [Bot] Ordem SELL validada: Score negativo: 0.360 
01:26:37.322 [DEBUG]  [Bot] PnL Calculation: Realized=0.00 | Unrealized=0.00 | Total=0.00 | Position=0.00000000 BTC | Cost Basis=0.00 BRL 
01:26:37.954 [DEBUG]  [Bot] [RECOVERY] Ponto registrado: PnL=R$ -186.06, Progresso=0.0%, Baseline=R$ -186.06 
01:26:37.959 [INFO]   [Bot] Desempenho estável. Sem ajustes nos parâmetros. 
01:26:37.988 [INFO]   [Bot] ────────────── Mini Dashboard ────────────── 
01:26:38.006 [INFO]   [Bot] Ciclo: 15 | Mid Price: 491319.00 | Tendência: down | Regime: BEARISH 
01:26:38.032 [INFO]   [Bot] 🔴 Convicção: 48.1% | Tendência Convicção: DOWN | Força: VERY_WEAK 
01:26:38.101 [INFO]   [Bot]    Indicadores concordam: 3/6 | Nível volatilidade: VERY_LOW 
01:26:38.201 [INFO]   [Bot] 🌐 Tendência Externa: NEUTRAL (Score: 46/100, Confiança: 100%) 
01:26:38.347 [INFO]   [Bot] ⚠️ Alinhamento: Bot=DOWN vs Externo=NEUTRAL 
01:26:38.528 [INFO]   [Bot] RSI: 17.76 | EMA Curta: 491361.41 | EMA Longa: 491444.21 
01:26:38.706 [INFO]   [Bot] MACD: N/A | Signal: N/A | Volatilidade: 2.12% 
01:26:38.843 [INFO]   [Bot] Score Lucro Esperado: 0.02 | Confiança: 0.60 
01:26:39.019 [INFO]   [Bot] Spread: 1.800% | Buy Price: 489340.82 | Sell Price: 496736.41 
01:26:39.229 [INFO]   [Bot] Tamanho Ordens: 0.00000313 BTC | Depth Factor: 0.49 
01:26:39.409 [INFO]   [Bot] Viés Inventário (Skew): 0.005000 | Viés Tendência: -0.001500 | Total Bias: 0.003500 
01:26:39.592 [INFO]   [Bot] PnL Total: 0.00 BRL | ROI: 0.00% | PnL Não Realizado: 0.00 BRL 
01:26:39.725 [INFO]   [Bot] Posição BTC: 0.00000000 | Saldo BRL: 0.07 | Saldo BTC: 0.00006894 
01:26:40.396 [INFO]   [Bot] Ordens Ativas: 1 | Fills: 0 | Cancelamentos: 7 
01:26:40.902 [INFO]   [Bot] Taxa de Fill: 0.0% | Preço Médio Fill: 491319.00 BRL | Uptime: 7min 
01:26:41.871 [INFO]   [Bot] ──────────────────────────────────────────── 
01:26:59.065 [INFO]   [Bot] Iniciando ciclo 16. 
01:27:00.209 [SUCCESS] [Bot] Orderbook atualizado: Best Bid=491100.00, Best Ask=491341.00. 
01:27:03.279 [DEBUG]  [DB] Preço BTC armazenado: R$ 491220.50 
01:27:03.615 [INFO]   [Bot] Volatilidade calculada: 2.11%. 
01:27:04.008 [DEBUG]  [Bot] Volatilidade no ciclo 16: 2.11% 
01:27:04.518 [INFO]   [Bot] RSI calculado: 16.67. 
01:27:05.138 [INFO]   [Bot] EMA(8) calculada: 491314.85. 
01:27:05.874 [INFO]   [Bot] EMA(20) calculada: 491400.18. 
01:27:06.281 [INFO]   [Bot] EMA(12) calculada: 491324.06. 
01:27:06.642 [INFO]   [Bot] EMA(26) calculada: 491430.94. 
01:27:07.024 [INFO]   [Bot] EMA(9) calculada: 491311.00. 
01:27:07.385 [INFO]   [Bot] MACD calculado: MACD=-106.88, Signal=491311.00. 
01:27:07.794 [INFO]   [Bot] Volatilidade calculada: 2.11%. 
01:27:08.096 [INFO]   [Bot] Análise fills históricos: Bias=0.00%, Sucesso=100.00%, PnL médio=5.47. 
01:27:08.474 [INFO]   [Bot] ADX calculado: 16.25. 
01:27:08.793 [INFO]   [Bot] Previsão de preço | {"trend":"down","confidence":"0.61","expectedProfit":"0.02","rsi":"16.67","emaShort":"491314.85","emaLong":"491400.18","...
01:27:09.101 [DEBUG]  [Bot] Convicção calculada: 47.8% | Tendência: DOWN | Força: VERY_WEAK 
01:27:09.486 [WARN]   [Bot] Confiança baixa (47.8%). Operando em modo conservador com spread expandido. 
01:27:10.159 [DEBUG]  [Bot] Status ordem 01KETFCGRHSPPQWW2FY0S5WCE2: working, Filled: 0.00000000. 
01:27:10.369 [INFO]   [Bot] Cancelando ordem SELL 01KETFCGRHSPPQWW2FY0S5WCE2 @ R$496736.41, Qty: 0.00001000. 
01:27:12.272 [INFO]   [DB] Ordem salva: 01KETFCGRHSPPQWW2FY0S5WCE2 (SELL @ 496736.41, Qty: 0.00001000) 
01:27:12.365 [SUCCESS] [Bot] Ordem SELL 01KETFCGRHSPPQWW2FY0S5WCE2 cancelada com sucesso. 
01:27:12.615 [SUCCESS] [Bot] Take-profit acionado para ordem SELL. 
01:27:13.161 [ALERT]  [Bot] Saldo BRL muito baixo (0.07 < 9.82). Considere depositar mais fundos. 
01:27:13.288 [WARN]   [Bot] Saldo BRL insuficiente (0.07 < 1.53). Ignorando compra. 
01:27:13.501 [INFO]   [Bot] [DECISION] ✅ PERMITIDO | Ação: SELL_SIGNAL | Confiança: 29.1% | Score negativo: 0.363 
2026-01-13T01:27:13.647Z [INFO]   Placing SELL order: 0.00001000 BTC-BRL at 496636.83
2026-01-13T01:27:13.841Z [INFO]   Final order parameters: {
  async: true,
  externalId: 'ORD_1768267633647',
  limitPrice: 496637,
  qty: '0.00001000',
  side: 'sell',
  stopPrice: 0,
  type: 'limit'
}
01:27:14.783 [INFO]   [DB] Ordem salva: 01KETFDNM462WR6NQKCTJDPRMV (SELL @ 496636.83, Qty: 0.00001000) 
01:27:14.787 [SUCCESS] [Bot] Ordem SELL 01KETFDNM462WR6NQKCTJDPRMV colocada @ R$496636.83, Qty: 0.00001000, Taxa Estimada: 0.30% 
01:27:14.804 [SUCCESS] [Bot] Ordem SELL validada: Score negativo: 0.363 
01:27:14.862 [DEBUG]  [Bot] PnL Calculation: Realized=0.00 | Unrealized=0.00 | Total=0.00 | Position=0.00000000 BTC | Cost Basis=0.00 BRL 
01:27:15.543 [WARN]   [Bot] [RECOVERY] Baseline atualizado: R$ -186.06 → R$ -186.07 
01:27:16.298 [DEBUG]  [Bot] [RECOVERY] Ponto registrado: PnL=R$ -186.07, Progresso=0.0%, Baseline=R$ -186.07 
01:27:16.300 [INFO]   [Bot] ────────────── Mini Dashboard ────────────── 
01:27:16.357 [INFO]   [Bot] Ciclo: 16 | Mid Price: 491220.50 | Tendência: down | Regime: BEARISH 
01:27:16.582 [INFO]   [Bot] 🔴 Convicção: 47.8% | Tendência Convicção: DOWN | Força: VERY_WEAK 
01:27:16.827 [INFO]   [Bot]    Indicadores concordam: 3/6 | Nível volatilidade: VERY_LOW 
01:27:17.061 [INFO]   [Bot] 🌐 Tendência Externa: NEUTRAL (Score: 46/100, Confiança: 100%) 
01:27:17.290 [INFO]   [Bot] ⚠️ Alinhamento: Bot=DOWN vs Externo=NEUTRAL 
01:27:17.521 [INFO]   [Bot] RSI: 16.67 | EMA Curta: 491314.85 | EMA Longa: 491400.18 
01:27:17.775 [INFO]   [Bot] MACD: N/A | Signal: N/A | Volatilidade: 2.11% 
01:27:17.996 [INFO]   [Bot] Score Lucro Esperado: 0.02 | Confiança: 0.61 
01:27:18.227 [INFO]   [Bot] Spread: 1.800% | Buy Price: 489242.72 | Sell Price: 496636.83 
01:27:18.717 [INFO]   [Bot] Tamanho Ordens: 0.00000313 BTC | Depth Factor: 0.20 
01:27:18.965 [INFO]   [Bot] Viés Inventário (Skew): 0.005000 | Viés Tendência: -0.001500 | Total Bias: 0.003500 
01:27:19.219 [INFO]   [Bot] PnL Total: 0.00 BRL | ROI: 0.00% | PnL Não Realizado: 0.00 BRL 
01:27:19.511 [INFO]   [Bot] Posição BTC: 0.00000000 | Saldo BRL: 0.07 | Saldo BTC: 0.00006894 
01:27:19.724 [INFO]   [Bot] Ordens Ativas: 1 | Fills: 0 | Cancelamentos: 8 
01:27:19.961 [INFO]   [Bot] Taxa de Fill: 0.0% | Preço Médio Fill: 491220.50 BRL | Uptime: 8min 
01:27:20.155 [INFO]   [Bot] ──────────────────────────────────────────── 
01:27:29.074 [INFO]   [Bot] Iniciando ciclo 17. 
01:27:29.689 [SUCCESS] [Bot] Orderbook atualizado: Best Bid=491100.00, Best Ask=491160.00. 
01:27:30.682 [DEBUG]  [DB] Preço BTC armazenado: R$ 491130.00 
01:27:30.688 [INFO]   [Bot] Volatilidade calculada: 2.10%. 
01:27:30.769 [DEBUG]  [Bot] Volatilidade no ciclo 17: 2.10% 
01:27:31.000 [INFO]   [Bot] RSI calculado: 19.13. 
01:27:31.192 [INFO]   [Bot] EMA(8) calculada: 491242.16. 
01:27:31.415 [INFO]   [Bot] EMA(20) calculada: 491351.58. 
01:27:31.592 [INFO]   [Bot] EMA(12) calculada: 491267.26. 
01:27:31.759 [INFO]   [Bot] EMA(26) calculada: 491388.21. 
01:27:31.914 [INFO]   [Bot] EMA(9) calculada: 491253.14. 
01:27:32.021 [INFO]   [Bot] MACD calculado: MACD=-120.95, Signal=491253.14. 
01:27:32.146 [INFO]   [Bot] Volatilidade calculada: 2.10%. 
01:27:32.305 [INFO]   [Bot] Análise fills históricos: Bias=0.00%, Sucesso=100.00%, PnL médio=5.47. 
01:27:32.562 [INFO]   [Bot] ADX calculado: 19.94. 
01:27:32.692 [INFO]   [Bot] Previsão de preço | {"trend":"down","confidence":"0.59","expectedProfit":"0.02","rsi":"19.13","emaShort":"491242.16","emaLong":"491351.58","...
01:27:32.889 [DEBUG]  [Bot] Convicção calculada: 47.7% | Tendência: DOWN | Força: VERY_WEAK 
01:27:33.103 [WARN]   [Bot] Confiança baixa (47.7%). Operando em modo conservador com spread expandido. 
01:27:33.569 [DEBUG]  [Bot] Status ordem 01KETFDNM462WR6NQKCTJDPRMV: working, Filled: 0.00000000. 
01:27:33.743 [INFO]   [Bot] Cancelando ordem SELL 01KETFDNM462WR6NQKCTJDPRMV @ R$496636.83, Qty: 0.00001000. 
01:27:34.816 [INFO]   [DB] Ordem salva: 01KETFDNM462WR6NQKCTJDPRMV (SELL @ 496636.83, Qty: 0.00001000) 
01:27:34.824 [SUCCESS] [Bot] Ordem SELL 01KETFDNM462WR6NQKCTJDPRMV cancelada com sucesso. 
01:27:34.902 [SUCCESS] [Bot] Take-profit acionado para ordem SELL. 
01:27:35.676 [ALERT]  [Bot] Saldo BRL muito baixo (0.07 < 9.82). Considere depositar mais fundos. 
01:27:35.780 [WARN]   [Bot] Saldo BRL insuficiente (0.07 < 1.53). Ignorando compra. 
01:27:35.934 [INFO]   [Bot] [DECISION] ✅ PERMITIDO | Ação: SELL_SIGNAL | Confiança: 28.3% | Score negativo: 0.354 
2026-01-13T01:27:36.110Z [INFO]   Placing SELL order: 0.00001000 BTC-BRL at 496545.33
2026-01-13T01:27:36.305Z [INFO]   Final order parameters: {
  async: true,
  externalId: 'ORD_1768267656110',
  limitPrice: 496545,
  qty: '0.00001000',
  side: 'sell',
  stopPrice: 0,
  type: 'limit'
}
01:27:37.832 [INFO]   [DB] Ordem salva: 01KETFEBGD514XTVMY1RMKAGAP (SELL @ 496545.33, Qty: 0.00001000) 
01:27:37.955 [SUCCESS] [Bot] Ordem SELL 01KETFEBGD514XTVMY1RMKAGAP colocada @ R$496545.33, Qty: 0.00001000, Taxa Estimada: 0.30% 
01:27:38.332 [SUCCESS] [Bot] Ordem SELL validada: Score negativo: 0.354 
01:27:38.929 [DEBUG]  [Bot] PnL Calculation: Realized=0.00 | Unrealized=0.00 | Total=0.00 | Position=0.00000000 BTC | Cost Basis=0.00 BRL 
01:27:40.449 [DEBUG]  [Bot] [RECOVERY] Ponto registrado: PnL=R$ -186.07, Progresso=0.0%, Baseline=R$ -186.07 
01:27:40.631 [INFO]   [Bot] ────────────── Mini Dashboard ────────────── 
01:27:41.049 [INFO]   [Bot] Ciclo: 17 | Mid Price: 491130.00 | Tendência: down | Regime: BEARISH 
01:27:41.560 [INFO]   [Bot] 🔴 Convicção: 47.7% | Tendência Convicção: DOWN | Força: VERY_WEAK 
01:27:42.246 [INFO]   [Bot]    Indicadores concordam: 3/6 | Nível volatilidade: VERY_LOW 
01:27:42.639 [INFO]   [Bot] 🌐 Tendência Externa: NEUTRAL (Score: 46/100, Confiança: 100%) 
01:27:42.861 [INFO]   [Bot] ⚠️ Alinhamento: Bot=DOWN vs Externo=NEUTRAL 
01:27:43.390 [INFO]   [Bot] RSI: 19.13 | EMA Curta: 491242.16 | EMA Longa: 491351.58 
01:27:43.901 [INFO]   [Bot] MACD: N/A | Signal: N/A | Volatilidade: 2.10% 
01:27:44.452 [INFO]   [Bot] Score Lucro Esperado: 0.02 | Confiança: 0.59 
01:27:44.660 [INFO]   [Bot] Spread: 1.800% | Buy Price: 489152.58 | Sell Price: 496545.33 
01:27:44.866 [INFO]   [Bot] Tamanho Ordens: 0.00000313 BTC | Depth Factor: 0.20 
01:27:45.074 [INFO]   [Bot] Viés Inventário (Skew): 0.005000 | Viés Tendência: -0.001500 | Total Bias: 0.003500 
01:27:45.263 [INFO]   [Bot] PnL Total: 0.00 BRL | ROI: 0.00% | PnL Não Realizado: 0.00 BRL 
01:27:45.503 [INFO]   [Bot] Posição BTC: 0.00000000 | Saldo BRL: 0.07 | Saldo BTC: 0.00006894 
01:27:45.789 [INFO]   [Bot] Ordens Ativas: 1 | Fills: 0 | Cancelamentos: 9 
01:27:46.069 [INFO]   [Bot] Taxa de Fill: 0.0% | Preço Médio Fill: 491130.00 BRL | Uptime: 8min 
01:27:46.258 [INFO]   [Bot] ──────────────────────────────────────────── 
01:27:59.088 [INFO]   [Bot] Iniciando ciclo 18. 
01:27:59.627 [SUCCESS] [Bot] Orderbook atualizado: Best Bid=491101.00, Best Ask=491430.00. 
01:28:01.695 [DEBUG]  [DB] Preço BTC armazenado: R$ 491265.50 
01:28:01.860 [INFO]   [Bot] Volatilidade calculada: 2.08%. 
01:28:02.094 [DEBUG]  [Bot] Volatilidade no ciclo 18: 2.08% 
01:28:02.369 [INFO]   [Bot] RSI calculado: 41.91. 
01:28:02.803 [INFO]   [Bot] EMA(8) calculada: 491238.46. 
01:28:03.066 [INFO]   [Bot] EMA(20) calculada: 491335.49. 
01:28:03.248 [INFO]   [Bot] EMA(12) calculada: 491275.92. 
01:28:03.493 [INFO]   [Bot] EMA(26) calculada: 491370.84. 
01:28:03.969 [INFO]   [Bot] EMA(9) calculada: 491257.86. 
01:28:04.482 [INFO]   [Bot] MACD calculado: MACD=-94.92, Signal=491257.86. 
01:28:05.018 [INFO]   [Bot] Volatilidade calculada: 2.08%. 
01:28:05.494 [INFO]   [Bot] Análise fills históricos: Bias=0.00%, Sucesso=100.00%, PnL médio=5.47. 
01:28:05.818 [INFO]   [Bot] ADX calculado: 19.60. 
01:28:06.132 [INFO]   [Bot] Previsão de preço | {"trend":"down","confidence":"0.45","expectedProfit":"0.02","rsi":"41.91","emaShort":"491238.46","emaLong":"491335.49","...
01:28:06.275 [DEBUG]  [Bot] Convicção calculada: 44.0% | Tendência: DOWN | Força: VERY_WEAK 
01:28:06.465 [WARN]   [Bot] Confiança baixa (44.0%). Operando em modo conservador com spread expandido. 
01:28:06.976 [DEBUG]  [Bot] Status ordem 01KETFEBGD514XTVMY1RMKAGAP: working, Filled: 0.00000000. 
01:28:07.066 [INFO]   [Bot] Cancelando ordem SELL 01KETFEBGD514XTVMY1RMKAGAP @ R$496545.33, Qty: 0.00001000. 
01:28:08.409 [INFO]   [DB] Ordem salva: 01KETFEBGD514XTVMY1RMKAGAP (SELL @ 496545.33, Qty: 0.00001000) 
01:28:08.544 [SUCCESS] [Bot] Ordem SELL 01KETFEBGD514XTVMY1RMKAGAP cancelada com sucesso. 
01:28:08.846 [SUCCESS] [Bot] Take-profit acionado para ordem SELL. 
01:28:09.733 [ALERT]  [Bot] Saldo BRL muito baixo (0.07 < 9.83). Considere depositar mais fundos. 
01:28:09.810 [WARN]   [Bot] Saldo BRL insuficiente (0.07 < 1.53). Ignorando compra. 
01:28:10.073 [INFO]   [Bot] [DECISION] 🚫 BLOQUEADO | Ação: SELL_SIGNAL | Confiança: 21.7% | Score combinado insuficiente para operar 
01:28:10.343 [WARN]   [Bot] Ordem SELL cancelada por validação externa: Score combinado insuficiente para operar 
01:28:10.662 [DEBUG]  [Bot] PnL Calculation: Realized=0.00 | Unrealized=0.00 | Total=0.00 | Position=0.00000000 BTC | Cost Basis=0.00 BRL 
01:28:11.890 [DEBUG]  [Bot] [RECOVERY] Ponto registrado: PnL=R$ -186.06, Progresso=0.0%, Baseline=R$ -186.07 
01:28:12.067 [INFO]   [Bot] ────────────── Mini Dashboard ────────────── 
01:28:12.771 [INFO]   [Bot] Ciclo: 18 | Mid Price: 491265.50 | Tendência: down | Regime: BEARISH 
01:28:13.548 [INFO]   [Bot] 🔴 Convicção: 44.0% | Tendência Convicção: DOWN | Força: VERY_WEAK 
01:28:13.899 [INFO]   [Bot]    Indicadores concordam: 3/6 | Nível volatilidade: VERY_LOW 
01:28:14.278 [INFO]   [Bot] 🌐 Tendência Externa: NEUTRAL (Score: 46/100, Confiança: 100%) 
01:28:14.711 [INFO]   [Bot] ⚠️ Alinhamento: Bot=DOWN vs Externo=NEUTRAL 
01:28:15.097 [INFO]   [Bot] RSI: 41.91 | EMA Curta: 491238.46 | EMA Longa: 491335.49 
01:28:15.482 [INFO]   [Bot] MACD: N/A | Signal: N/A | Volatilidade: 2.08% 
01:28:15.947 [INFO]   [Bot] Score Lucro Esperado: 0.02 | Confiança: 0.45 
01:28:16.329 [INFO]   [Bot] Spread: 1.800% | Buy Price: 489287.54 | Sell Price: 496682.32 
01:28:16.612 [INFO]   [Bot] Tamanho Ordens: 0.00000313 BTC | Depth Factor: 0.38 
01:28:17.049 [INFO]   [Bot] Viés Inventário (Skew): 0.005000 | Viés Tendência: -0.001500 | Total Bias: 0.003500 
01:28:17.359 [INFO]   [Bot] PnL Total: 0.00 BRL | ROI: 0.00% | PnL Não Realizado: 0.00 BRL 
01:28:17.696 [INFO]   [Bot] Posição BTC: 0.00000000 | Saldo BRL: 0.07 | Saldo BTC: 0.00006894 
01:28:18.048 [INFO]   [Bot] Ordens Ativas: 0 | Fills: 0 | Cancelamentos: 10 
01:28:18.366 [INFO]   [Bot] Taxa de Fill: 0.0% | Preço Médio Fill: 491265.50 BRL | Uptime: 9min 
01:28:18.857 [INFO]   [Bot] ──────────────────────────────────────────── 
01:28:29.097 [INFO]   [Bot] Iniciando ciclo 19. 
01:28:29.494 [SUCCESS] [Bot] Orderbook atualizado: Best Bid=491103.00, Best Ask=491427.00. 
01:28:30.509 [DEBUG]  [DB] Preço BTC armazenado: R$ 491265.00 
01:28:30.513 [INFO]   [Bot] Volatilidade calculada: 2.07%. 
01:28:30.554 [DEBUG]  [Bot] Volatilidade no ciclo 19: 2.07% 
01:28:30.682 [INFO]   [Bot] RSI calculado: 32.55. 
01:28:30.803 [INFO]   [Bot] EMA(8) calculada: 491235.75. 
01:28:30.916 [INFO]   [Bot] EMA(20) calculada: 491312.91. 
01:28:31.109 [INFO]   [Bot] EMA(12) calculada: 491273.15. 
01:28:31.548 [INFO]   [Bot] EMA(26) calculada: 491352.29. 
01:28:31.820 [INFO]   [Bot] EMA(9) calculada: 491250.07. 
01:28:32.113 [INFO]   [Bot] MACD calculado: MACD=-79.14, Signal=491250.07. 
01:28:32.527 [INFO]   [Bot] Volatilidade calculada: 2.07%. 
01:28:32.697 [INFO]   [Bot] Análise fills históricos: Bias=0.00%, Sucesso=100.00%, PnL médio=5.47. 
01:28:32.923 [INFO]   [Bot] ADX calculado: 19.31. 
01:28:33.122 [INFO]   [Bot] Previsão de preço | {"trend":"down","confidence":"0.51","expectedProfit":"0.02","rsi":"32.55","emaShort":"491235.75","emaLong":"491312.91","...
01:28:33.313 [DEBUG]  [Bot] Convicção calculada: 45.2% | Tendência: NEUTRAL | Força: VERY_WEAK 
01:28:33.535 [WARN]   [Bot] Confiança baixa (45.2%). Operando em modo conservador com spread expandido. 
01:28:34.134 [ALERT]  [Bot] Saldo BRL muito baixo (0.07 < 9.83). Considere depositar mais fundos. 
01:28:34.306 [WARN]   [Bot] Saldo BRL insuficiente (0.07 < 1.53). Ignorando compra. 
01:28:34.507 [INFO]   [Bot] [DECISION] ✅ PERMITIDO | Ação: SELL_SIGNAL | Confiança: 24.4% | Score negativo: 0.305 
2026-01-13T01:28:34.653Z [INFO]   Placing SELL order: 0.00001000 BTC-BRL at 496681.82
2026-01-13T01:28:34.867Z [INFO]   Final order parameters: {
  async: true,
  externalId: 'ORD_1768267714653',
  limitPrice: 496682,
  qty: '0.00001000',
  side: 'sell',
  stopPrice: 0,
  type: 'limit'
}
01:28:36.732 [INFO]   [DB] Ordem salva: 01KETFG4P1EP33R31J6060BZWP (SELL @ 496681.82, Qty: 0.00001000) 
01:28:36.856 [SUCCESS] [Bot] Ordem SELL 01KETFG4P1EP33R31J6060BZWP colocada @ R$496681.82, Qty: 0.00001000, Taxa Estimada: 0.30% 
01:28:37.285 [SUCCESS] [Bot] Ordem SELL validada: Score negativo: 0.305 
01:28:37.851 [DEBUG]  [Bot] PnL Calculation: Realized=0.00 | Unrealized=0.00 | Total=0.00 | Position=0.00000000 BTC | Cost Basis=0.00 BRL 
01:28:40.705 [DEBUG]  [Bot] [RECOVERY] Ponto registrado: PnL=R$ -186.06, Progresso=0.0%, Baseline=R$ -186.07 
01:28:41.030 [INFO]   [Bot] ────────────── Mini Dashboard ────────────── 
01:28:41.425 [INFO]   [Bot] Ciclo: 19 | Mid Price: 491265.00 | Tendência: down | Regime: BEARISH 
01:28:41.925 [INFO]   [Bot] 🔴 Convicção: 45.2% | Tendência Convicção: NEUTRAL | Força: VERY_WEAK 
01:28:42.160 [INFO]   [Bot]    Indicadores concordam: 2/6 | Nível volatilidade: VERY_LOW 
01:28:42.514 [INFO]   [Bot] 🌐 Tendência Externa: NEUTRAL (Score: 46/100, Confiança: 100%) 
01:28:42.940 [INFO]   [Bot] ⚠️ Alinhamento: Bot=DOWN vs Externo=NEUTRAL 
01:28:43.239 [INFO]   [Bot] RSI: 32.55 | EMA Curta: 491235.75 | EMA Longa: 491312.91 
01:28:43.448 [INFO]   [Bot] MACD: N/A | Signal: N/A | Volatilidade: 2.07% 
01:28:43.768 [INFO]   [Bot] Score Lucro Esperado: 0.02 | Confiança: 0.51 
01:28:43.972 [INFO]   [Bot] Spread: 1.800% | Buy Price: 489287.04 | Sell Price: 496681.82 
01:28:44.278 [INFO]   [Bot] Tamanho Ordens: 0.00000313 BTC | Depth Factor: 0.49 
01:28:44.798 [INFO]   [Bot] Viés Inventário (Skew): 0.005000 | Viés Tendência: -0.001500 | Total Bias: 0.003500 
01:28:45.012 [INFO]   [Bot] PnL Total: 0.00 BRL | ROI: 0.00% | PnL Não Realizado: 0.00 BRL 
01:28:45.335 [INFO]   [Bot] Posição BTC: 0.00000000 | Saldo BRL: 0.07 | Saldo BTC: 0.00006894 
01:28:45.670 [INFO]   [Bot] Ordens Ativas: 1 | Fills: 0 | Cancelamentos: 10 
01:28:45.888 [INFO]   [Bot] Taxa de Fill: 0.0% | Preço Médio Fill: 491265.00 BRL | Uptime: 9min 
01:28:46.093 [INFO]   [Bot] ──────────────────────────────────────────── 
01:28:59.110 [INFO]   [Bot] Iniciando ciclo 20. 
01:28:59.804 [SUCCESS] [Bot] Orderbook atualizado: Best Bid=491111.00, Best Ask=491570.00. 
01:29:02.298 [DEBUG]  [DB] Preço BTC armazenado: R$ 491340.50 
01:29:02.578 [INFO]   [Bot] Volatilidade calculada: 2.06%. 
01:29:03.889 [DEBUG]  [Bot] Volatilidade no ciclo 20: 2.06% 
01:29:04.706 [INFO]   [Bot] RSI calculado: 42.45. 
01:29:05.321 [INFO]   [Bot] EMA(8) calculada: 491265.01. 
01:29:05.685 [INFO]   [Bot] EMA(20) calculada: 491298.32. 
01:29:06.277 [INFO]   [Bot] EMA(12) calculada: 491279.28. 
01:29:06.516 [INFO]   [Bot] EMA(26) calculada: 491351.02. 
01:29:06.740 [INFO]   [Bot] EMA(9) calculada: 491272.05. 
01:29:06.968 [INFO]   [Bot] MACD calculado: MACD=-71.73, Signal=491272.05. 
01:29:07.186 [INFO]   [Bot] Volatilidade calculada: 2.06%. 
01:29:07.352 [INFO]   [Bot] Análise fills históricos: Bias=0.00%, Sucesso=100.00%, PnL médio=5.47. 
01:29:07.562 [INFO]   [Bot] ADX calculado: 17.14. 
01:29:07.826 [INFO]   [Bot] Previsão de preço | {"trend":"down","confidence":"0.45","expectedProfit":"0.02","rsi":"42.45","emaShort":"491265.01","emaLong":"491298.32","...
01:29:08.047 [DEBUG]  [Bot] Convicção calculada: 46.6% | Tendência: NEUTRAL | Força: VERY_WEAK 
01:29:08.234 [WARN]   [Bot] Confiança baixa (46.6%). Operando em modo conservador com spread expandido. 
01:29:08.757 [DEBUG]  [Bot] Status ordem 01KETFG4P1EP33R31J6060BZWP: working, Filled: 0.00000000. 
01:29:08.914 [INFO]   [Bot] Cancelando ordem SELL 01KETFG4P1EP33R31J6060BZWP @ R$496681.82, Qty: 0.00001000. 
01:29:10.276 [INFO]   [DB] Ordem salva: 01KETFG4P1EP33R31J6060BZWP (SELL @ 496681.82, Qty: 0.00001000) 
01:29:10.410 [SUCCESS] [Bot] Ordem SELL 01KETFG4P1EP33R31J6060BZWP cancelada com sucesso. 
01:29:10.600 [SUCCESS] [Bot] Take-profit acionado para ordem SELL. 
01:29:11.148 [ALERT]  [Bot] Saldo BRL muito baixo (0.07 < 9.83). Considere depositar mais fundos. 
01:29:11.257 [WARN]   [Bot] Saldo BRL insuficiente (0.07 < 1.53). Ignorando compra. 
01:29:11.459 [INFO]   [Bot] [DECISION] 🚫 BLOQUEADO | Ação: SELL_SIGNAL | Confiança: 21.5% | Score combinado insuficiente para operar 
01:29:11.597 [WARN]   [Bot] Ordem SELL cancelada por validação externa: Score combinado insuficiente para operar 
01:29:11.770 [DEBUG]  [Bot] PnL Calculation: Realized=0.00 | Unrealized=0.00 | Total=0.00 | Position=0.00000000 BTC | Cost Basis=0.00 BRL 
01:29:12.843 [DEBUG]  [Bot] [RECOVERY] Ponto registrado: PnL=R$ -186.06, Progresso=0.0%, Baseline=R$ -186.07 
01:29:12.954 [INFO]   [Bot] Desempenho estável. Sem ajustes nos parâmetros. 
01:29:13.279 [INFO]   [DB] Validação de PnL concluída: | {"timestamp":"2026-01-13T01:29:13.279Z","total_trades":43,"buy_trades":4,"sell_trades":39,"total_cost":"21.53","total_re...
01:29:13.374 [WARN]   [Bot] DISCREPÂNCIA DE PnL DETECTADA: Bot=0 | DB=193.25 | Diff=193.25 BRL 
01:29:13.507 [INFO]   [Bot] ────────────── Mini Dashboard ────────────── 
01:29:13.669 [INFO]   [Bot] Ciclo: 20 | Mid Price: 491340.50 | Tendência: down | Regime: BEARISH 
01:29:13.825 [INFO]   [Bot] 🔴 Convicção: 46.6% | Tendência Convicção: NEUTRAL | Força: VERY_WEAK 
01:29:13.972 [INFO]   [Bot]    Indicadores concordam: 3/6 | Nível volatilidade: VERY_LOW 
01:29:14.102 [INFO]   [Bot] 🌐 Tendência Externa: NEUTRAL (Score: 46/100, Confiança: 100%) 
01:29:14.271 [INFO]   [Bot] ⚠️ Alinhamento: Bot=DOWN vs Externo=NEUTRAL 
01:29:14.416 [INFO]   [Bot] RSI: 42.45 | EMA Curta: 491265.01 | EMA Longa: 491298.32 
01:29:14.554 [INFO]   [Bot] MACD: N/A | Signal: N/A | Volatilidade: 2.06% 
01:29:14.685 [INFO]   [Bot] Score Lucro Esperado: 0.02 | Confiança: 0.45 
01:29:14.828 [INFO]   [Bot] Spread: 1.800% | Buy Price: 489362.24 | Sell Price: 496758.15 
01:29:14.944 [INFO]   [Bot] Tamanho Ordens: 0.00000313 BTC | Depth Factor: 0.49 
01:29:15.092 [INFO]   [Bot] Viés Inventário (Skew): 0.005000 | Viés Tendência: -0.001500 | Total Bias: 0.003500 
01:29:15.272 [INFO]   [Bot] PnL Total: 0.00 BRL | ROI: 0.00% | PnL Não Realizado: 0.00 BRL 
01:29:15.419 [INFO]   [Bot] Posição BTC: 0.00000000 | Saldo BRL: 0.07 | Saldo BTC: 0.00006894 
01:29:15.614 [INFO]   [Bot] Ordens Ativas: 0 | Fills: 0 | Cancelamentos: 11 
01:29:15.862 [INFO]   [Bot] Taxa de Fill: 0.0% | Preço Médio Fill: 491340.50 BRL | Uptime: 10min 
01:29:16.068 [INFO]   [Bot] ──────────────────────────────────────────── 
01:29:29.121 [INFO]   [Bot] Iniciando ciclo 21. 
01:29:29.280 [INFO]   [Bot] Consultando tendências externas do Bitcoin... 
01:29:29 [TREND INFO] Iniciando análise de tendência externa... 
01:29:30 [TREND INFO] CoinGecko Score: 42
01:29:30 [TREND INFO] Binance Score: 60
01:29:30 [TREND INFO] Fear & Greed Score: 26
01:29:30 [TREND SUCCESS] Análise externa concluída: {"trend":"NEUTRAL","score":46,"confidence":100}
01:29:30.557 [SUCCESS] [Bot] Tendência Externa: NEUTRAL (Score: 46/100, Confiança: 100%) 
01:29:30.950 [SUCCESS] [Bot] Orderbook atualizado: Best Bid=491100.00, Best Ask=491349.00. 
01:29:31.786 [DEBUG]  [DB] Preço BTC armazenado: R$ 491224.50 
01:29:31.791 [INFO]   [Bot] Volatilidade calculada: 2.00%. 
01:29:31.819 [DEBUG]  [Bot] Volatilidade no ciclo 21: 2.00% 
01:29:31.879 [INFO]   [Bot] RSI calculado: 40.85. 
01:29:32.076 [INFO]   [Bot] EMA(8) calculada: 491267.15. 
01:29:32.300 [INFO]   [Bot] EMA(20) calculada: 491283.24. 
01:29:32.521 [INFO]   [Bot] EMA(12) calculada: 491250.45. 
01:29:32.700 [INFO]   [Bot] EMA(26) calculada: 491332.49. 
01:29:32.881 [INFO]   [Bot] EMA(9) calculada: 491245.21. 
01:29:33.037 [INFO]   [Bot] MACD calculado: MACD=-82.04, Signal=491245.21. 
01:29:33.198 [INFO]   [Bot] Volatilidade calculada: 1.59%. 
01:29:33.436 [INFO]   [Bot] Análise fills históricos: Bias=0.00%, Sucesso=100.00%, PnL médio=5.47. 
01:29:33.641 [INFO]   [Bot] ADX calculado: 24.70. 
01:29:33.992 [INFO]   [Bot] Previsão de preço | {"trend":"down","confidence":"0.43","expectedProfit":"0.02","rsi":"40.85","emaShort":"491267.15","emaLong":"491283.24","...
01:29:34.178 [DEBUG]  [Bot] Convicção calculada: 44.0% | Tendência: DOWN | Força: VERY_WEAK 
01:29:34.398 [WARN]   [Bot] Confiança baixa (44.0%). Operando em modo conservador com spread expandido. 
01:29:35.073 [ALERT]  [Bot] Saldo BRL muito baixo (0.07 < 9.82). Considere depositar mais fundos. 
01:29:35.181 [WARN]   [Bot] Saldo BRL insuficiente (0.07 < 1.53). Ignorando compra. 
01:29:35.335 [INFO]   [Bot] [DECISION] 🚫 BLOQUEADO | Ação: SELL_SIGNAL | Confiança: 20.9% | Score combinado insuficiente para operar 
01:29:35.534 [WARN]   [Bot] Ordem SELL cancelada por validação externa: Score combinado insuficiente para operar 
01:29:35.816 [DEBUG]  [Bot] PnL Calculation: Realized=0.00 | Unrealized=0.00 | Total=0.00 | Position=0.00000000 BTC | Cost Basis=0.00 BRL 
01:29:36.933 [DEBUG]  [Bot] [RECOVERY] Ponto registrado: PnL=R$ -186.06, Progresso=0.0%, Baseline=R$ -186.07 
01:29:37.018 [INFO]   [Bot] ────────────── Mini Dashboard ────────────── 
01:29:37.154 [INFO]   [Bot] Ciclo: 21 | Mid Price: 491224.50 | Tendência: down | Regime: BEARISH 
01:29:37.302 [INFO]   [Bot] 🔴 Convicção: 44.0% | Tendência Convicção: DOWN | Força: VERY_WEAK 
01:29:37.530 [INFO]   [Bot]    Indicadores concordam: 3/6 | Nível volatilidade: VERY_LOW 
01:29:37.746 [INFO]   [Bot] 🌐 Tendência Externa: NEUTRAL (Score: 46/100, Confiança: 100%) 
01:29:37.956 [INFO]   [Bot] ⚠️ Alinhamento: Bot=DOWN vs Externo=NEUTRAL 
01:29:38.225 [INFO]   [Bot] RSI: 40.85 | EMA Curta: 491267.15 | EMA Longa: 491283.24 
01:29:38.411 [INFO]   [Bot] MACD: N/A | Signal: N/A | Volatilidade: 1.59% 
01:29:38.679 [INFO]   [Bot] Score Lucro Esperado: 0.02 | Confiança: 0.43 
01:29:39.004 [INFO]   [Bot] Spread: 1.800% | Buy Price: 489246.70 | Sell Price: 496640.87 
01:29:39.182 [INFO]   [Bot] Tamanho Ordens: 0.00000312 BTC | Depth Factor: 0.20 
01:29:39.568 [INFO]   [Bot] Viés Inventário (Skew): 0.005000 | Viés Tendência: -0.001500 | Total Bias: 0.003500 
01:29:40.056 [INFO]   [Bot] PnL Total: 0.00 BRL | ROI: 0.00% | PnL Não Realizado: 0.00 BRL 
01:29:40.279 [INFO]   [Bot] Posição BTC: 0.00000000 | Saldo BRL: 0.07 | Saldo BTC: 0.00006894 
01:29:40.592 [INFO]   [Bot] Ordens Ativas: 0 | Fills: 0 | Cancelamentos: 11 
01:29:40.757 [INFO]   [Bot] Taxa de Fill: 0.0% | Preço Médio Fill: 491224.50 BRL | Uptime: 10min 
01:29:40.977 [INFO]   [Bot] ──────────────────────────────────────────── 
01:29:59.133 [INFO]   [Bot] Iniciando ciclo 22. 
01:29:59.592 [SUCCESS] [Bot] Orderbook atualizado: Best Bid=491100.00, Best Ask=491349.00. 
01:30:02.012 [DEBUG]  [DB] Preço BTC armazenado: R$ 491224.50 
01:30:02.197 [INFO]   [Bot] Volatilidade calculada: 1.59%. 
01:30:02.621 [DEBUG]  [Bot] Volatilidade no ciclo 22: 1.59% 
01:30:03.099 [INFO]   [Bot] RSI calculado: 50.48. 
01:30:03.446 [INFO]   [Bot] EMA(8) calculada: 491250.24. 
01:30:03.629 [INFO]   [Bot] EMA(20) calculada: 491281.77. 
01:30:03.825 [INFO]   [Bot] EMA(12) calculada: 491230.89. 
01:30:04.059 [INFO]   [Bot] EMA(26) calculada: 491307.29. 
01:30:04.393 [INFO]   [Bot] EMA(9) calculada: 491252.31. 
01:30:05.029 [INFO]   [Bot] MACD calculado: MACD=-76.39, Signal=491252.31. 
01:30:05.369 [INFO]   [Bot] Volatilidade calculada: 1.59%. 
01:30:05.651 [INFO]   [Bot] Análise fills históricos: Bias=0.00%, Sucesso=100.00%, PnL médio=5.47. 
01:30:05.886 [INFO]   [Bot] ADX calculado: 24.58. 
01:30:06.409 [INFO]   [Bot] Previsão de preço | {"trend":"down","confidence":"0.38","expectedProfit":"0.02","rsi":"50.48","emaShort":"491250.24","emaLong":"491281.77","...
01:30:06.932 [DEBUG]  [Bot] Convicção calculada: 48.0% | Tendência: DOWN | Força: VERY_WEAK 
01:30:07.376 [WARN]   [Bot] Confiança baixa (48.0%). Operando em modo conservador com spread expandido. 
01:30:08.143 [ALERT]  [Bot] Saldo BRL muito baixo (0.07 < 9.82). Considere depositar mais fundos. 
01:30:08.381 [WARN]   [Bot] Saldo BRL insuficiente (0.07 < 1.53). Ignorando compra. 
01:30:08.702 [INFO]   [Bot] [DECISION] 🚫 BLOQUEADO | Ação: SELL_SIGNAL | Confiança: 18.4% | Score combinado insuficiente para operar 
01:30:09.018 [WARN]   [Bot] Ordem SELL cancelada por validação externa: Score combinado insuficiente para operar 
01:30:09.308 [DEBUG]  [Bot] PnL Calculation: Realized=0.00 | Unrealized=0.00 | Total=0.00 | Position=0.00000000 BTC | Cost Basis=0.00 BRL 
01:30:11.186 [DEBUG]  [Bot] [RECOVERY] Ponto registrado: PnL=R$ -186.06, Progresso=0.0%, Baseline=R$ -186.07 
01:30:11.355 [INFO]   [Bot] ────────────── Mini Dashboard ────────────── 
01:30:11.726 [INFO]   [Bot] Ciclo: 22 | Mid Price: 491224.50 | Tendência: down | Regime: BEARISH 
01:30:12.248 [INFO]   [Bot] 🔴 Convicção: 48.0% | Tendência Convicção: DOWN | Força: VERY_WEAK 
01:30:12.481 [INFO]   [Bot]    Indicadores concordam: 3/6 | Nível volatilidade: VERY_LOW 
01:30:12.756 [INFO]   [Bot] 🌐 Tendência Externa: NEUTRAL (Score: 46/100, Confiança: 100%) 
01:30:12.979 [INFO]   [Bot] ⚠️ Alinhamento: Bot=DOWN vs Externo=NEUTRAL 
01:30:13.224 [INFO]   [Bot] RSI: 50.48 | EMA Curta: 491250.24 | EMA Longa: 491281.77 
01:30:13.357 [INFO]   [Bot] MACD: N/A | Signal: N/A | Volatilidade: 1.59% 
01:30:13.578 [INFO]   [Bot] Score Lucro Esperado: 0.02 | Confiança: 0.38 
01:30:13.863 [INFO]   [Bot] Spread: 1.800% | Buy Price: 489246.70 | Sell Price: 496640.87 
01:30:14.050 [INFO]   [Bot] Tamanho Ordens: 0.00000312 BTC | Depth Factor: 0.20 
01:30:14.245 [INFO]   [Bot] Viés Inventário (Skew): 0.005000 | Viés Tendência: -0.001500 | Total Bias: 0.003500 
01:30:14.387 [INFO]   [Bot] PnL Total: 0.00 BRL | ROI: 0.00% | PnL Não Realizado: 0.00 BRL 
01:30:14.548 [INFO]   [Bot] Posição BTC: 0.00000000 | Saldo BRL: 0.07 | Saldo BTC: 0.00006894 
01:30:14.722 [INFO]   [Bot] Ordens Ativas: 0 | Fills: 0 | Cancelamentos: 11 
01:30:14.906 [INFO]   [Bot] Taxa de Fill: 0.0% | Preço Médio Fill: 491224.50 BRL | Uptime: 11min 
01:30:15.086 [INFO]   [Bot] ──────────────────────────────────────────── 
01:30:29.144 [INFO]   [Bot] Iniciando ciclo 23. 
01:30:29.680 [SUCCESS] [Bot] Orderbook atualizado: Best Bid=491101.00, Best Ask=491349.00. 
01:30:31.341 [DEBUG]  [DB] Preço BTC armazenado: R$ 491225.00 
01:30:31.589 [INFO]   [Bot] Volatilidade calculada: 1.57%. 
01:30:31.988 [DEBUG]  [Bot] Volatilidade no ciclo 23: 1.57% 
01:30:32.348 [INFO]   [Bot] RSI calculado: 64.48. 
01:30:32.977 [INFO]   [Bot] EMA(8) calculada: 491250.38. 
01:30:33.400 [INFO]   [Bot] EMA(20) calculada: 491271.81. 
01:30:34.257 [INFO]   [Bot] EMA(12) calculada: 491247.47. 
01:30:34.880 [INFO]   [Bot] EMA(26) calculada: 491275.94. 
01:30:35.295 [INFO]   [Bot] EMA(9) calculada: 491242.42. 
01:30:35.558 [INFO]   [Bot] MACD calculado: MACD=-28.47, Signal=491242.42. 
01:30:35.880 [INFO]   [Bot] Volatilidade calculada: 1.57%. 
01:30:36.228 [INFO]   [Bot] Análise fills históricos: Bias=0.00%, Sucesso=100.00%, PnL médio=5.47. 
01:30:36.415 [INFO]   [Bot] ADX calculado: 24.46. 
01:30:36.669 [INFO]   [Bot] Previsão de preço | {"trend":"down","confidence":"0.47","expectedProfit":"0.02","rsi":"64.48","emaShort":"491250.38","emaLong":"491271.81","...
01:30:37.072 [DEBUG]  [Bot] Convicção calculada: 50.9% | Tendência: NEUTRAL | Força: WEAK 
01:30:37.637 [ALERT]  [Bot] Saldo BRL muito baixo (0.07 < 9.82). Considere depositar mais fundos. 
01:30:37.814 [WARN]   [Bot] Saldo BRL insuficiente (0.07 < 5.10). Ignorando compra. 
01:30:38.038 [INFO]   [Bot] [DECISION] 🚫 BLOQUEADO | Ação: SELL_SIGNAL | Confiança: 22.3% | Score combinado insuficiente para operar 
01:30:38.333 [WARN]   [Bot] Ordem SELL cancelada por validação externa: Score combinado insuficiente para operar 
01:30:38.649 [DEBUG]  [Bot] PnL Calculation: Realized=0.00 | Unrealized=0.00 | Total=0.00 | Position=0.00000000 BTC | Cost Basis=0.00 BRL 
01:30:40.271 [DEBUG]  [Bot] [RECOVERY] Ponto registrado: PnL=R$ -186.06, Progresso=0.0%, Baseline=R$ -186.07 
01:30:40.499 [INFO]   [Bot] ────────────── Mini Dashboard ────────────── 
01:30:40.825 [INFO]   [Bot] Ciclo: 23 | Mid Price: 491225.00 | Tendência: down | Regime: BEARISH 
01:30:40.974 [INFO]   [Bot] 🟡 Convicção: 50.9% | Tendência Convicção: NEUTRAL | Força: WEAK 
01:30:41.182 [INFO]   [Bot]    Indicadores concordam: 3/6 | Nível volatilidade: VERY_LOW 
01:30:41.568 [INFO]   [Bot] 🌐 Tendência Externa: NEUTRAL (Score: 46/100, Confiança: 100%) 
01:30:41.909 [INFO]   [Bot] ⚠️ Alinhamento: Bot=DOWN vs Externo=NEUTRAL 
01:30:42.225 [INFO]   [Bot] RSI: 64.48 | EMA Curta: 491250.38 | EMA Longa: 491271.81 
01:30:42.600 [INFO]   [Bot] MACD: N/A | Signal: N/A | Volatilidade: 1.57% 
01:30:43.184 [INFO]   [Bot] Score Lucro Esperado: 0.02 | Confiança: 0.47 
01:30:43.383 [INFO]   [Bot] Spread: 1.500% | Buy Price: 489247.20 | Sell Price: 496641.37 
01:30:43.512 [INFO]   [Bot] Tamanho Ordens: 0.00001039 BTC | Depth Factor: 0.35 
01:30:43.684 [INFO]   [Bot] Viés Inventário (Skew): 0.005000 | Viés Tendência: -0.001500 | Total Bias: 0.003500 
01:30:43.918 [INFO]   [Bot] PnL Total: 0.00 BRL | ROI: 0.00% | PnL Não Realizado: 0.00 BRL 
01:30:44.085 [INFO]   [Bot] Posição BTC: 0.00000000 | Saldo BRL: 0.07 | Saldo BTC: 0.00006894 
01:30:44.363 [INFO]   [Bot] Ordens Ativas: 0 | Fills: 0 | Cancelamentos: 11 
01:30:44.480 [INFO]   [Bot] Taxa de Fill: 0.0% | Preço Médio Fill: 491225.00 BRL | Uptime: 11min 
01:30:45.097 [INFO]   [Bot] ──────────────────────────────────────────── 
01:30:59.148 [INFO]   [Bot] Iniciando ciclo 24. 
01:30:59.706 [SUCCESS] [Bot] Orderbook atualizado: Best Bid=491103.00, Best Ask=491427.00. 
01:31:01.281 [DEBUG]  [DB] Preço BTC armazenado: R$ 491265.00 
01:31:01.427 [INFO]   [Bot] Volatilidade calculada: 1.55%. 
01:31:01.609 [DEBUG]  [Bot] Volatilidade no ciclo 24: 1.55% 
01:31:01.743 [INFO]   [Bot] RSI calculado: 49.89. 
01:31:01.920 [INFO]   [Bot] EMA(8) calculada: 491240.62. 
01:31:02.088 [INFO]   [Bot] EMA(20) calculada: 491257.54. 
01:31:02.249 [INFO]   [Bot] EMA(12) calculada: 491252.38. 
01:31:02.393 [INFO]   [Bot] EMA(26) calculada: 491272.69. 
01:31:02.606 [INFO]   [Bot] EMA(9) calculada: 491258.66. 
01:31:02.933 [INFO]   [Bot] MACD calculado: MACD=-20.31, Signal=491258.66. 
01:31:03.167 [INFO]   [Bot] Volatilidade calculada: 1.55%. 
01:31:03.481 [INFO]   [Bot] Análise fills históricos: Bias=0.00%, Sucesso=100.00%, PnL médio=5.47. 
01:31:03.908 [INFO]   [Bot] ADX calculado: 22.84. 
01:31:04.360 [INFO]   [Bot] Previsão de preço | {"trend":"down","confidence":"0.38","expectedProfit":"0.02","rsi":"49.89","emaShort":"491240.62","emaLong":"491257.54","...
01:31:04.563 [DEBUG]  [Bot] Convicção calculada: 46.4% | Tendência: NEUTRAL | Força: VERY_WEAK 
01:31:04.671 [WARN]   [Bot] Confiança baixa (46.4%). Operando em modo conservador com spread expandido. 
01:31:05.107 [ALERT]  [Bot] Saldo BRL muito baixo (0.07 < 9.83). Considere depositar mais fundos. 
01:31:05.305 [WARN]   [Bot] Saldo BRL insuficiente (0.07 < 1.53). Ignorando compra. 
01:31:05.631 [INFO]   [Bot] [DECISION] 🚫 BLOQUEADO | Ação: SELL_SIGNAL | Confiança: 18.2% | Score combinado insuficiente para operar 
01:31:05.829 [WARN]   [Bot] Ordem SELL cancelada por validação externa: Score combinado insuficiente para operar 
01:31:06.012 [DEBUG]  [Bot] PnL Calculation: Realized=0.00 | Unrealized=0.00 | Total=0.00 | Position=0.00000000 BTC | Cost Basis=0.00 BRL 
01:31:07.489 [DEBUG]  [Bot] [RECOVERY] Ponto registrado: PnL=R$ -186.06, Progresso=0.0%, Baseline=R$ -186.07 
01:31:07.567 [INFO]   [Bot] ────────────── Mini Dashboard ────────────── 
01:31:07.678 [INFO]   [Bot] Ciclo: 24 | Mid Price: 491265.00 | Tendência: down | Regime: BEARISH 
01:31:07.813 [INFO]   [Bot] 🔴 Convicção: 46.4% | Tendência Convicção: NEUTRAL | Força: VERY_WEAK 
01:31:07.919 [INFO]   [Bot]    Indicadores concordam: 2/6 | Nível volatilidade: VERY_LOW 
01:31:08.092 [INFO]   [Bot] 🌐 Tendência Externa: NEUTRAL (Score: 46/100, Confiança: 100%) 
01:31:08.247 [INFO]   [Bot] ⚠️ Alinhamento: Bot=DOWN vs Externo=NEUTRAL 
