nohup: ignoring input

> mb-bot@1.0.0 start
> concurrently --kill-others "npm:live" "npm:dashboard"

[live] 
[live] > mb-bot@1.0.0 live
[live] > SIMULATE=false node bot.js
[live] 
[dashboard] 
[dashboard] > mb-bot@1.0.0 dashboard
[dashboard] > node dashboard.js
[dashboard] 
[live] 22:15:30.375 [INFO]   [Bot] Inicializando bot... 
[live] 22:15:30.379 [INFO]   [Bot] Inicializando banco de dados... 
[live] 22:15:30.444 [SUCCESS] [DB] Banco de dados inicializado com sucesso. 
[live] 22:15:30.447 [SUCCESS] [Bot] Banco de dados inicializado. 
[live] 22:15:30.485 [INFO]   [Bot] Autenticando Mercado Bitcoin... 
[live] 2026-01-12T22:15:30.534Z [INFO]   API_KEY: bdb29a91...
[live] 2026-01-12T22:15:30.534Z [INFO]   API_SECRET: e14075f1...
[live] 2026-01-12T22:15:31.777Z [INFO]   Account ID: f02d1506...
[live] 2026-01-12T22:15:31.777Z [INFO]   Access Token: eyJhbGci...
[live] 2026-01-12T22:15:31.777Z [SUCCESS] Authentication OK - Token expires in 59 minutes
[live] 22:15:31.777 [SUCCESS] [Bot] Autenticado com sucesso. 
[live] 22:15:31.786 [INFO]   [Bot] Iniciando warmup com velas históricas para evitar decisões ruins iniciais. 
[live] 22:15:32.194 [INFO]   [Bot] Buscadas 81 velas históricas válidas. 
[live] 22:15:32.201 [SUCCESS] [Bot] Warmup completo com 60 velas históricas. 
[live] 22:15:32.247 [INFO]   [Bot] Carregando fills históricos... 
[live] 22:15:32.286 [INFO]   [DB] Carregados 0 fills históricos. 
[live] 22:15:32.310 [SUCCESS] [Bot] Carregados 0 fills históricos. 
[live] 22:15:32.347 [INFO]   [Bot] Iniciando loop principal. 
[live] 22:15:32.366 [INFO]   [Bot] Iniciando ciclo 1. 
[live] 22:15:32.385 [INFO]   [Bot] Consultando tendências externas do Bitcoin... 
[live] 22:15:32 [TREND INFO] Iniciando análise de tendência externa... 
[live] 22:15:32 [TREND INFO] CoinGecko Score: 52
[live] 22:15:32 [TREND INFO] Binance Score: 70
[live] 22:15:32 [TREND INFO] Fear & Greed Score: 27
[live] 22:15:32 [TREND SUCCESS] Análise externa concluída: {"trend":"NEUTRAL","score":54,"confidence":100}
[live] 22:15:32.957 [SUCCESS] [Bot] Tendência Externa: NEUTRAL (Score: 54/100, Confiança: 100%) 
[live] 22:15:33.174 [SUCCESS] [Bot] Orderbook atualizado: Best Bid=490956.00, Best Ask=491060.00. 
[live] 22:15:33.254 [INFO]   [Bot] Volatilidade calculada: 2.59%. 
[live] 22:15:33.411 [DEBUG]  [Bot] Volatilidade no ciclo 1: 2.59% 
[live] 22:15:33.477 [INFO]   [Bot] RSI calculado: 55.64. 
[live] 22:15:33.516 [INFO]   [Bot] EMA(8) calculada: 490974.66. 
[live] 22:15:33.561 [INFO]   [Bot] EMA(20) calculada: 490523.09. 
[live] 22:15:33.592 [INFO]   [Bot] EMA(12) calculada: 490910.02. 
[live] 22:15:33.624 [INFO]   [Bot] EMA(26) calculada: 490614.18. 
[live] 22:15:33.648 [INFO]   [Bot] EMA(9) calculada: 490954.67. 
[live] 22:15:33.668 [INFO]   [Bot] MACD calculado: MACD=295.84, Signal=490954.67. 
[live] 22:15:33.691 [INFO]   [Bot] Volatilidade calculada: 2.59%. 
[live] 22:15:33.744 [INFO]   [Bot] Fills históricos insuficientes para análise. Retornando valores padrão. 
[live] 22:15:33.765 [INFO]   [Bot] ADX calculado: 17.43. 
[live] 22:15:33.792 [INFO]   [Bot] Previsão de preço | {"trend":"neutral","confidence":"0.41","expectedProfit":"0.05","rsi":"55.64","emaShort":"490974.66","emaLong":"490523.09...
[live] 22:15:34.040 [ALERT]  [Bot] Saldo BRL muito baixo (0.07 < 9.82). Considere depositar mais fundos. 
[live] 22:15:34.054 [WARN]   [Bot] Saldo BTC muito baixo (0.00001576 < 0.00002000). Apenas ordens de compra serão colocadas. 
[live] 22:15:34.076 [WARN]   [Bot] Saldo BRL insuficiente (0.07 < 5.36). Ignorando compra. 
[live] 2026-01-12T22:15:34.098Z [INFO]   Placing SELL order: 0.00001087 BTC-BRL at 497164.02
[live] 2026-01-12T22:15:34.318Z [INFO]   Final order parameters: {
[live]   async: true,
[live]   externalId: 'ORD_1768256134098',
[live]   limitPrice: 497164,
[live]   qty: '0.00001087',
[live]   side: 'sell',
[live]   stopPrice: 0,
[live]   type: 'limit'
[live] }
[live] 22:15:34.697 [INFO]   [DB] Ordem salva: 01KET4ER422WG9J8SFPSZGC8YM (SELL @ 497164.02, Qty: 0.00001087) 
[live] 22:15:34.704 [SUCCESS] [Bot] Ordem SELL 01KET4ER422WG9J8SFPSZGC8YM colocada @ R$497164.02, Qty: 0.00001087, Taxa Estimada: 0.30% 
[live] 22:15:34.736 [SUCCESS] [Bot] Ordem SELL validada: Tendências alinhadas: Bot=NEUTRAL, Externo=NEUTRAL 
[live] 22:15:34.783 [DEBUG]  [Bot] PnL Calculation: Realized=0.00 | Unrealized=0.00 | Total=0.00 | Position=0.00000000 BTC | Cost Basis=0.00 BRL 
[live] 22:15:34.809 [INFO]   [Bot] ────────────── Mini Dashboard ────────────── 
[live] 22:15:34.835 [INFO]   [Bot] Ciclo: 1 | Mid Price: 491008.00 | Tendência: neutral | Regime: BULLISH 
[live] 22:15:34.873 [INFO]   [Bot] 🌐 Tendência Externa: NEUTRAL (Score: 54/100, Confiança: 100%) 
[live] 22:15:34.912 [INFO]   [Bot] ✅ Alinhamento: Bot=NEUTRAL vs Externo=NEUTRAL 
[live] 22:15:34.944 [INFO]   [Bot] RSI: 55.64 | EMA Curta: 490974.66 | EMA Longa: 490523.09 
[live] 22:15:34.973 [INFO]   [Bot] MACD: N/A | Signal: N/A | Volatilidade: 2.59% 
[live] 22:15:35.005 [INFO]   [Bot] Score Lucro Esperado: 0.05 | Confiança: 0.41 
[live] 22:15:35.036 [INFO]   [Bot] Spread: 1.500% | Buy Price: 489762.06 | Sell Price: 497164.02 
[live] 22:15:35.076 [INFO]   [Bot] Tamanho Ordens: 0.00001091 BTC | Depth Factor: 0.50 
[live] 22:15:35.103 [INFO]   [Bot] Viés Inventário (Skew): 0.005000 | Viés Tendência: 0.000000 | Total Bias: 0.005000 
[live] 22:15:35.130 [INFO]   [Bot] PnL Total: 0.00 BRL | ROI: 0.00% | PnL Não Realizado: 0.00 BRL 
[live] 22:15:35.163 [INFO]   [Bot] Posição BTC: 0.00000000 | Saldo BRL: 0.07 | Saldo BTC: 0.00001576 
[live] 22:15:35.188 [INFO]   [Bot] Ordens Ativas: 1 | Fills: 0 | Cancelamentos: 0 
[live] 22:15:35.217 [INFO]   [Bot] Taxa de Fill: 0.0% | Preço Médio Fill: 491008.00 BRL | Uptime: 0min 
[live] 22:15:35.246 [INFO]   [Bot] ──────────────────────────────────────────── 
[live] 22:15:35.267 [SUCCESS] [Bot] Bot operacional - SIMULATE=false 
[dashboard] 22:15:37.260 [SUCCESS] [DB] Banco de dados inicializado com sucesso. 
[dashboard] [22:15:37] [DASHBOARD INFO] Loaded PNL history with 164 points from /mnt/c/PROJETOS_PESSOAIS/mb-bot/pnl_history.json 
[dashboard] 22:15:37.355 [INFO]   [DB] Carregados 0 fills históricos. 
[dashboard] [22:15:37] [DASHBOARD INFO] Carregados 0 fills históricos do banco de dados. 
[dashboard] node:events:502
[dashboard]       throw er; // Unhandled 'error' event
[dashboard]       ^
[dashboard] 
[dashboard] Error: listen EADDRINUSE: address already in use 0.0.0.0:3001
[dashboard]     at Server.setupListenHandle [as _listen2] (node:net:1908:16)
[dashboard]     at listenInCluster (node:net:1965:12)
[dashboard]     at doListen (node:net:2139:7)
[dashboard]     at process.processTicksAndRejections (node:internal/process/task_queues:83:21)
[dashboard] Emitted 'error' event on Server instance at:
[dashboard]     at emitErrorNT (node:net:1944:8)
[dashboard]     at process.processTicksAndRejections (node:internal/process/task_queues:82:21) {
[dashboard]   code: 'EADDRINUSE',
[dashboard]   errno: -98,
[dashboard]   syscall: 'listen',
[dashboard]   address: '0.0.0.0',
[dashboard]   port: 3001
[dashboard] }
[dashboard] 
[dashboard] Node.js v20.19.5
[dashboard] npm run dashboard exited with code 1
--> Sending SIGTERM to other processes..
[live] npm run live exited with code SIGTERM
