[23:20:13] [DASHBOARD INFO] Starting Dashboard - SIMULATE=false, PORT=3001 
[23:20:13] [DASHBOARD INFO] Dashboard ready at http://localhost:3001 - Mode: LIVE 
2025-09-25T23:20:47.024Z [DEBUG]  Rate limit: waiting 333ms
2025-09-25T23:20:47.025Z [DEBUG]  Rate limit: waiting 332ms
2025-09-25T23:20:47.026Z [WARN]   Token expired/near expiry, reauthenticating...
2025-09-25T23:20:47.027Z [INFO]   API_KEY: bdb29a91...
2025-09-25T23:20:47.028Z [INFO]   API_SECRET: e14075f1...
2025-09-25T23:20:47.359Z [WARN]   Token expired/near expiry, reauthenticating...
2025-09-25T23:20:47.361Z [INFO]   API_KEY: bdb29a91...
2025-09-25T23:20:47.364Z [INFO]   API_SECRET: e14075f1...
2025-09-25T23:20:47.371Z [WARN]   Token expired/near expiry, reauthenticating...
2025-09-25T23:20:47.374Z [INFO]   API_KEY: bdb29a91...
2025-09-25T23:20:47.376Z [INFO]   API_SECRET: e14075f1...
2025-09-25T23:20:48.458Z [INFO]   Account ID: f02d1506...
2025-09-25T23:20:48.459Z [INFO]   Access Token: eyJhbGci...
2025-09-25T23:20:48.461Z [SUCCESS] Authentication OK - Token expires in 59 minutes
2025-09-25T23:20:48.461Z [DEBUG]  [GET] /accounts/null/balances
2025-09-25T23:20:48.550Z [INFO]   Account ID: f02d1506...
2025-09-25T23:20:48.550Z [INFO]   Access Token: eyJhbGci...
2025-09-25T23:20:48.551Z [SUCCESS] Authentication OK - Token expires in 59 minutes
2025-09-25T23:20:48.551Z [DEBUG]  [GET] /accounts/null/BTC-BRL/orders
2025-09-25T23:20:48.599Z [INFO]   Account ID: f02d1506...
2025-09-25T23:20:48.600Z [INFO]   Access Token: eyJhbGci...
2025-09-25T23:20:48.601Z [SUCCESS] Authentication OK - Token expires in 59 minutes
2025-09-25T23:20:48.604Z [DEBUG]  [GET] /tickers
[23:20:48] [DASHBOARD ERROR] LIVE fetch failed: HTTP 403
2025-09-25T23:20:52.193Z [DEBUG]  Rate limit: waiting 333ms
2025-09-25T23:20:52.194Z [DEBUG]  Rate limit: waiting 332ms
2025-09-25T23:20:52.195Z [DEBUG]  [GET] /tickers
2025-09-25T23:20:52.526Z [DEBUG]  [GET] /accounts/f02d1506b14e6dda4a5f015f64af1b60f46ab56490a4a1547a924e4c2f6d6b82/BTC-BRL/orders
2025-09-25T23:20:52.529Z [DEBUG]  [GET] /accounts/f02d1506b14e6dda4a5f015f64af1b60f46ab56490a4a1547a924e4c2f6d6b82/balances
2025-09-25T23:20:56.313Z [DEBUG]  Rate limit: waiting 333ms
2025-09-25T23:20:56.314Z [DEBUG]  Rate limit: waiting 332ms
2025-09-25T23:20:56.314Z [DEBUG]  [GET] /tickers
2025-09-25T23:20:56.647Z [DEBUG]  [GET] /accounts/f02d1506b14e6dda4a5f015f64af1b60f46ab56490a4a1547a924e4c2f6d6b82/balances
2025-09-25T23:20:56.664Z [DEBUG]  [GET] /accounts/f02d1506b14e6dda4a5f015f64af1b60f46ab56490a4a1547a924e4c2f6d6b82/BTC-BRL/orders
2025-09-25T23:21:02.379Z [DEBUG]  Rate limit: waiting 333ms
2025-09-25T23:21:02.409Z [DEBUG]  Rate limit: waiting 303ms
2025-09-25T23:21:02.429Z [DEBUG]  [GET] /tickers
2025-09-25T23:21:02.731Z [DEBUG]  [GET] /accounts/f02d1506b14e6dda4a5f015f64af1b60f46ab56490a4a1547a924e4c2f6d6b82/BTC-BRL/orders
2025-09-25T23:21:02.743Z [DEBUG]  [GET] /accounts/f02d1506b14e6dda4a5f015f64af1b60f46ab56490a4a1547a924e4c2f6d6b82/balances
2025-09-25T23:21:08.323Z [DEBUG]  Rate limit: waiting 333ms
2025-09-25T23:21:08.330Z [DEBUG]  Rate limit: waiting 326ms
2025-09-25T23:21:08.335Z [DEBUG]  [GET] /tickers
2025-09-25T23:21:08.661Z [DEBUG]  [GET] /accounts/f02d1506b14e6dda4a5f015f64af1b60f46ab56490a4a1547a924e4c2f6d6b82/BTC-BRL/orders
2025-09-25T23:21:08.664Z [DEBUG]  [GET] /accounts/f02d1506b14e6dda4a5f015f64af1b60f46ab56490a4a1547a924e4c2f6d6b82/balances
2025-09-25T23:21:14.305Z [DEBUG]  Rate limit: waiting 333ms
2025-09-25T23:21:14.305Z [DEBUG]  Rate limit: waiting 333ms
2025-09-25T23:21:14.307Z [DEBUG]  [GET] /tickers
2025-09-25T23:21:14.639Z [DEBUG]  [GET] /accounts/f02d1506b14e6dda4a5f015f64af1b60f46ab56490a4a1547a924e4c2f6d6b82/balances
2025-09-25T23:21:14.644Z [DEBUG]  [GET] /accounts/f02d1506b14e6dda4a5f015f64af1b60f46ab56490a4a1547a924e4c2f6d6b82/BTC-BRL/orders
2025-09-25T23:21:17.641Z [DEBUG]  Rate limit: waiting 333ms
2025-09-25T23:21:17.642Z [DEBUG]  Rate limit: waiting 332ms
2025-09-25T23:21:17.643Z [DEBUG]  [GET] /tickers
2025-09-25T23:21:17.975Z [DEBUG]  [GET] /accounts/f02d1506b14e6dda4a5f015f64af1b60f46ab56490a4a1547a924e4c2f6d6b82/BTC-BRL/orders
2025-09-25T23:21:17.979Z [DEBUG]  [GET] /accounts/f02d1506b14e6dda4a5f015f64af1b60f46ab56490a4a1547a924e4c2f6d6b82/balances
2025-09-25T23:21:20.704Z [DEBUG]  Rate limit: waiting 333ms
2025-09-25T23:21:20.705Z [DEBUG]  Rate limit: waiting 332ms
2025-09-25T23:21:20.706Z [DEBUG]  [GET] /tickers
2025-09-25T23:21:21.039Z [DEBUG]  [GET] /accounts/f02d1506b14e6dda4a5f015f64af1b60f46ab56490a4a1547a924e4c2f6d6b82/balances
2025-09-25T23:21:21.042Z [DEBUG]  [GET] /accounts/f02d1506b14e6dda4a5f015f64af1b60f46ab56490a4a1547a924e4c2f6d6b82/BTC-BRL/orders
2025-09-25T23:21:24.581Z [DEBUG]  Rate limit: waiting 333ms
2025-09-25T23:21:24.582Z [DEBUG]  Rate limit: waiting 332ms
2025-09-25T23:21:24.582Z [DEBUG]  [GET] /tickers
2025-09-25T23:21:24.915Z [DEBUG]  [GET] /accounts/f02d1506b14e6dda4a5f015f64af1b60f46ab56490a4a1547a924e4c2f6d6b82/BTC-BRL/orders
2025-09-25T23:21:24.918Z [DEBUG]  [GET] /accounts/f02d1506b14e6dda4a5f015f64af1b60f46ab56490a4a1547a924e4c2f6d6b82/balances
2025-09-25T23:21:29.792Z [DEBUG]  Rate limit: waiting 333ms
2025-09-25T23:21:29.793Z [DEBUG]  Rate limit: waiting 332ms
2025-09-25T23:21:29.796Z [DEBUG]  [GET] /tickers
2025-09-25T23:21:30.126Z [DEBUG]  [GET] /accounts/f02d1506b14e6dda4a5f015f64af1b60f46ab56490a4a1547a924e4c2f6d6b82/balances
2025-09-25T23:21:30.131Z [DEBUG]  [GET] /accounts/f02d1506b14e6dda4a5f015f64af1b60f46ab56490a4a1547a924e4c2f6d6b82/BTC-BRL/orders
2025-09-25T23:21:35.762Z [DEBUG]  Rate limit: waiting 333ms
2025-09-25T23:21:35.763Z [DEBUG]  Rate limit: waiting 332ms
2025-09-25T23:21:35.764Z [DEBUG]  [GET] /tickers
2025-09-25T23:21:36.097Z [DEBUG]  [GET] /accounts/f02d1506b14e6dda4a5f015f64af1b60f46ab56490a4a1547a924e4c2f6d6b82/balances
2025-09-25T23:21:36.099Z [DEBUG]  [GET] /accounts/f02d1506b14e6dda4a5f015f64af1b60f46ab56490a4a1547a924e4c2f6d6b82/BTC-BRL/orders
2025-09-25T23:21:41.635Z [DEBUG]  Rate limit: waiting 333ms
2025-09-25T23:21:41.636Z [DEBUG]  Rate limit: waiting 332ms
2025-09-25T23:21:41.637Z [DEBUG]  [GET] /tickers
2025-09-25T23:21:41.970Z [DEBUG]  [GET] /accounts/f02d1506b14e6dda4a5f015f64af1b60f46ab56490a4a1547a924e4c2f6d6b82/balances
2025-09-25T23:21:41.972Z [DEBUG]  [GET] /accounts/f02d1506b14e6dda4a5f015f64af1b60f46ab56490a4a1547a924e4c2f6d6b82/BTC-BRL/orders
2025-09-25T23:21:44.659Z [DEBUG]  Rate limit: waiting 333ms
2025-09-25T23:21:44.660Z [DEBUG]  Rate limit: waiting 332ms
2025-09-25T23:21:44.662Z [DEBUG]  [GET] /tickers
2025-09-25T23:21:44.994Z [DEBUG]  [GET] /accounts/f02d1506b14e6dda4a5f015f64af1b60f46ab56490a4a1547a924e4c2f6d6b82/balances
2025-09-25T23:21:44.999Z [DEBUG]  [GET] /accounts/f02d1506b14e6dda4a5f015f64af1b60f46ab56490a4a1547a924e4c2f6d6b82/BTC-BRL/orders
2025-09-25T23:21:50.640Z [DEBUG]  Rate limit: waiting 333ms
2025-09-25T23:21:50.641Z [DEBUG]  Rate limit: waiting 332ms
2025-09-25T23:21:50.642Z [DEBUG]  [GET] /tickers
2025-09-25T23:21:50.975Z [DEBUG]  [GET] /accounts/f02d1506b14e6dda4a5f015f64af1b60f46ab56490a4a1547a924e4c2f6d6b82/balances
2025-09-25T23:21:51.030Z [DEBUG]  [GET] /accounts/f02d1506b14e6dda4a5f015f64af1b60f46ab56490a4a1547a924e4c2f6d6b82/BTC-BRL/orders
2025-09-25T23:21:53.687Z [DEBUG]  Rate limit: waiting 333ms
2025-09-25T23:21:53.689Z [DEBUG]  Rate limit: waiting 331ms
2025-09-25T23:21:53.690Z [DEBUG]  [GET] /tickers
2025-09-25T23:21:54.021Z [DEBUG]  [GET] /accounts/f02d1506b14e6dda4a5f015f64af1b60f46ab56490a4a1547a924e4c2f6d6b82/balances
2025-09-25T23:21:54.024Z [DEBUG]  [GET] /accounts/f02d1506b14e6dda4a5f015f64af1b60f46ab56490a4a1547a924e4c2f6d6b82/BTC-BRL/orders
2025-09-25T23:21:57.053Z [DEBUG]  Rate limit: waiting 333ms
2025-09-25T23:21:57.055Z [DEBUG]  Rate limit: waiting 331ms
2025-09-25T23:21:57.056Z [DEBUG]  [GET] /tickers
2025-09-25T23:21:57.387Z [DEBUG]  [GET] /accounts/f02d1506b14e6dda4a5f015f64af1b60f46ab56490a4a1547a924e4c2f6d6b82/BTC-BRL/orders
2025-09-25T23:21:57.394Z [DEBUG]  [GET] /accounts/f02d1506b14e6dda4a5f015f64af1b60f46ab56490a4a1547a924e4c2f6d6b82/balances
2025-09-25T23:22:03.010Z [DEBUG]  Rate limit: waiting 333ms
2025-09-25T23:22:03.011Z [DEBUG]  Rate limit: waiting 332ms
2025-09-25T23:22:03.013Z [DEBUG]  [GET] /tickers
2025-09-25T23:22:03.345Z [DEBUG]  [GET] /accounts/f02d1506b14e6dda4a5f015f64af1b60f46ab56490a4a1547a924e4c2f6d6b82/balances
2025-09-25T23:22:03.348Z [DEBUG]  [GET] /accounts/f02d1506b14e6dda4a5f015f64af1b60f46ab56490a4a1547a924e4c2f6d6b82/BTC-BRL/orders
2025-09-25T23:22:08.655Z [DEBUG]  Rate limit: waiting 333ms
2025-09-25T23:22:08.656Z [DEBUG]  Rate limit: waiting 332ms
2025-09-25T23:22:08.657Z [DEBUG]  [GET] /tickers
2025-09-25T23:22:08.990Z [DEBUG]  [GET] /accounts/f02d1506b14e6dda4a5f015f64af1b60f46ab56490a4a1547a924e4c2f6d6b82/balances
2025-09-25T23:22:08.995Z [DEBUG]  [GET] /accounts/f02d1506b14e6dda4a5f015f64af1b60f46ab56490a4a1547a924e4c2f6d6b82/BTC-BRL/orders
2025-09-25T23:22:14.628Z [DEBUG]  Rate limit: waiting 333ms
2025-09-25T23:22:14.629Z [DEBUG]  Rate limit: waiting 332ms
2025-09-25T23:22:14.629Z [DEBUG]  [GET] /tickers
2025-09-25T23:22:14.962Z [DEBUG]  [GET] /accounts/f02d1506b14e6dda4a5f015f64af1b60f46ab56490a4a1547a924e4c2f6d6b82/balances
2025-09-25T23:22:14.972Z [DEBUG]  [GET] /accounts/f02d1506b14e6dda4a5f015f64af1b60f46ab56490a4a1547a924e4c2f6d6b82/BTC-BRL/orders
2025-09-25T23:22:46.953Z [DEBUG]  Rate limit: waiting 333ms
2025-09-25T23:22:46.953Z [DEBUG]  Rate limit: waiting 333ms
2025-09-25T23:22:46.954Z [DEBUG]  [GET] /tickers
2025-09-25T23:22:47.287Z [DEBUG]  [GET] /accounts/f02d1506b14e6dda4a5f015f64af1b60f46ab56490a4a1547a924e4c2f6d6b82/balances
2025-09-25T23:22:47.409Z [DEBUG]  [GET] /accounts/f02d1506b14e6dda4a5f015f64af1b60f46ab56490a4a1547a924e4c2f6d6b82/BTC-BRL/orders
2025-09-25T23:23:46.641Z [DEBUG]  Rate limit: waiting 333ms
2025-09-25T23:23:46.641Z [DEBUG]  Rate limit: waiting 333ms
2025-09-25T23:23:46.641Z [DEBUG]  [GET] /tickers
2025-09-25T23:23:46.974Z [DEBUG]  [GET] /accounts/f02d1506b14e6dda4a5f015f64af1b60f46ab56490a4a1547a924e4c2f6d6b82/balances
2025-09-25T23:23:46.978Z [DEBUG]  [GET] /accounts/f02d1506b14e6dda4a5f015f64af1b60f46ab56490a4a1547a924e4c2f6d6b82/BTC-BRL/orders
2025-09-25T23:24:46.973Z [DEBUG]  Rate limit: waiting 333ms
2025-09-25T23:24:46.974Z [DEBUG]  Rate limit: waiting 332ms
2025-09-25T23:24:46.975Z [DEBUG]  [GET] /tickers
2025-09-25T23:24:47.308Z [DEBUG]  [GET] /accounts/f02d1506b14e6dda4a5f015f64af1b60f46ab56490a4a1547a924e4c2f6d6b82/balances
2025-09-25T23:24:47.312Z [DEBUG]  [GET] /accounts/f02d1506b14e6dda4a5f015f64af1b60f46ab56490a4a1547a924e4c2f6d6b82/BTC-BRL/orders
2025-09-25T23:24:51.551Z [DEBUG]  Rate limit: waiting 333ms
2025-09-25T23:24:51.558Z [DEBUG]  Rate limit: waiting 326ms
2025-09-25T23:24:51.567Z [DEBUG]  [GET] /tickers
2025-09-25T23:24:51.891Z [DEBUG]  [GET] /accounts/f02d1506b14e6dda4a5f015f64af1b60f46ab56490a4a1547a924e4c2f6d6b82/balances
2025-09-25T23:24:51.899Z [DEBUG]  [GET] /accounts/f02d1506b14e6dda4a5f015f64af1b60f46ab56490a4a1547a924e4c2f6d6b82/BTC-BRL/orders
2025-09-25T23:24:56.298Z [DEBUG]  Rate limit: waiting 333ms
2025-09-25T23:24:56.304Z [DEBUG]  Rate limit: waiting 327ms
2025-09-25T23:24:56.304Z [DEBUG]  [GET] /tickers
2025-09-25T23:24:56.632Z [DEBUG]  [GET] /accounts/f02d1506b14e6dda4a5f015f64af1b60f46ab56490a4a1547a924e4c2f6d6b82/BTC-BRL/orders
2025-09-25T23:24:56.642Z [DEBUG]  [GET] /accounts/f02d1506b14e6dda4a5f015f64af1b60f46ab56490a4a1547a924e4c2f6d6b82/balances
2025-09-25T23:24:59.308Z [DEBUG]  Rate limit: waiting 333ms
2025-09-25T23:24:59.308Z [DEBUG]  Rate limit: waiting 333ms
2025-09-25T23:24:59.310Z [DEBUG]  [GET] /tickers
2025-09-25T23:24:59.641Z [DEBUG]  [GET] /accounts/f02d1506b14e6dda4a5f015f64af1b60f46ab56490a4a1547a924e4c2f6d6b82/balances
2025-09-25T23:24:59.643Z [DEBUG]  [GET] /accounts/f02d1506b14e6dda4a5f015f64af1b60f46ab56490a4a1547a924e4c2f6d6b82/BTC-BRL/orders
2025-09-25T23:25:02.315Z [DEBUG]  Rate limit: waiting 333ms
2025-09-25T23:25:02.330Z [DEBUG]  Rate limit: waiting 318ms
2025-09-25T23:25:02.340Z [DEBUG]  [GET] /tickers
2025-09-25T23:25:02.659Z [DEBUG]  [GET] /accounts/f02d1506b14e6dda4a5f015f64af1b60f46ab56490a4a1547a924e4c2f6d6b82/BTC-BRL/orders
2025-09-25T23:25:02.663Z [DEBUG]  [GET] /accounts/f02d1506b14e6dda4a5f015f64af1b60f46ab56490a4a1547a924e4c2f6d6b82/balances
2025-09-25T23:25:08.747Z [DEBUG]  Rate limit: waiting 333ms
2025-09-25T23:25:08.747Z [DEBUG]  Rate limit: waiting 333ms
2025-09-25T23:25:08.748Z [DEBUG]  [GET] /tickers
2025-09-25T23:25:09.081Z [DEBUG]  [GET] /accounts/f02d1506b14e6dda4a5f015f64af1b60f46ab56490a4a1547a924e4c2f6d6b82/balances
2025-09-25T23:25:09.089Z [DEBUG]  [GET] /accounts/f02d1506b14e6dda4a5f015f64af1b60f46ab56490a4a1547a924e4c2f6d6b82/BTC-BRL/orders
2025-09-25T23:25:14.660Z [DEBUG]  Rate limit: waiting 333ms
2025-09-25T23:25:14.661Z [DEBUG]  Rate limit: waiting 332ms
2025-09-25T23:25:14.662Z [DEBUG]  [GET] /tickers
2025-09-25T23:25:14.994Z [DEBUG]  [GET] /accounts/f02d1506b14e6dda4a5f015f64af1b60f46ab56490a4a1547a924e4c2f6d6b82/balances
2025-09-25T23:25:15.016Z [DEBUG]  [GET] /accounts/f02d1506b14e6dda4a5f015f64af1b60f46ab56490a4a1547a924e4c2f6d6b82/BTC-BRL/orders
2025-09-25T23:25:20.739Z [DEBUG]  Rate limit: waiting 333ms
2025-09-25T23:25:20.740Z [DEBUG]  Rate limit: waiting 332ms
2025-09-25T23:25:20.740Z [DEBUG]  [GET] /tickers
2025-09-25T23:25:21.072Z [DEBUG]  [GET] /accounts/f02d1506b14e6dda4a5f015f64af1b60f46ab56490a4a1547a924e4c2f6d6b82/BTC-BRL/orders
2025-09-25T23:25:21.077Z [DEBUG]  [GET] /accounts/f02d1506b14e6dda4a5f015f64af1b60f46ab56490a4a1547a924e4c2f6d6b82/balances
2025-09-25T23:25:23.782Z [DEBUG]  Rate limit: waiting 333ms
2025-09-25T23:25:23.783Z [DEBUG]  Rate limit: waiting 332ms
2025-09-25T23:25:23.784Z [DEBUG]  [GET] /tickers
2025-09-25T23:25:24.116Z [DEBUG]  [GET] /accounts/f02d1506b14e6dda4a5f015f64af1b60f46ab56490a4a1547a924e4c2f6d6b82/BTC-BRL/orders
2025-09-25T23:25:24.120Z [DEBUG]  [GET] /accounts/f02d1506b14e6dda4a5f015f64af1b60f46ab56490a4a1547a924e4c2f6d6b82/balances
2025-09-25T23:25:29.653Z [DEBUG]  Rate limit: waiting 333ms
2025-09-25T23:25:29.654Z [DEBUG]  Rate limit: waiting 332ms
2025-09-25T23:25:29.655Z [DEBUG]  [GET] /tickers
2025-09-25T23:25:29.988Z [DEBUG]  [GET] /accounts/f02d1506b14e6dda4a5f015f64af1b60f46ab56490a4a1547a924e4c2f6d6b82/balances
2025-09-25T23:25:29.993Z [DEBUG]  [GET] /accounts/f02d1506b14e6dda4a5f015f64af1b60f46ab56490a4a1547a924e4c2f6d6b82/BTC-BRL/orders
2025-09-25T23:25:35.708Z [DEBUG]  Rate limit: waiting 333ms
2025-09-25T23:25:35.709Z [DEBUG]  Rate limit: waiting 332ms
2025-09-25T23:25:35.711Z [DEBUG]  [GET] /tickers
2025-09-25T23:25:36.042Z [DEBUG]  [GET] /accounts/f02d1506b14e6dda4a5f015f64af1b60f46ab56490a4a1547a924e4c2f6d6b82/balances
2025-09-25T23:25:36.048Z [DEBUG]  [GET] /accounts/f02d1506b14e6dda4a5f015f64af1b60f46ab56490a4a1547a924e4c2f6d6b82/BTC-BRL/orders
2025-09-25T23:25:41.642Z [DEBUG]  Rate limit: waiting 333ms
2025-09-25T23:25:41.643Z [DEBUG]  Rate limit: waiting 332ms
2025-09-25T23:25:41.643Z [DEBUG]  [GET] /tickers
2025-09-25T23:25:41.975Z [DEBUG]  [GET] /accounts/f02d1506b14e6dda4a5f015f64af1b60f46ab56490a4a1547a924e4c2f6d6b82/BTC-BRL/orders
2025-09-25T23:25:41.978Z [DEBUG]  [GET] /accounts/f02d1506b14e6dda4a5f015f64af1b60f46ab56490a4a1547a924e4c2f6d6b82/balances
2025-09-25T23:25:47.647Z [DEBUG]  Rate limit: waiting 333ms
2025-09-25T23:25:47.647Z [DEBUG]  Rate limit: waiting 333ms
2025-09-25T23:25:47.648Z [DEBUG]  [GET] /tickers
2025-09-25T23:25:47.981Z [DEBUG]  [GET] /accounts/f02d1506b14e6dda4a5f015f64af1b60f46ab56490a4a1547a924e4c2f6d6b82/balances
2025-09-25T23:25:47.984Z [DEBUG]  [GET] /accounts/f02d1506b14e6dda4a5f015f64af1b60f46ab56490a4a1547a924e4c2f6d6b82/BTC-BRL/orders
2025-09-25T23:25:50.767Z [DEBUG]  Rate limit: waiting 333ms
2025-09-25T23:25:50.767Z [DEBUG]  Rate limit: waiting 333ms
2025-09-25T23:25:50.768Z [DEBUG]  [GET] /tickers
2025-09-25T23:25:51.100Z [DEBUG]  [GET] /accounts/f02d1506b14e6dda4a5f015f64af1b60f46ab56490a4a1547a924e4c2f6d6b82/balances
2025-09-25T23:25:51.105Z [DEBUG]  [GET] /accounts/f02d1506b14e6dda4a5f015f64af1b60f46ab56490a4a1547a924e4c2f6d6b82/BTC-BRL/orders
2025-09-25T23:25:56.675Z [DEBUG]  Rate limit: waiting 333ms
2025-09-25T23:25:56.676Z [DEBUG]  Rate limit: waiting 332ms
2025-09-25T23:25:56.676Z [DEBUG]  [GET] /tickers
2025-09-25T23:25:57.009Z [DEBUG]  [GET] /accounts/f02d1506b14e6dda4a5f015f64af1b60f46ab56490a4a1547a924e4c2f6d6b82/balances
2025-09-25T23:25:57.011Z [DEBUG]  [GET] /accounts/f02d1506b14e6dda4a5f015f64af1b60f46ab56490a4a1547a924e4c2f6d6b82/BTC-BRL/orders
2025-09-25T23:25:59.740Z [DEBUG]  Rate limit: waiting 333ms
2025-09-25T23:25:59.741Z [DEBUG]  Rate limit: waiting 332ms
2025-09-25T23:25:59.742Z [DEBUG]  [GET] /tickers
2025-09-25T23:26:00.074Z [DEBUG]  [GET] /accounts/f02d1506b14e6dda4a5f015f64af1b60f46ab56490a4a1547a924e4c2f6d6b82/BTC-BRL/orders
2025-09-25T23:26:00.085Z [DEBUG]  [GET] /accounts/f02d1506b14e6dda4a5f015f64af1b60f46ab56490a4a1547a924e4c2f6d6b82/balances
2025-09-25T23:26:05.640Z [DEBUG]  Rate limit: waiting 333ms
2025-09-25T23:26:05.641Z [DEBUG]  Rate limit: waiting 332ms
2025-09-25T23:26:05.643Z [DEBUG]  [GET] /tickers
2025-09-25T23:26:05.974Z [DEBUG]  [GET] /accounts/f02d1506b14e6dda4a5f015f64af1b60f46ab56490a4a1547a924e4c2f6d6b82/balances
2025-09-25T23:26:05.980Z [DEBUG]  [GET] /accounts/f02d1506b14e6dda4a5f015f64af1b60f46ab56490a4a1547a924e4c2f6d6b82/BTC-BRL/orders
2025-09-25T23:26:47.005Z [DEBUG]  Rate limit: waiting 333ms
2025-09-25T23:26:47.021Z [DEBUG]  Rate limit: waiting 317ms
2025-09-25T23:26:47.035Z [DEBUG]  [GET] /tickers
2025-09-25T23:26:47.351Z [DEBUG]  [GET] /accounts/f02d1506b14e6dda4a5f015f64af1b60f46ab56490a4a1547a924e4c2f6d6b82/BTC-BRL/orders
2025-09-25T23:26:47.354Z [DEBUG]  [GET] /accounts/f02d1506b14e6dda4a5f015f64af1b60f46ab56490a4a1547a924e4c2f6d6b82/balances
2025-09-25T23:27:46.660Z [DEBUG]  Rate limit: waiting 333ms
2025-09-25T23:27:46.661Z [DEBUG]  Rate limit: waiting 332ms
2025-09-25T23:27:46.662Z [DEBUG]  [GET] /tickers
2025-09-25T23:27:46.994Z [DEBUG]  [GET] /accounts/f02d1506b14e6dda4a5f015f64af1b60f46ab56490a4a1547a924e4c2f6d6b82/BTC-BRL/orders
2025-09-25T23:27:47.001Z [DEBUG]  [GET] /accounts/f02d1506b14e6dda4a5f015f64af1b60f46ab56490a4a1547a924e4c2f6d6b82/balances
2025-09-25T23:28:47.011Z [DEBUG]  Rate limit: waiting 333ms
2025-09-25T23:28:47.013Z [DEBUG]  Rate limit: waiting 331ms
2025-09-25T23:28:47.014Z [DEBUG]  [GET] /tickers
2025-09-25T23:28:47.345Z [DEBUG]  [GET] /accounts/f02d1506b14e6dda4a5f015f64af1b60f46ab56490a4a1547a924e4c2f6d6b82/BTC-BRL/orders
2025-09-25T23:28:47.360Z [DEBUG]  [GET] /accounts/f02d1506b14e6dda4a5f015f64af1b60f46ab56490a4a1547a924e4c2f6d6b82/balances
2025-09-25T23:29:46.973Z [DEBUG]  Rate limit: waiting 333ms
2025-09-25T23:29:46.974Z [DEBUG]  Rate limit: waiting 332ms
2025-09-25T23:29:46.974Z [DEBUG]  [GET] /tickers
2025-09-25T23:29:47.307Z [DEBUG]  [GET] /accounts/f02d1506b14e6dda4a5f015f64af1b60f46ab56490a4a1547a924e4c2f6d6b82/BTC-BRL/orders
2025-09-25T23:29:47.319Z [DEBUG]  [GET] /accounts/f02d1506b14e6dda4a5f015f64af1b60f46ab56490a4a1547a924e4c2f6d6b82/balances
2025-09-25T23:30:46.660Z [DEBUG]  Rate limit: waiting 333ms
2025-09-25T23:30:46.661Z [DEBUG]  Rate limit: waiting 332ms
2025-09-25T23:30:46.665Z [DEBUG]  [GET] /tickers
2025-09-25T23:30:46.994Z [DEBUG]  [GET] /accounts/f02d1506b14e6dda4a5f015f64af1b60f46ab56490a4a1547a924e4c2f6d6b82/balances
2025-09-25T23:30:46.997Z [DEBUG]  [GET] /accounts/f02d1506b14e6dda4a5f015f64af1b60f46ab56490a4a1547a924e4c2f6d6b82/BTC-BRL/orders
2025-09-25T23:31:47.026Z [DEBUG]  Rate limit: waiting 333ms
2025-09-25T23:31:47.028Z [DEBUG]  Rate limit: waiting 331ms
2025-09-25T23:31:47.029Z [DEBUG]  [GET] /tickers
2025-09-25T23:31:47.359Z [DEBUG]  [GET] /accounts/f02d1506b14e6dda4a5f015f64af1b60f46ab56490a4a1547a924e4c2f6d6b82/BTC-BRL/orders
2025-09-25T23:31:47.370Z [DEBUG]  [GET] /accounts/f02d1506b14e6dda4a5f015f64af1b60f46ab56490a4a1547a924e4c2f6d6b82/balances
2025-09-25T23:32:46.712Z [DEBUG]  Rate limit: waiting 333ms
2025-09-25T23:32:46.713Z [DEBUG]  Rate limit: waiting 332ms
2025-09-25T23:32:46.714Z [DEBUG]  [GET] /tickers
2025-09-25T23:32:47.047Z [DEBUG]  [GET] /accounts/f02d1506b14e6dda4a5f015f64af1b60f46ab56490a4a1547a924e4c2f6d6b82/balances
2025-09-25T23:32:47.050Z [DEBUG]  [GET] /accounts/f02d1506b14e6dda4a5f015f64af1b60f46ab56490a4a1547a924e4c2f6d6b82/BTC-BRL/orders
2025-09-25T23:33:46.982Z [DEBUG]  Rate limit: waiting 333ms
2025-09-25T23:33:46.983Z [DEBUG]  Rate limit: waiting 332ms
2025-09-25T23:33:46.984Z [DEBUG]  [GET] /tickers
2025-09-25T23:33:47.315Z [DEBUG]  [GET] /accounts/f02d1506b14e6dda4a5f015f64af1b60f46ab56490a4a1547a924e4c2f6d6b82/BTC-BRL/orders
2025-09-25T23:33:47.318Z [DEBUG]  [GET] /accounts/f02d1506b14e6dda4a5f015f64af1b60f46ab56490a4a1547a924e4c2f6d6b82/balances
2025-09-25T23:34:34.574Z [DEBUG]  Rate limit: waiting 333ms
2025-09-25T23:34:34.584Z [DEBUG]  Rate limit: waiting 323ms
2025-09-25T23:34:34.588Z [DEBUG]  [GET] /tickers
2025-09-25T23:34:34.911Z [DEBUG]  [GET] /accounts/f02d1506b14e6dda4a5f015f64af1b60f46ab56490a4a1547a924e4c2f6d6b82/BTC-BRL/orders
2025-09-25T23:34:34.917Z [DEBUG]  [GET] /accounts/f02d1506b14e6dda4a5f015f64af1b60f46ab56490a4a1547a924e4c2f6d6b82/balances
2025-09-25T23:34:38.655Z [DEBUG]  Rate limit: waiting 333ms
2025-09-25T23:34:38.657Z [DEBUG]  Rate limit: waiting 331ms
2025-09-25T23:34:38.658Z [DEBUG]  [GET] /tickers
2025-09-25T23:34:38.988Z [DEBUG]  [GET] /accounts/f02d1506b14e6dda4a5f015f64af1b60f46ab56490a4a1547a924e4c2f6d6b82/BTC-BRL/orders
2025-09-25T23:34:39.017Z [DEBUG]  [GET] /accounts/f02d1506b14e6dda4a5f015f64af1b60f46ab56490a4a1547a924e4c2f6d6b82/balances
2025-09-25T23:34:44.670Z [DEBUG]  Rate limit: waiting 333ms
2025-09-25T23:34:44.671Z [DEBUG]  Rate limit: waiting 332ms
2025-09-25T23:34:44.671Z [DEBUG]  [GET] /tickers
2025-09-25T23:34:45.003Z [DEBUG]  [GET] /accounts/f02d1506b14e6dda4a5f015f64af1b60f46ab56490a4a1547a924e4c2f6d6b82/balances
2025-09-25T23:34:45.008Z [DEBUG]  [GET] /accounts/f02d1506b14e6dda4a5f015f64af1b60f46ab56490a4a1547a924e4c2f6d6b82/BTC-BRL/orders
2025-09-25T23:34:47.772Z [DEBUG]  Rate limit: waiting 333ms
2025-09-25T23:34:47.773Z [DEBUG]  Rate limit: waiting 332ms
2025-09-25T23:34:47.773Z [DEBUG]  [GET] /tickers
2025-09-25T23:34:48.106Z [DEBUG]  [GET] /accounts/f02d1506b14e6dda4a5f015f64af1b60f46ab56490a4a1547a924e4c2f6d6b82/balances
2025-09-25T23:34:48.109Z [DEBUG]  [GET] /accounts/f02d1506b14e6dda4a5f015f64af1b60f46ab56490a4a1547a924e4c2f6d6b82/BTC-BRL/orders
2025-09-25T23:34:53.651Z [DEBUG]  Rate limit: waiting 333ms
2025-09-25T23:34:53.652Z [DEBUG]  Rate limit: waiting 332ms
2025-09-25T23:34:53.653Z [DEBUG]  [GET] /tickers
2025-09-25T23:34:53.986Z [DEBUG]  [GET] /accounts/f02d1506b14e6dda4a5f015f64af1b60f46ab56490a4a1547a924e4c2f6d6b82/balances
2025-09-25T23:34:53.989Z [DEBUG]  [GET] /accounts/f02d1506b14e6dda4a5f015f64af1b60f46ab56490a4a1547a924e4c2f6d6b82/BTC-BRL/orders
2025-09-25T23:34:59.725Z [DEBUG]  Rate limit: waiting 333ms
2025-09-25T23:34:59.726Z [DEBUG]  Rate limit: waiting 332ms
2025-09-25T23:34:59.728Z [DEBUG]  [GET] /tickers
2025-09-25T23:35:00.059Z [DEBUG]  [GET] /accounts/f02d1506b14e6dda4a5f015f64af1b60f46ab56490a4a1547a924e4c2f6d6b82/balances
2025-09-25T23:35:00.076Z [DEBUG]  [GET] /accounts/f02d1506b14e6dda4a5f015f64af1b60f46ab56490a4a1547a924e4c2f6d6b82/BTC-BRL/orders
2025-09-25T23:35:02.849Z [DEBUG]  Rate limit: waiting 333ms
2025-09-25T23:35:02.849Z [DEBUG]  Rate limit: waiting 333ms
2025-09-25T23:35:02.850Z [DEBUG]  [GET] /tickers
2025-09-25T23:35:03.183Z [DEBUG]  [GET] /accounts/f02d1506b14e6dda4a5f015f64af1b60f46ab56490a4a1547a924e4c2f6d6b82/balances
2025-09-25T23:35:03.189Z [DEBUG]  [GET] /accounts/f02d1506b14e6dda4a5f015f64af1b60f46ab56490a4a1547a924e4c2f6d6b82/BTC-BRL/orders
2025-09-25T23:35:08.637Z [DEBUG]  Rate limit: waiting 333ms
2025-09-25T23:35:08.638Z [DEBUG]  Rate limit: waiting 332ms
2025-09-25T23:35:08.638Z [DEBUG]  [GET] /tickers
2025-09-25T23:35:08.970Z [DEBUG]  [GET] /accounts/f02d1506b14e6dda4a5f015f64af1b60f46ab56490a4a1547a924e4c2f6d6b82/BTC-BRL/orders
2025-09-25T23:35:08.972Z [DEBUG]  [GET] /accounts/f02d1506b14e6dda4a5f015f64af1b60f46ab56490a4a1547a924e4c2f6d6b82/balances
2025-09-25T23:35:11.653Z [DEBUG]  Rate limit: waiting 333ms
2025-09-25T23:35:11.653Z [DEBUG]  Rate limit: waiting 333ms
2025-09-25T23:35:11.654Z [DEBUG]  [GET] /tickers
2025-09-25T23:35:11.987Z [DEBUG]  [GET] /accounts/f02d1506b14e6dda4a5f015f64af1b60f46ab56490a4a1547a924e4c2f6d6b82/balances
2025-09-25T23:35:11.992Z [DEBUG]  [GET] /accounts/f02d1506b14e6dda4a5f015f64af1b60f46ab56490a4a1547a924e4c2f6d6b82/BTC-BRL/orders
2025-09-25T23:35:15.770Z [DEBUG]  Rate limit: waiting 333ms
2025-09-25T23:35:15.772Z [DEBUG]  Rate limit: waiting 331ms
2025-09-25T23:35:15.773Z [DEBUG]  [GET] /tickers
2025-09-25T23:35:16.105Z [DEBUG]  [GET] /accounts/f02d1506b14e6dda4a5f015f64af1b60f46ab56490a4a1547a924e4c2f6d6b82/BTC-BRL/orders
2025-09-25T23:35:16.108Z [DEBUG]  [GET] /accounts/f02d1506b14e6dda4a5f015f64af1b60f46ab56490a4a1547a924e4c2f6d6b82/balances
2025-09-25T23:35:20.649Z [DEBUG]  Rate limit: waiting 333ms
2025-09-25T23:35:20.651Z [DEBUG]  Rate limit: waiting 331ms
2025-09-25T23:35:20.652Z [DEBUG]  [GET] /tickers
2025-09-25T23:35:20.984Z [DEBUG]  [GET] /accounts/f02d1506b14e6dda4a5f015f64af1b60f46ab56490a4a1547a924e4c2f6d6b82/BTC-BRL/orders
2025-09-25T23:35:20.995Z [DEBUG]  [GET] /accounts/f02d1506b14e6dda4a5f015f64af1b60f46ab56490a4a1547a924e4c2f6d6b82/balances
2025-09-25T23:35:26.753Z [DEBUG]  Rate limit: waiting 333ms
2025-09-25T23:35:26.753Z [DEBUG]  Rate limit: waiting 333ms
2025-09-25T23:35:26.754Z [DEBUG]  [GET] /tickers
2025-09-25T23:35:27.087Z [DEBUG]  [GET] /accounts/f02d1506b14e6dda4a5f015f64af1b60f46ab56490a4a1547a924e4c2f6d6b82/balances
2025-09-25T23:35:27.116Z [DEBUG]  [GET] /accounts/f02d1506b14e6dda4a5f015f64af1b60f46ab56490a4a1547a924e4c2f6d6b82/BTC-BRL/orders
2025-09-25T23:35:29.877Z [DEBUG]  Rate limit: waiting 333ms
2025-09-25T23:35:29.878Z [DEBUG]  Rate limit: waiting 332ms
2025-09-25T23:35:29.879Z [DEBUG]  [GET] /tickers
2025-09-25T23:35:30.210Z [DEBUG]  [GET] /accounts/f02d1506b14e6dda4a5f015f64af1b60f46ab56490a4a1547a924e4c2f6d6b82/BTC-BRL/orders
2025-09-25T23:35:30.215Z [DEBUG]  [GET] /accounts/f02d1506b14e6dda4a5f015f64af1b60f46ab56490a4a1547a924e4c2f6d6b82/balances
2025-09-25T23:35:47.039Z [DEBUG]  Rate limit: waiting 333ms
2025-09-25T23:35:47.040Z [DEBUG]  Rate limit: waiting 332ms
2025-09-25T23:35:47.041Z [DEBUG]  [GET] /tickers
2025-09-25T23:35:47.373Z [DEBUG]  [GET] /accounts/f02d1506b14e6dda4a5f015f64af1b60f46ab56490a4a1547a924e4c2f6d6b82/BTC-BRL/orders
2025-09-25T23:35:47.376Z [DEBUG]  [GET] /accounts/f02d1506b14e6dda4a5f015f64af1b60f46ab56490a4a1547a924e4c2f6d6b82/balances
2025-09-25T23:36:46.843Z [DEBUG]  Rate limit: waiting 333ms
2025-09-25T23:36:46.844Z [DEBUG]  Rate limit: waiting 332ms
2025-09-25T23:36:46.844Z [DEBUG]  [GET] /tickers
2025-09-25T23:36:47.176Z [DEBUG]  [GET] /accounts/f02d1506b14e6dda4a5f015f64af1b60f46ab56490a4a1547a924e4c2f6d6b82/BTC-BRL/orders
2025-09-25T23:36:47.220Z [DEBUG]  [GET] /accounts/f02d1506b14e6dda4a5f015f64af1b60f46ab56490a4a1547a924e4c2f6d6b82/balances
2025-09-25T23:37:47.058Z [DEBUG]  Rate limit: waiting 333ms
2025-09-25T23:37:47.058Z [DEBUG]  Rate limit: waiting 333ms
2025-09-25T23:37:47.059Z [DEBUG]  [GET] /tickers
2025-09-25T23:37:47.391Z [DEBUG]  [GET] /accounts/f02d1506b14e6dda4a5f015f64af1b60f46ab56490a4a1547a924e4c2f6d6b82/balances
2025-09-25T23:37:47.396Z [DEBUG]  [GET] /accounts/f02d1506b14e6dda4a5f015f64af1b60f46ab56490a4a1547a924e4c2f6d6b82/BTC-BRL/orders
2025-09-25T23:38:46.668Z [DEBUG]  Rate limit: waiting 333ms
2025-09-25T23:38:46.669Z [DEBUG]  Rate limit: waiting 332ms
2025-09-25T23:38:46.670Z [DEBUG]  [GET] /tickers
2025-09-25T23:38:47.003Z [DEBUG]  [GET] /accounts/f02d1506b14e6dda4a5f015f64af1b60f46ab56490a4a1547a924e4c2f6d6b82/balances
2025-09-25T23:38:47.007Z [DEBUG]  [GET] /accounts/f02d1506b14e6dda4a5f015f64af1b60f46ab56490a4a1547a924e4c2f6d6b82/BTC-BRL/orders
2025-09-25T23:38:59.621Z [DEBUG]  Rate limit: waiting 333ms
2025-09-25T23:38:59.622Z [DEBUG]  Rate limit: waiting 332ms
2025-09-25T23:38:59.622Z [DEBUG]  [GET] /tickers
2025-09-25T23:38:59.955Z [DEBUG]  [GET] /accounts/f02d1506b14e6dda4a5f015f64af1b60f46ab56490a4a1547a924e4c2f6d6b82/balances
2025-09-25T23:38:59.960Z [DEBUG]  [GET] /accounts/f02d1506b14e6dda4a5f015f64af1b60f46ab56490a4a1547a924e4c2f6d6b82/BTC-BRL/orders
2025-09-25T23:39:05.309Z [DEBUG]  Rate limit: waiting 333ms
2025-09-25T23:39:05.310Z [DEBUG]  Rate limit: waiting 332ms
2025-09-25T23:39:05.311Z [DEBUG]  [GET] /tickers
2025-09-25T23:39:05.644Z [DEBUG]  [GET] /accounts/f02d1506b14e6dda4a5f015f64af1b60f46ab56490a4a1547a924e4c2f6d6b82/balances
2025-09-25T23:39:05.649Z [DEBUG]  [GET] /accounts/f02d1506b14e6dda4a5f015f64af1b60f46ab56490a4a1547a924e4c2f6d6b82/BTC-BRL/orders
2025-09-25T23:39:08.371Z [DEBUG]  Rate limit: waiting 333ms
2025-09-25T23:39:08.408Z [DEBUG]  Rate limit: waiting 296ms
2025-09-25T23:39:08.417Z [DEBUG]  [GET] /tickers
2025-09-25T23:39:08.713Z [DEBUG]  [GET] /accounts/f02d1506b14e6dda4a5f015f64af1b60f46ab56490a4a1547a924e4c2f6d6b82/BTC-BRL/orders
2025-09-25T23:39:08.741Z [DEBUG]  [GET] /accounts/f02d1506b14e6dda4a5f015f64af1b60f46ab56490a4a1547a924e4c2f6d6b82/balances
2025-09-25T23:39:14.310Z [DEBUG]  Rate limit: waiting 333ms
2025-09-25T23:39:14.311Z [DEBUG]  Rate limit: waiting 332ms
2025-09-25T23:39:14.312Z [DEBUG]  [GET] /tickers
2025-09-25T23:39:14.645Z [DEBUG]  [GET] /accounts/f02d1506b14e6dda4a5f015f64af1b60f46ab56490a4a1547a924e4c2f6d6b82/balances
2025-09-25T23:39:14.649Z [DEBUG]  [GET] /accounts/f02d1506b14e6dda4a5f015f64af1b60f46ab56490a4a1547a924e4c2f6d6b82/BTC-BRL/orders
2025-09-25T23:39:17.317Z [DEBUG]  Rate limit: waiting 333ms
2025-09-25T23:39:17.321Z [DEBUG]  Rate limit: waiting 329ms
2025-09-25T23:39:17.322Z [DEBUG]  [GET] /tickers
2025-09-25T23:39:17.651Z [DEBUG]  [GET] /accounts/f02d1506b14e6dda4a5f015f64af1b60f46ab56490a4a1547a924e4c2f6d6b82/BTC-BRL/orders
2025-09-25T23:39:17.655Z [DEBUG]  [GET] /accounts/f02d1506b14e6dda4a5f015f64af1b60f46ab56490a4a1547a924e4c2f6d6b82/balances
2025-09-25T23:39:23.319Z [DEBUG]  Rate limit: waiting 333ms
2025-09-25T23:39:23.320Z [DEBUG]  Rate limit: waiting 332ms
2025-09-25T23:39:23.322Z [DEBUG]  [GET] /tickers
2025-09-25T23:39:23.654Z [DEBUG]  [GET] /accounts/f02d1506b14e6dda4a5f015f64af1b60f46ab56490a4a1547a924e4c2f6d6b82/balances
2025-09-25T23:39:23.657Z [DEBUG]  [GET] /accounts/f02d1506b14e6dda4a5f015f64af1b60f46ab56490a4a1547a924e4c2f6d6b82/BTC-BRL/orders
2025-09-25T23:39:26.381Z [DEBUG]  Rate limit: waiting 333ms
2025-09-25T23:39:26.411Z [DEBUG]  Rate limit: waiting 303ms
2025-09-25T23:39:26.437Z [DEBUG]  [GET] /tickers
2025-09-25T23:39:26.741Z [DEBUG]  [GET] /accounts/f02d1506b14e6dda4a5f015f64af1b60f46ab56490a4a1547a924e4c2f6d6b82/BTC-BRL/orders
2025-09-25T23:39:26.750Z [DEBUG]  [GET] /accounts/f02d1506b14e6dda4a5f015f64af1b60f46ab56490a4a1547a924e4c2f6d6b82/balances
2025-09-25T23:39:32.315Z [DEBUG]  Rate limit: waiting 333ms
2025-09-25T23:39:32.315Z [DEBUG]  Rate limit: waiting 333ms
2025-09-25T23:39:32.316Z [DEBUG]  [GET] /tickers
2025-09-25T23:39:32.649Z [DEBUG]  [GET] /accounts/f02d1506b14e6dda4a5f015f64af1b60f46ab56490a4a1547a924e4c2f6d6b82/balances
2025-09-25T23:39:32.653Z [DEBUG]  [GET] /accounts/f02d1506b14e6dda4a5f015f64af1b60f46ab56490a4a1547a924e4c2f6d6b82/BTC-BRL/orders
2025-09-25T23:39:35.319Z [DEBUG]  Rate limit: waiting 333ms
2025-09-25T23:39:35.320Z [DEBUG]  Rate limit: waiting 332ms
2025-09-25T23:39:35.321Z [DEBUG]  [GET] /tickers
2025-09-25T23:39:35.654Z [DEBUG]  [GET] /accounts/f02d1506b14e6dda4a5f015f64af1b60f46ab56490a4a1547a924e4c2f6d6b82/balances
2025-09-25T23:39:35.658Z [DEBUG]  [GET] /accounts/f02d1506b14e6dda4a5f015f64af1b60f46ab56490a4a1547a924e4c2f6d6b82/BTC-BRL/orders
2025-09-25T23:39:38.322Z [DEBUG]  Rate limit: waiting 333ms
2025-09-25T23:39:38.325Z [DEBUG]  Rate limit: waiting 330ms
2025-09-25T23:39:38.333Z [DEBUG]  [GET] /tickers
2025-09-25T23:39:38.659Z [DEBUG]  [GET] /accounts/f02d1506b14e6dda4a5f015f64af1b60f46ab56490a4a1547a924e4c2f6d6b82/balances
2025-09-25T23:39:38.662Z [DEBUG]  [GET] /accounts/f02d1506b14e6dda4a5f015f64af1b60f46ab56490a4a1547a924e4c2f6d6b82/BTC-BRL/orders
2025-09-25T23:39:41.692Z [DEBUG]  Rate limit: waiting 333ms
2025-09-25T23:39:41.693Z [DEBUG]  Rate limit: waiting 332ms
2025-09-25T23:39:41.694Z [DEBUG]  [GET] /tickers
2025-09-25T23:39:42.027Z [DEBUG]  [GET] /accounts/f02d1506b14e6dda4a5f015f64af1b60f46ab56490a4a1547a924e4c2f6d6b82/balances
2025-09-25T23:39:42.036Z [DEBUG]  [GET] /accounts/f02d1506b14e6dda4a5f015f64af1b60f46ab56490a4a1547a924e4c2f6d6b82/BTC-BRL/orders
2025-09-25T23:39:47.998Z [DEBUG]  Rate limit: waiting 333ms
2025-09-25T23:39:47.999Z [DEBUG]  Rate limit: waiting 332ms
2025-09-25T23:39:48.000Z [DEBUG]  [GET] /tickers
2025-09-25T23:39:48.331Z [DEBUG]  [GET] /accounts/f02d1506b14e6dda4a5f015f64af1b60f46ab56490a4a1547a924e4c2f6d6b82/BTC-BRL/orders
2025-09-25T23:39:48.334Z [DEBUG]  [GET] /accounts/f02d1506b14e6dda4a5f015f64af1b60f46ab56490a4a1547a924e4c2f6d6b82/balances
2025-09-25T23:39:54.256Z [DEBUG]  Rate limit: waiting 333ms
2025-09-25T23:39:54.257Z [DEBUG]  Rate limit: waiting 332ms
2025-09-25T23:39:54.258Z [DEBUG]  [GET] /tickers
2025-09-25T23:39:54.590Z [DEBUG]  [GET] /accounts/f02d1506b14e6dda4a5f015f64af1b60f46ab56490a4a1547a924e4c2f6d6b82/BTC-BRL/orders
2025-09-25T23:39:54.601Z [DEBUG]  [GET] /accounts/f02d1506b14e6dda4a5f015f64af1b60f46ab56490a4a1547a924e4c2f6d6b82/balances
2025-09-25T23:39:59.662Z [DEBUG]  Rate limit: waiting 333ms
2025-09-25T23:39:59.663Z [DEBUG]  Rate limit: waiting 332ms
2025-09-25T23:39:59.663Z [DEBUG]  [GET] /tickers
2025-09-25T23:39:59.996Z [DEBUG]  [GET] /accounts/f02d1506b14e6dda4a5f015f64af1b60f46ab56490a4a1547a924e4c2f6d6b82/BTC-BRL/orders
2025-09-25T23:40:00.001Z [DEBUG]  [GET] /accounts/f02d1506b14e6dda4a5f015f64af1b60f46ab56490a4a1547a924e4c2f6d6b82/balances
2025-09-25T23:40:02.665Z [DEBUG]  Rate limit: waiting 332ms
2025-09-25T23:40:02.666Z [DEBUG]  Rate limit: waiting 331ms
2025-09-25T23:40:02.667Z [DEBUG]  [GET] /tickers
2025-09-25T23:40:02.997Z [DEBUG]  [GET] /accounts/f02d1506b14e6dda4a5f015f64af1b60f46ab56490a4a1547a924e4c2f6d6b82/BTC-BRL/orders
2025-09-25T23:40:03.023Z [DEBUG]  [GET] /accounts/f02d1506b14e6dda4a5f015f64af1b60f46ab56490a4a1547a924e4c2f6d6b82/balances
2025-09-25T23:40:08.648Z [DEBUG]  Rate limit: waiting 333ms
2025-09-25T23:40:08.649Z [DEBUG]  Rate limit: waiting 332ms
2025-09-25T23:40:08.650Z [DEBUG]  [GET] /tickers
2025-09-25T23:40:08.983Z [DEBUG]  [GET] /accounts/f02d1506b14e6dda4a5f015f64af1b60f46ab56490a4a1547a924e4c2f6d6b82/balances
2025-09-25T23:40:08.985Z [DEBUG]  [GET] /accounts/f02d1506b14e6dda4a5f015f64af1b60f46ab56490a4a1547a924e4c2f6d6b82/BTC-BRL/orders
2025-09-25T23:40:11.653Z [DEBUG]  Rate limit: waiting 333ms
2025-09-25T23:40:11.654Z [DEBUG]  Rate limit: waiting 332ms
2025-09-25T23:40:11.655Z [DEBUG]  [GET] /tickers
2025-09-25T23:40:11.988Z [DEBUG]  [GET] /accounts/f02d1506b14e6dda4a5f015f64af1b60f46ab56490a4a1547a924e4c2f6d6b82/balances
2025-09-25T23:40:11.993Z [DEBUG]  [GET] /accounts/f02d1506b14e6dda4a5f015f64af1b60f46ab56490a4a1547a924e4c2f6d6b82/BTC-BRL/orders
2025-09-25T23:40:14.663Z [DEBUG]  Rate limit: waiting 333ms
2025-09-25T23:40:14.664Z [DEBUG]  Rate limit: waiting 332ms
2025-09-25T23:40:14.665Z [DEBUG]  [GET] /tickers
2025-09-25T23:40:14.997Z [DEBUG]  [GET] /accounts/f02d1506b14e6dda4a5f015f64af1b60f46ab56490a4a1547a924e4c2f6d6b82/balances
2025-09-25T23:40:15.003Z [DEBUG]  [GET] /accounts/f02d1506b14e6dda4a5f015f64af1b60f46ab56490a4a1547a924e4c2f6d6b82/BTC-BRL/orders
2025-09-25T23:40:17.763Z [DEBUG]  Rate limit: waiting 333ms
2025-09-25T23:40:17.764Z [DEBUG]  Rate limit: waiting 332ms
2025-09-25T23:40:17.764Z [DEBUG]  [GET] /tickers
2025-09-25T23:40:18.097Z [DEBUG]  [GET] /accounts/f02d1506b14e6dda4a5f015f64af1b60f46ab56490a4a1547a924e4c2f6d6b82/BTC-BRL/orders
2025-09-25T23:40:18.107Z [DEBUG]  [GET] /accounts/f02d1506b14e6dda4a5f015f64af1b60f46ab56490a4a1547a924e4c2f6d6b82/balances
2025-09-25T23:40:23.650Z [DEBUG]  Rate limit: waiting 333ms
2025-09-25T23:40:23.651Z [DEBUG]  Rate limit: waiting 332ms
2025-09-25T23:40:23.652Z [DEBUG]  [GET] /tickers
2025-09-25T23:40:23.985Z [DEBUG]  [GET] /accounts/f02d1506b14e6dda4a5f015f64af1b60f46ab56490a4a1547a924e4c2f6d6b82/balances
2025-09-25T23:40:24.013Z [DEBUG]  [GET] /accounts/f02d1506b14e6dda4a5f015f64af1b60f46ab56490a4a1547a924e4c2f6d6b82/BTC-BRL/orders
2025-09-25T23:40:26.656Z [DEBUG]  Rate limit: waiting 333ms
2025-09-25T23:40:26.657Z [DEBUG]  Rate limit: waiting 332ms
2025-09-25T23:40:26.657Z [DEBUG]  [GET] /tickers
2025-09-25T23:40:26.989Z [DEBUG]  [GET] /accounts/f02d1506b14e6dda4a5f015f64af1b60f46ab56490a4a1547a924e4c2f6d6b82/BTC-BRL/orders
2025-09-25T23:40:26.995Z [DEBUG]  [GET] /accounts/f02d1506b14e6dda4a5f015f64af1b60f46ab56490a4a1547a924e4c2f6d6b82/balances
2025-09-25T23:40:32.653Z [DEBUG]  Rate limit: waiting 333ms
2025-09-25T23:40:32.654Z [DEBUG]  Rate limit: waiting 332ms
2025-09-25T23:40:32.655Z [DEBUG]  [GET] /tickers
2025-09-25T23:40:32.987Z [DEBUG]  [GET] /accounts/f02d1506b14e6dda4a5f015f64af1b60f46ab56490a4a1547a924e4c2f6d6b82/balances
2025-09-25T23:40:32.992Z [DEBUG]  [GET] /accounts/f02d1506b14e6dda4a5f015f64af1b60f46ab56490a4a1547a924e4c2f6d6b82/BTC-BRL/orders
2025-09-25T23:40:38.682Z [DEBUG]  Rate limit: waiting 333ms
2025-09-25T23:40:38.683Z [DEBUG]  Rate limit: waiting 332ms
2025-09-25T23:40:38.685Z [DEBUG]  [GET] /tickers
2025-09-25T23:40:39.017Z [DEBUG]  [GET] /accounts/f02d1506b14e6dda4a5f015f64af1b60f46ab56490a4a1547a924e4c2f6d6b82/balances
2025-09-25T23:40:39.062Z [DEBUG]  [GET] /accounts/f02d1506b14e6dda4a5f015f64af1b60f46ab56490a4a1547a924e4c2f6d6b82/BTC-BRL/orders
2025-09-25T23:40:46.953Z [DEBUG]  Rate limit: waiting 333ms
2025-09-25T23:40:46.954Z [DEBUG]  Rate limit: waiting 332ms
2025-09-25T23:40:46.954Z [DEBUG]  [GET] /tickers
2025-09-25T23:40:47.287Z [DEBUG]  [GET] /accounts/f02d1506b14e6dda4a5f015f64af1b60f46ab56490a4a1547a924e4c2f6d6b82/balances
2025-09-25T23:40:47.292Z [DEBUG]  [GET] /accounts/f02d1506b14e6dda4a5f015f64af1b60f46ab56490a4a1547a924e4c2f6d6b82/BTC-BRL/orders
2025-09-25T23:41:46.668Z [DEBUG]  Rate limit: waiting 333ms
2025-09-25T23:41:46.669Z [DEBUG]  Rate limit: waiting 332ms
2025-09-25T23:41:46.670Z [DEBUG]  [GET] /tickers
2025-09-25T23:41:47.003Z [DEBUG]  [GET] /accounts/f02d1506b14e6dda4a5f015f64af1b60f46ab56490a4a1547a924e4c2f6d6b82/balances
2025-09-25T23:41:47.005Z [DEBUG]  [GET] /accounts/f02d1506b14e6dda4a5f015f64af1b60f46ab56490a4a1547a924e4c2f6d6b82/BTC-BRL/orders
2025-09-25T23:42:42.693Z [DEBUG]  Rate limit: waiting 333ms
2025-09-25T23:42:42.693Z [DEBUG]  Rate limit: waiting 333ms
2025-09-25T23:42:42.694Z [DEBUG]  [GET] /tickers
2025-09-25T23:42:43.026Z [DEBUG]  [GET] /accounts/f02d1506b14e6dda4a5f015f64af1b60f46ab56490a4a1547a924e4c2f6d6b82/balances
2025-09-25T23:42:43.029Z [DEBUG]  [GET] /accounts/f02d1506b14e6dda4a5f015f64af1b60f46ab56490a4a1547a924e4c2f6d6b82/BTC-BRL/orders
2025-09-25T23:42:47.325Z [DEBUG]  Rate limit: waiting 333ms
2025-09-25T23:42:47.326Z [DEBUG]  Rate limit: waiting 332ms
2025-09-25T23:42:47.327Z [DEBUG]  [GET] /tickers
2025-09-25T23:42:47.659Z [DEBUG]  [GET] /accounts/f02d1506b14e6dda4a5f015f64af1b60f46ab56490a4a1547a924e4c2f6d6b82/BTC-BRL/orders
2025-09-25T23:42:47.670Z [DEBUG]  [GET] /accounts/f02d1506b14e6dda4a5f015f64af1b60f46ab56490a4a1547a924e4c2f6d6b82/balances
2025-09-25T23:42:53.344Z [DEBUG]  Rate limit: waiting 333ms
2025-09-25T23:42:53.355Z [DEBUG]  Rate limit: waiting 322ms
2025-09-25T23:42:53.359Z [DEBUG]  [GET] /tickers
2025-09-25T23:42:53.681Z [DEBUG]  [GET] /accounts/f02d1506b14e6dda4a5f015f64af1b60f46ab56490a4a1547a924e4c2f6d6b82/BTC-BRL/orders
2025-09-25T23:42:53.728Z [DEBUG]  [GET] /accounts/f02d1506b14e6dda4a5f015f64af1b60f46ab56490a4a1547a924e4c2f6d6b82/balances
2025-09-25T23:42:56.407Z [DEBUG]  Rate limit: waiting 333ms
2025-09-25T23:42:56.450Z [DEBUG]  Rate limit: waiting 290ms
2025-09-25T23:42:56.468Z [DEBUG]  [GET] /tickers
2025-09-25T23:42:56.758Z [DEBUG]  [GET] /accounts/f02d1506b14e6dda4a5f015f64af1b60f46ab56490a4a1547a924e4c2f6d6b82/BTC-BRL/orders
2025-09-25T23:42:56.783Z [DEBUG]  [GET] /accounts/f02d1506b14e6dda4a5f015f64af1b60f46ab56490a4a1547a924e4c2f6d6b82/balances
2025-09-25T23:43:02.326Z [DEBUG]  Rate limit: waiting 333ms
2025-09-25T23:43:02.327Z [DEBUG]  Rate limit: waiting 332ms
2025-09-25T23:43:02.328Z [DEBUG]  [GET] /tickers
2025-09-25T23:43:02.661Z [DEBUG]  [GET] /accounts/f02d1506b14e6dda4a5f015f64af1b60f46ab56490a4a1547a924e4c2f6d6b82/balances
2025-09-25T23:43:02.666Z [DEBUG]  [GET] /accounts/f02d1506b14e6dda4a5f015f64af1b60f46ab56490a4a1547a924e4c2f6d6b82/BTC-BRL/orders
2025-09-25T23:43:08.321Z [DEBUG]  Rate limit: waiting 333ms
2025-09-25T23:43:08.322Z [DEBUG]  Rate limit: waiting 332ms
2025-09-25T23:43:08.323Z [DEBUG]  [GET] /tickers
2025-09-25T23:43:08.655Z [DEBUG]  [GET] /accounts/f02d1506b14e6dda4a5f015f64af1b60f46ab56490a4a1547a924e4c2f6d6b82/balances
2025-09-25T23:43:08.660Z [DEBUG]  [GET] /accounts/f02d1506b14e6dda4a5f015f64af1b60f46ab56490a4a1547a924e4c2f6d6b82/BTC-BRL/orders
2025-09-25T23:43:14.318Z [DEBUG]  Rate limit: waiting 333ms
2025-09-25T23:43:14.319Z [DEBUG]  Rate limit: waiting 332ms
2025-09-25T23:43:14.320Z [DEBUG]  [GET] /tickers
2025-09-25T23:43:14.652Z [DEBUG]  [GET] /accounts/f02d1506b14e6dda4a5f015f64af1b60f46ab56490a4a1547a924e4c2f6d6b82/balances
2025-09-25T23:43:14.692Z [DEBUG]  [GET] /accounts/f02d1506b14e6dda4a5f015f64af1b60f46ab56490a4a1547a924e4c2f6d6b82/BTC-BRL/orders
2025-09-25T23:43:17.329Z [DEBUG]  Rate limit: waiting 333ms
2025-09-25T23:43:17.330Z [DEBUG]  Rate limit: waiting 332ms
2025-09-25T23:43:17.331Z [DEBUG]  [GET] /tickers
2025-09-25T23:43:17.662Z [DEBUG]  [GET] /accounts/f02d1506b14e6dda4a5f015f64af1b60f46ab56490a4a1547a924e4c2f6d6b82/BTC-BRL/orders
2025-09-25T23:43:17.669Z [DEBUG]  [GET] /accounts/f02d1506b14e6dda4a5f015f64af1b60f46ab56490a4a1547a924e4c2f6d6b82/balances
2025-09-25T23:43:23.320Z [DEBUG]  Rate limit: waiting 333ms
2025-09-25T23:43:23.321Z [DEBUG]  Rate limit: waiting 332ms
2025-09-25T23:43:23.322Z [DEBUG]  [GET] /tickers
2025-09-25T23:43:23.654Z [DEBUG]  [GET] /accounts/f02d1506b14e6dda4a5f015f64af1b60f46ab56490a4a1547a924e4c2f6d6b82/balances
2025-09-25T23:43:23.656Z [DEBUG]  [GET] /accounts/f02d1506b14e6dda4a5f015f64af1b60f46ab56490a4a1547a924e4c2f6d6b82/BTC-BRL/orders
2025-09-25T23:43:26.657Z [DEBUG]  Rate limit: waiting 333ms
2025-09-25T23:43:26.658Z [DEBUG]  Rate limit: waiting 332ms
2025-09-25T23:43:26.659Z [DEBUG]  [GET] /tickers
2025-09-25T23:43:26.991Z [DEBUG]  [GET] /accounts/f02d1506b14e6dda4a5f015f64af1b60f46ab56490a4a1547a924e4c2f6d6b82/balances
2025-09-25T23:43:26.996Z [DEBUG]  [GET] /accounts/f02d1506b14e6dda4a5f015f64af1b60f46ab56490a4a1547a924e4c2f6d6b82/BTC-BRL/orders
2025-09-25T23:43:29.736Z [DEBUG]  Rate limit: waiting 333ms
2025-09-25T23:43:29.737Z [DEBUG]  Rate limit: waiting 332ms
2025-09-25T23:43:29.738Z [DEBUG]  [GET] /tickers
2025-09-25T23:43:30.070Z [DEBUG]  [GET] /accounts/f02d1506b14e6dda4a5f015f64af1b60f46ab56490a4a1547a924e4c2f6d6b82/BTC-BRL/orders
2025-09-25T23:43:30.072Z [DEBUG]  [GET] /accounts/f02d1506b14e6dda4a5f015f64af1b60f46ab56490a4a1547a924e4c2f6d6b82/balances
2025-09-25T23:43:35.665Z [DEBUG]  Rate limit: waiting 333ms
2025-09-25T23:43:35.666Z [DEBUG]  Rate limit: waiting 332ms
2025-09-25T23:43:35.667Z [DEBUG]  [GET] /tickers
2025-09-25T23:43:35.998Z [DEBUG]  [GET] /accounts/f02d1506b14e6dda4a5f015f64af1b60f46ab56490a4a1547a924e4c2f6d6b82/BTC-BRL/orders
2025-09-25T23:43:36.000Z [DEBUG]  [GET] /accounts/f02d1506b14e6dda4a5f015f64af1b60f46ab56490a4a1547a924e4c2f6d6b82/balances
2025-09-25T23:43:38.855Z [DEBUG]  Rate limit: waiting 333ms
2025-09-25T23:43:38.857Z [DEBUG]  Rate limit: waiting 331ms
2025-09-25T23:43:38.858Z [DEBUG]  [GET] /tickers
2025-09-25T23:43:39.188Z [DEBUG]  [GET] /accounts/f02d1506b14e6dda4a5f015f64af1b60f46ab56490a4a1547a924e4c2f6d6b82/BTC-BRL/orders
2025-09-25T23:43:39.234Z [DEBUG]  [GET] /accounts/f02d1506b14e6dda4a5f015f64af1b60f46ab56490a4a1547a924e4c2f6d6b82/balances
2025-09-25T23:43:44.995Z [DEBUG]  Rate limit: waiting 333ms
2025-09-25T23:43:44.995Z [DEBUG]  Rate limit: waiting 333ms
2025-09-25T23:43:44.996Z [DEBUG]  [GET] /tickers
2025-09-25T23:43:45.328Z [DEBUG]  [GET] /accounts/f02d1506b14e6dda4a5f015f64af1b60f46ab56490a4a1547a924e4c2f6d6b82/balances
2025-09-25T23:43:45.331Z [DEBUG]  [GET] /accounts/f02d1506b14e6dda4a5f015f64af1b60f46ab56490a4a1547a924e4c2f6d6b82/BTC-BRL/orders
2025-09-25T23:43:50.674Z [DEBUG]  Rate limit: waiting 333ms
2025-09-25T23:43:50.675Z [DEBUG]  Rate limit: waiting 332ms
2025-09-25T23:43:50.676Z [DEBUG]  [GET] /tickers
2025-09-25T23:43:51.007Z [DEBUG]  [GET] /accounts/f02d1506b14e6dda4a5f015f64af1b60f46ab56490a4a1547a924e4c2f6d6b82/balances
2025-09-25T23:43:51.011Z [DEBUG]  [GET] /accounts/f02d1506b14e6dda4a5f015f64af1b60f46ab56490a4a1547a924e4c2f6d6b82/BTC-BRL/orders
2025-09-25T23:43:56.650Z [DEBUG]  Rate limit: waiting 333ms
2025-09-25T23:43:56.650Z [DEBUG]  Rate limit: waiting 333ms
2025-09-25T23:43:56.652Z [DEBUG]  [GET] /tickers
2025-09-25T23:43:56.984Z [DEBUG]  [GET] /accounts/f02d1506b14e6dda4a5f015f64af1b60f46ab56490a4a1547a924e4c2f6d6b82/balances
2025-09-25T23:43:56.988Z [DEBUG]  [GET] /accounts/f02d1506b14e6dda4a5f015f64af1b60f46ab56490a4a1547a924e4c2f6d6b82/BTC-BRL/orders
2025-09-25T23:43:59.655Z [DEBUG]  Rate limit: waiting 333ms
2025-09-25T23:43:59.656Z [DEBUG]  Rate limit: waiting 332ms
2025-09-25T23:43:59.656Z [DEBUG]  [GET] /tickers
2025-09-25T23:43:59.988Z [DEBUG]  [GET] /accounts/f02d1506b14e6dda4a5f015f64af1b60f46ab56490a4a1547a924e4c2f6d6b82/BTC-BRL/orders
2025-09-25T23:43:59.993Z [DEBUG]  [GET] /accounts/f02d1506b14e6dda4a5f015f64af1b60f46ab56490a4a1547a924e4c2f6d6b82/balances
2025-09-25T23:44:05.752Z [DEBUG]  Rate limit: waiting 333ms
2025-09-25T23:44:05.753Z [DEBUG]  Rate limit: waiting 332ms
2025-09-25T23:44:05.754Z [DEBUG]  [GET] /tickers
2025-09-25T23:44:06.086Z [DEBUG]  [GET] /accounts/f02d1506b14e6dda4a5f015f64af1b60f46ab56490a4a1547a924e4c2f6d6b82/BTC-BRL/orders
2025-09-25T23:44:06.089Z [DEBUG]  [GET] /accounts/f02d1506b14e6dda4a5f015f64af1b60f46ab56490a4a1547a924e4c2f6d6b82/balances
2025-09-25T23:44:08.783Z [DEBUG]  Rate limit: waiting 333ms
2025-09-25T23:44:08.783Z [DEBUG]  Rate limit: waiting 333ms
2025-09-25T23:44:08.784Z [DEBUG]  [GET] /tickers
2025-09-25T23:44:09.117Z [DEBUG]  [GET] /accounts/f02d1506b14e6dda4a5f015f64af1b60f46ab56490a4a1547a924e4c2f6d6b82/balances
2025-09-25T23:44:09.121Z [DEBUG]  [GET] /accounts/f02d1506b14e6dda4a5f015f64af1b60f46ab56490a4a1547a924e4c2f6d6b82/BTC-BRL/orders
2025-09-25T23:44:14.739Z [DEBUG]  Rate limit: waiting 333ms
2025-09-25T23:44:14.740Z [DEBUG]  Rate limit: waiting 332ms
2025-09-25T23:44:14.741Z [DEBUG]  [GET] /tickers
2025-09-25T23:44:15.074Z [DEBUG]  [GET] /accounts/f02d1506b14e6dda4a5f015f64af1b60f46ab56490a4a1547a924e4c2f6d6b82/balances
2025-09-25T23:44:15.080Z [DEBUG]  [GET] /accounts/f02d1506b14e6dda4a5f015f64af1b60f46ab56490a4a1547a924e4c2f6d6b82/BTC-BRL/orders
2025-09-25T23:44:20.656Z [DEBUG]  Rate limit: waiting 333ms
2025-09-25T23:44:20.656Z [DEBUG]  Rate limit: waiting 333ms
2025-09-25T23:44:20.657Z [DEBUG]  [GET] /tickers
2025-09-25T23:44:20.989Z [DEBUG]  [GET] /accounts/f02d1506b14e6dda4a5f015f64af1b60f46ab56490a4a1547a924e4c2f6d6b82/balances
2025-09-25T23:44:21.001Z [DEBUG]  [GET] /accounts/f02d1506b14e6dda4a5f015f64af1b60f46ab56490a4a1547a924e4c2f6d6b82/BTC-BRL/orders
2025-09-25T23:44:46.962Z [DEBUG]  Rate limit: waiting 333ms
2025-09-25T23:44:46.963Z [DEBUG]  Rate limit: waiting 332ms
2025-09-25T23:44:46.963Z [DEBUG]  [GET] /tickers
2025-09-25T23:44:47.296Z [DEBUG]  [GET] /accounts/f02d1506b14e6dda4a5f015f64af1b60f46ab56490a4a1547a924e4c2f6d6b82/BTC-BRL/orders
2025-09-25T23:44:47.311Z [DEBUG]  [GET] /accounts/f02d1506b14e6dda4a5f015f64af1b60f46ab56490a4a1547a924e4c2f6d6b82/balances
2025-09-25T23:45:46.657Z [DEBUG]  Rate limit: waiting 333ms
2025-09-25T23:45:46.658Z [DEBUG]  Rate limit: waiting 332ms
2025-09-25T23:45:46.658Z [DEBUG]  [GET] /tickers
2025-09-25T23:45:46.991Z [DEBUG]  [GET] /accounts/f02d1506b14e6dda4a5f015f64af1b60f46ab56490a4a1547a924e4c2f6d6b82/BTC-BRL/orders
2025-09-25T23:45:46.995Z [DEBUG]  [GET] /accounts/f02d1506b14e6dda4a5f015f64af1b60f46ab56490a4a1547a924e4c2f6d6b82/balances
2025-09-25T23:46:44.227Z [DEBUG]  Rate limit: waiting 333ms
2025-09-25T23:46:44.236Z [DEBUG]  Rate limit: waiting 324ms
2025-09-25T23:46:44.243Z [DEBUG]  [GET] /tickers
2025-09-25T23:46:44.568Z [DEBUG]  [GET] /accounts/f02d1506b14e6dda4a5f015f64af1b60f46ab56490a4a1547a924e4c2f6d6b82/BTC-BRL/orders
2025-09-25T23:46:44.570Z [DEBUG]  [GET] /accounts/f02d1506b14e6dda4a5f015f64af1b60f46ab56490a4a1547a924e4c2f6d6b82/balances
2025-09-25T23:46:47.385Z [DEBUG]  Rate limit: waiting 333ms
2025-09-25T23:46:47.422Z [DEBUG]  Rate limit: waiting 296ms
2025-09-25T23:46:47.478Z [DEBUG]  [GET] /tickers
2025-09-25T23:46:47.756Z [DEBUG]  [GET] /accounts/f02d1506b14e6dda4a5f015f64af1b60f46ab56490a4a1547a924e4c2f6d6b82/balances
2025-09-25T23:46:47.774Z [DEBUG]  [GET] /accounts/f02d1506b14e6dda4a5f015f64af1b60f46ab56490a4a1547a924e4c2f6d6b82/BTC-BRL/orders
2025-09-25T23:46:53.361Z [DEBUG]  Rate limit: waiting 333ms
2025-09-25T23:46:53.386Z [DEBUG]  Rate limit: waiting 308ms
2025-09-25T23:46:53.395Z [DEBUG]  [GET] /tickers
2025-09-25T23:46:53.704Z [DEBUG]  [GET] /accounts/f02d1506b14e6dda4a5f015f64af1b60f46ab56490a4a1547a924e4c2f6d6b82/BTC-BRL/orders
2025-09-25T23:46:53.720Z [DEBUG]  [GET] /accounts/f02d1506b14e6dda4a5f015f64af1b60f46ab56490a4a1547a924e4c2f6d6b82/balances
2025-09-25T23:46:59.318Z [DEBUG]  Rate limit: waiting 333ms
2025-09-25T23:46:59.319Z [DEBUG]  Rate limit: waiting 332ms
2025-09-25T23:46:59.320Z [DEBUG]  [GET] /tickers
2025-09-25T23:46:59.655Z [DEBUG]  [GET] /accounts/f02d1506b14e6dda4a5f015f64af1b60f46ab56490a4a1547a924e4c2f6d6b82/balances
2025-09-25T23:46:59.674Z [DEBUG]  [GET] /accounts/f02d1506b14e6dda4a5f015f64af1b60f46ab56490a4a1547a924e4c2f6d6b82/BTC-BRL/orders
2025-09-25T23:47:05.324Z [DEBUG]  Rate limit: waiting 333ms
2025-09-25T23:47:05.326Z [DEBUG]  Rate limit: waiting 331ms
2025-09-25T23:47:05.327Z [DEBUG]  [GET] /tickers
2025-09-25T23:47:05.658Z [DEBUG]  [GET] /accounts/f02d1506b14e6dda4a5f015f64af1b60f46ab56490a4a1547a924e4c2f6d6b82/BTC-BRL/orders
2025-09-25T23:47:05.673Z [DEBUG]  [GET] /accounts/f02d1506b14e6dda4a5f015f64af1b60f46ab56490a4a1547a924e4c2f6d6b82/balances
2025-09-25T23:47:08.326Z [DEBUG]  Rate limit: waiting 333ms
2025-09-25T23:47:08.327Z [DEBUG]  Rate limit: waiting 332ms
2025-09-25T23:47:08.329Z [DEBUG]  [GET] /tickers
2025-09-25T23:47:08.661Z [DEBUG]  [GET] /accounts/f02d1506b14e6dda4a5f015f64af1b60f46ab56490a4a1547a924e4c2f6d6b82/balances
2025-09-25T23:47:08.664Z [DEBUG]  [GET] /accounts/f02d1506b14e6dda4a5f015f64af1b60f46ab56490a4a1547a924e4c2f6d6b82/BTC-BRL/orders
2025-09-25T23:47:11.391Z [DEBUG]  Rate limit: waiting 333ms
2025-09-25T23:47:11.404Z [DEBUG]  Rate limit: waiting 320ms
2025-09-25T23:47:11.407Z [DEBUG]  [GET] /tickers
2025-09-25T23:47:11.728Z [DEBUG]  [GET] /accounts/f02d1506b14e6dda4a5f015f64af1b60f46ab56490a4a1547a924e4c2f6d6b82/BTC-BRL/orders
2025-09-25T23:47:11.738Z [DEBUG]  [GET] /accounts/f02d1506b14e6dda4a5f015f64af1b60f46ab56490a4a1547a924e4c2f6d6b82/balances
2025-09-25T23:47:17.314Z [DEBUG]  Rate limit: waiting 333ms
2025-09-25T23:47:17.315Z [DEBUG]  Rate limit: waiting 332ms
2025-09-25T23:47:17.317Z [DEBUG]  [GET] /tickers
2025-09-25T23:47:17.648Z [DEBUG]  [GET] /accounts/f02d1506b14e6dda4a5f015f64af1b60f46ab56490a4a1547a924e4c2f6d6b82/balances
2025-09-25T23:47:17.652Z [DEBUG]  [GET] /accounts/f02d1506b14e6dda4a5f015f64af1b60f46ab56490a4a1547a924e4c2f6d6b82/BTC-BRL/orders
2025-09-25T23:47:20.712Z [DEBUG]  Rate limit: waiting 333ms
2025-09-25T23:47:20.712Z [DEBUG]  Rate limit: waiting 333ms
2025-09-25T23:47:20.713Z [DEBUG]  [GET] /tickers
2025-09-25T23:47:21.045Z [DEBUG]  [GET] /accounts/f02d1506b14e6dda4a5f015f64af1b60f46ab56490a4a1547a924e4c2f6d6b82/balances
2025-09-25T23:47:21.050Z [DEBUG]  [GET] /accounts/f02d1506b14e6dda4a5f015f64af1b60f46ab56490a4a1547a924e4c2f6d6b82/BTC-BRL/orders
2025-09-25T23:47:26.667Z [DEBUG]  Rate limit: waiting 333ms
2025-09-25T23:47:26.668Z [DEBUG]  Rate limit: waiting 332ms
2025-09-25T23:47:26.669Z [DEBUG]  [GET] /tickers
2025-09-25T23:47:27.001Z [DEBUG]  [GET] /accounts/f02d1506b14e6dda4a5f015f64af1b60f46ab56490a4a1547a924e4c2f6d6b82/balances
2025-09-25T23:47:27.012Z [DEBUG]  [GET] /accounts/f02d1506b14e6dda4a5f015f64af1b60f46ab56490a4a1547a924e4c2f6d6b82/BTC-BRL/orders
2025-09-25T23:47:32.672Z [DEBUG]  Rate limit: waiting 333ms
2025-09-25T23:47:32.673Z [DEBUG]  Rate limit: waiting 332ms
2025-09-25T23:47:32.673Z [DEBUG]  [GET] /tickers
2025-09-25T23:47:33.006Z [DEBUG]  [GET] /accounts/f02d1506b14e6dda4a5f015f64af1b60f46ab56490a4a1547a924e4c2f6d6b82/BTC-BRL/orders
2025-09-25T23:47:33.008Z [DEBUG]  [GET] /accounts/f02d1506b14e6dda4a5f015f64af1b60f46ab56490a4a1547a924e4c2f6d6b82/balances
2025-09-25T23:47:35.690Z [DEBUG]  Rate limit: waiting 333ms
2025-09-25T23:47:35.690Z [DEBUG]  Rate limit: waiting 333ms
2025-09-25T23:47:35.690Z [DEBUG]  [GET] /tickers
2025-09-25T23:47:36.024Z [DEBUG]  [GET] /accounts/f02d1506b14e6dda4a5f015f64af1b60f46ab56490a4a1547a924e4c2f6d6b82/balances
2025-09-25T23:47:36.026Z [DEBUG]  [GET] /accounts/f02d1506b14e6dda4a5f015f64af1b60f46ab56490a4a1547a924e4c2f6d6b82/BTC-BRL/orders
2025-09-25T23:47:41.653Z [DEBUG]  Rate limit: waiting 333ms
2025-09-25T23:47:41.654Z [DEBUG]  Rate limit: waiting 332ms
2025-09-25T23:47:41.655Z [DEBUG]  [GET] /tickers
2025-09-25T23:47:41.988Z [DEBUG]  [GET] /accounts/f02d1506b14e6dda4a5f015f64af1b60f46ab56490a4a1547a924e4c2f6d6b82/balances
2025-09-25T23:47:42.001Z [DEBUG]  [GET] /accounts/f02d1506b14e6dda4a5f015f64af1b60f46ab56490a4a1547a924e4c2f6d6b82/BTC-BRL/orders
2025-09-25T23:47:44.659Z [DEBUG]  Rate limit: waiting 333ms
2025-09-25T23:47:44.659Z [DEBUG]  Rate limit: waiting 333ms
2025-09-25T23:47:44.660Z [DEBUG]  [GET] /tickers
2025-09-25T23:47:44.992Z [DEBUG]  [GET] /accounts/f02d1506b14e6dda4a5f015f64af1b60f46ab56490a4a1547a924e4c2f6d6b82/balances
2025-09-25T23:47:44.995Z [DEBUG]  [GET] /accounts/f02d1506b14e6dda4a5f015f64af1b60f46ab56490a4a1547a924e4c2f6d6b82/BTC-BRL/orders
2025-09-25T23:47:47.720Z [DEBUG]  Rate limit: waiting 333ms
2025-09-25T23:47:47.720Z [DEBUG]  Rate limit: waiting 333ms
2025-09-25T23:47:47.721Z [DEBUG]  [GET] /tickers
2025-09-25T23:47:48.053Z [DEBUG]  [GET] /accounts/f02d1506b14e6dda4a5f015f64af1b60f46ab56490a4a1547a924e4c2f6d6b82/balances
2025-09-25T23:47:48.057Z [DEBUG]  [GET] /accounts/f02d1506b14e6dda4a5f015f64af1b60f46ab56490a4a1547a924e4c2f6d6b82/BTC-BRL/orders
2025-09-25T23:47:53.655Z [DEBUG]  Rate limit: waiting 333ms
2025-09-25T23:47:53.655Z [DEBUG]  Rate limit: waiting 333ms
2025-09-25T23:47:53.656Z [DEBUG]  [GET] /tickers
2025-09-25T23:47:53.989Z [DEBUG]  [GET] /accounts/f02d1506b14e6dda4a5f015f64af1b60f46ab56490a4a1547a924e4c2f6d6b82/balances
2025-09-25T23:47:53.994Z [DEBUG]  [GET] /accounts/f02d1506b14e6dda4a5f015f64af1b60f46ab56490a4a1547a924e4c2f6d6b82/BTC-BRL/orders
2025-09-25T23:47:57.574Z [DEBUG]  Rate limit: waiting 333ms
2025-09-25T23:47:57.574Z [DEBUG]  Rate limit: waiting 333ms
2025-09-25T23:47:57.575Z [DEBUG]  [GET] /tickers
2025-09-25T23:47:57.908Z [DEBUG]  [GET] /accounts/f02d1506b14e6dda4a5f015f64af1b60f46ab56490a4a1547a924e4c2f6d6b82/balances
2025-09-25T23:47:57.911Z [DEBUG]  [GET] /accounts/f02d1506b14e6dda4a5f015f64af1b60f46ab56490a4a1547a924e4c2f6d6b82/BTC-BRL/orders
2025-09-25T23:48:02.775Z [DEBUG]  Rate limit: waiting 333ms
2025-09-25T23:48:02.775Z [DEBUG]  Rate limit: waiting 333ms
2025-09-25T23:48:02.776Z [DEBUG]  [GET] /tickers
2025-09-25T23:48:03.108Z [DEBUG]  [GET] /accounts/f02d1506b14e6dda4a5f015f64af1b60f46ab56490a4a1547a924e4c2f6d6b82/balances
2025-09-25T23:48:03.117Z [DEBUG]  [GET] /accounts/f02d1506b14e6dda4a5f015f64af1b60f46ab56490a4a1547a924e4c2f6d6b82/BTC-BRL/orders
2025-09-25T23:48:08.653Z [DEBUG]  Rate limit: waiting 333ms
2025-09-25T23:48:08.654Z [DEBUG]  Rate limit: waiting 332ms
2025-09-25T23:48:08.655Z [DEBUG]  [GET] /tickers
2025-09-25T23:48:08.986Z [DEBUG]  [GET] /accounts/f02d1506b14e6dda4a5f015f64af1b60f46ab56490a4a1547a924e4c2f6d6b82/BTC-BRL/orders
2025-09-25T23:48:08.990Z [DEBUG]  [GET] /accounts/f02d1506b14e6dda4a5f015f64af1b60f46ab56490a4a1547a924e4c2f6d6b82/balances
2025-09-25T23:48:14.681Z [DEBUG]  Rate limit: waiting 333ms
2025-09-25T23:48:14.681Z [DEBUG]  Rate limit: waiting 333ms
2025-09-25T23:48:14.682Z [DEBUG]  [GET] /tickers
2025-09-25T23:48:15.014Z [DEBUG]  [GET] /accounts/f02d1506b14e6dda4a5f015f64af1b60f46ab56490a4a1547a924e4c2f6d6b82/balances
2025-09-25T23:48:15.046Z [DEBUG]  [GET] /accounts/f02d1506b14e6dda4a5f015f64af1b60f46ab56490a4a1547a924e4c2f6d6b82/BTC-BRL/orders
2025-09-25T23:48:47.066Z [DEBUG]  Rate limit: waiting 333ms
2025-09-25T23:48:47.077Z [DEBUG]  Rate limit: waiting 322ms
2025-09-25T23:48:47.079Z [DEBUG]  [GET] /tickers
2025-09-25T23:48:47.401Z [DEBUG]  [GET] /accounts/f02d1506b14e6dda4a5f015f64af1b60f46ab56490a4a1547a924e4c2f6d6b82/BTC-BRL/orders
2025-09-25T23:48:47.411Z [DEBUG]  [GET] /accounts/f02d1506b14e6dda4a5f015f64af1b60f46ab56490a4a1547a924e4c2f6d6b82/balances
2025-09-25T23:49:46.676Z [DEBUG]  Rate limit: waiting 333ms
2025-09-25T23:49:46.676Z [DEBUG]  Rate limit: waiting 333ms
2025-09-25T23:49:46.677Z [DEBUG]  [GET] /tickers
2025-09-25T23:49:47.009Z [DEBUG]  [GET] /accounts/f02d1506b14e6dda4a5f015f64af1b60f46ab56490a4a1547a924e4c2f6d6b82/balances
2025-09-25T23:49:47.028Z [DEBUG]  [GET] /accounts/f02d1506b14e6dda4a5f015f64af1b60f46ab56490a4a1547a924e4c2f6d6b82/BTC-BRL/orders
2025-09-25T23:50:33.345Z [DEBUG]  Rate limit: waiting 333ms
2025-09-25T23:50:33.353Z [DEBUG]  Rate limit: waiting 325ms
2025-09-25T23:50:33.353Z [DEBUG]  [GET] /tickers
2025-09-25T23:50:33.678Z [DEBUG]  [GET] /accounts/f02d1506b14e6dda4a5f015f64af1b60f46ab56490a4a1547a924e4c2f6d6b82/BTC-BRL/orders
2025-09-25T23:50:33.685Z [DEBUG]  [GET] /accounts/f02d1506b14e6dda4a5f015f64af1b60f46ab56490a4a1547a924e4c2f6d6b82/balances
2025-09-25T23:50:38.447Z [DEBUG]  Rate limit: waiting 333ms
2025-09-25T23:50:38.448Z [DEBUG]  Rate limit: waiting 332ms
2025-09-25T23:50:38.448Z [DEBUG]  [GET] /tickers
2025-09-25T23:50:38.781Z [DEBUG]  [GET] /accounts/f02d1506b14e6dda4a5f015f64af1b60f46ab56490a4a1547a924e4c2f6d6b82/BTC-BRL/orders
2025-09-25T23:50:38.786Z [DEBUG]  [GET] /accounts/f02d1506b14e6dda4a5f015f64af1b60f46ab56490a4a1547a924e4c2f6d6b82/balances
2025-09-25T23:50:41.656Z [DEBUG]  Rate limit: waiting 333ms
2025-09-25T23:50:41.656Z [DEBUG]  Rate limit: waiting 333ms
2025-09-25T23:50:41.657Z [DEBUG]  [GET] /tickers
2025-09-25T23:50:41.989Z [DEBUG]  [GET] /accounts/f02d1506b14e6dda4a5f015f64af1b60f46ab56490a4a1547a924e4c2f6d6b82/balances
2025-09-25T23:50:41.992Z [DEBUG]  [GET] /accounts/f02d1506b14e6dda4a5f015f64af1b60f46ab56490a4a1547a924e4c2f6d6b82/BTC-BRL/orders
2025-09-25T23:50:44.664Z [DEBUG]  Rate limit: waiting 333ms
2025-09-25T23:50:44.665Z [DEBUG]  Rate limit: waiting 332ms
2025-09-25T23:50:44.665Z [DEBUG]  [GET] /tickers
2025-09-25T23:50:44.998Z [DEBUG]  [GET] /accounts/f02d1506b14e6dda4a5f015f64af1b60f46ab56490a4a1547a924e4c2f6d6b82/BTC-BRL/orders
2025-09-25T23:50:45.003Z [DEBUG]  [GET] /accounts/f02d1506b14e6dda4a5f015f64af1b60f46ab56490a4a1547a924e4c2f6d6b82/balances
2025-09-25T23:50:47.756Z [DEBUG]  Rate limit: waiting 333ms
2025-09-25T23:50:47.757Z [DEBUG]  Rate limit: waiting 332ms
2025-09-25T23:50:47.758Z [DEBUG]  [GET] /tickers
2025-09-25T23:50:48.089Z [DEBUG]  [GET] /accounts/f02d1506b14e6dda4a5f015f64af1b60f46ab56490a4a1547a924e4c2f6d6b82/BTC-BRL/orders
2025-09-25T23:50:48.096Z [DEBUG]  [GET] /accounts/f02d1506b14e6dda4a5f015f64af1b60f46ab56490a4a1547a924e4c2f6d6b82/balances
2025-09-25T23:50:53.668Z [DEBUG]  Rate limit: waiting 333ms
2025-09-25T23:50:53.669Z [DEBUG]  Rate limit: waiting 332ms
2025-09-25T23:50:53.670Z [DEBUG]  [GET] /tickers
2025-09-25T23:50:54.003Z [DEBUG]  [GET] /accounts/f02d1506b14e6dda4a5f015f64af1b60f46ab56490a4a1547a924e4c2f6d6b82/balances
2025-09-25T23:50:54.006Z [DEBUG]  [GET] /accounts/f02d1506b14e6dda4a5f015f64af1b60f46ab56490a4a1547a924e4c2f6d6b82/BTC-BRL/orders
2025-09-25T23:50:56.681Z [DEBUG]  Rate limit: waiting 333ms
2025-09-25T23:50:56.681Z [DEBUG]  Rate limit: waiting 333ms
2025-09-25T23:50:56.682Z [DEBUG]  [GET] /tickers
2025-09-25T23:50:57.014Z [DEBUG]  [GET] /accounts/f02d1506b14e6dda4a5f015f64af1b60f46ab56490a4a1547a924e4c2f6d6b82/balances
2025-09-25T23:50:57.018Z [DEBUG]  [GET] /accounts/f02d1506b14e6dda4a5f015f64af1b60f46ab56490a4a1547a924e4c2f6d6b82/BTC-BRL/orders
2025-09-25T23:51:02.659Z [DEBUG]  Rate limit: waiting 333ms
2025-09-25T23:51:02.659Z [DEBUG]  Rate limit: waiting 333ms
2025-09-25T23:51:02.659Z [DEBUG]  [GET] /tickers
2025-09-25T23:51:02.993Z [DEBUG]  [GET] /accounts/f02d1506b14e6dda4a5f015f64af1b60f46ab56490a4a1547a924e4c2f6d6b82/balances
2025-09-25T23:51:03.000Z [DEBUG]  [GET] /accounts/f02d1506b14e6dda4a5f015f64af1b60f46ab56490a4a1547a924e4c2f6d6b82/BTC-BRL/orders
2025-09-25T23:51:05.661Z [DEBUG]  Rate limit: waiting 333ms
2025-09-25T23:51:05.662Z [DEBUG]  Rate limit: waiting 332ms
2025-09-25T23:51:05.663Z [DEBUG]  [GET] /tickers
2025-09-25T23:51:05.995Z [DEBUG]  [GET] /accounts/f02d1506b14e6dda4a5f015f64af1b60f46ab56490a4a1547a924e4c2f6d6b82/balances
2025-09-25T23:51:05.999Z [DEBUG]  [GET] /accounts/f02d1506b14e6dda4a5f015f64af1b60f46ab56490a4a1547a924e4c2f6d6b82/BTC-BRL/orders
2025-09-25T23:51:08.721Z [DEBUG]  Rate limit: waiting 333ms
2025-09-25T23:51:08.722Z [DEBUG]  Rate limit: waiting 332ms
2025-09-25T23:51:08.722Z [DEBUG]  [GET] /tickers
2025-09-25T23:51:09.054Z [DEBUG]  [GET] /accounts/f02d1506b14e6dda4a5f015f64af1b60f46ab56490a4a1547a924e4c2f6d6b82/BTC-BRL/orders
2025-09-25T23:51:09.057Z [DEBUG]  [GET] /accounts/f02d1506b14e6dda4a5f015f64af1b60f46ab56490a4a1547a924e4c2f6d6b82/balances
2025-09-25T23:51:14.694Z [DEBUG]  Rate limit: waiting 333ms
2025-09-25T23:51:14.694Z [DEBUG]  Rate limit: waiting 333ms
2025-09-25T23:51:14.695Z [DEBUG]  [GET] /tickers
2025-09-25T23:51:15.028Z [DEBUG]  [GET] /accounts/f02d1506b14e6dda4a5f015f64af1b60f46ab56490a4a1547a924e4c2f6d6b82/balances
2025-09-25T23:51:15.036Z [DEBUG]  [GET] /accounts/f02d1506b14e6dda4a5f015f64af1b60f46ab56490a4a1547a924e4c2f6d6b82/BTC-BRL/orders
2025-09-25T23:51:17.873Z [DEBUG]  Rate limit: waiting 333ms
2025-09-25T23:51:17.874Z [DEBUG]  Rate limit: waiting 332ms
2025-09-25T23:51:17.875Z [DEBUG]  [GET] /tickers
2025-09-25T23:51:18.208Z [DEBUG]  [GET] /accounts/f02d1506b14e6dda4a5f015f64af1b60f46ab56490a4a1547a924e4c2f6d6b82/balances
2025-09-25T23:51:18.210Z [DEBUG]  [GET] /accounts/f02d1506b14e6dda4a5f015f64af1b60f46ab56490a4a1547a924e4c2f6d6b82/BTC-BRL/orders
2025-09-25T23:51:23.743Z [DEBUG]  Rate limit: waiting 333ms
2025-09-25T23:51:23.744Z [DEBUG]  Rate limit: waiting 332ms
2025-09-25T23:51:23.744Z [DEBUG]  [GET] /tickers
2025-09-25T23:51:24.077Z [DEBUG]  [GET] /accounts/f02d1506b14e6dda4a5f015f64af1b60f46ab56490a4a1547a924e4c2f6d6b82/BTC-BRL/orders
2025-09-25T23:51:24.079Z [DEBUG]  [GET] /accounts/f02d1506b14e6dda4a5f015f64af1b60f46ab56490a4a1547a924e4c2f6d6b82/balances
2025-09-25T23:51:26.761Z [DEBUG]  Rate limit: waiting 333ms
2025-09-25T23:51:26.762Z [DEBUG]  Rate limit: waiting 332ms
2025-09-25T23:51:26.762Z [DEBUG]  [GET] /tickers
2025-09-25T23:51:27.094Z [DEBUG]  [GET] /accounts/f02d1506b14e6dda4a5f015f64af1b60f46ab56490a4a1547a924e4c2f6d6b82/balances
2025-09-25T23:51:27.098Z [DEBUG]  [GET] /accounts/f02d1506b14e6dda4a5f015f64af1b60f46ab56490a4a1547a924e4c2f6d6b82/BTC-BRL/orders
2025-09-25T23:51:29.885Z [DEBUG]  Rate limit: waiting 333ms
2025-09-25T23:51:29.885Z [DEBUG]  Rate limit: waiting 333ms
2025-09-25T23:51:29.886Z [DEBUG]  [GET] /tickers
2025-09-25T23:51:30.218Z [DEBUG]  [GET] /accounts/f02d1506b14e6dda4a5f015f64af1b60f46ab56490a4a1547a924e4c2f6d6b82/balances
2025-09-25T23:51:30.300Z [DEBUG]  [GET] /accounts/f02d1506b14e6dda4a5f015f64af1b60f46ab56490a4a1547a924e4c2f6d6b82/BTC-BRL/orders
2025-09-25T23:51:46.963Z [DEBUG]  Rate limit: waiting 333ms
2025-09-25T23:51:46.964Z [DEBUG]  Rate limit: waiting 332ms
2025-09-25T23:51:46.965Z [DEBUG]  [GET] /tickers
2025-09-25T23:51:47.296Z [DEBUG]  [GET] /accounts/f02d1506b14e6dda4a5f015f64af1b60f46ab56490a4a1547a924e4c2f6d6b82/BTC-BRL/orders
2025-09-25T23:51:47.301Z [DEBUG]  [GET] /accounts/f02d1506b14e6dda4a5f015f64af1b60f46ab56490a4a1547a924e4c2f6d6b82/balances
2025-09-25T23:52:46.838Z [DEBUG]  Rate limit: waiting 333ms
2025-09-25T23:52:46.839Z [DEBUG]  Rate limit: waiting 332ms
2025-09-25T23:52:46.839Z [DEBUG]  [GET] /tickers
2025-09-25T23:52:47.172Z [DEBUG]  [GET] /accounts/f02d1506b14e6dda4a5f015f64af1b60f46ab56490a4a1547a924e4c2f6d6b82/BTC-BRL/orders
2025-09-25T23:52:47.177Z [DEBUG]  [GET] /accounts/f02d1506b14e6dda4a5f015f64af1b60f46ab56490a4a1547a924e4c2f6d6b82/balances
