00:26:20.528 [INFO]   [Bot] ================================================ 
00:26:20.561 [INFO]   [Bot] =        MB BOT - INICIANDO EXECUÇÃO           = 
00:26:20.737 [INFO]   [Bot] ================================================ 
20/01/2026, 21:26:20 [INFO] [DB] WAL mode ativado
20/01/2026, 21:26:20 [SUCCESS] [DB] Banco de dados inicializado com sucesso.
00:26:20.993 [INFO]   [Bot] [ADAPTIVE] Sistema adaptativo está ativado. 
00:26:21.106 [SUCCESS] [Bot] [SWING_TRADING] Estratégia swing trading inicializada com parâmetros otimizados. 
00:26:21.310 [SUCCESS] [Bot] [CORE] Módulos de Otimização, Análise de Perda e Entrada/Saída inicializados. 
00:26:21.545 [SUCCESS] [Bot] Bot iniciado em modo SIMULAÇÃO. Ciclo a cada 30s. 
00:26:21.741 [INFO]   [Bot] Iniciando ciclo 1. 
00:26:21.894 [DEBUG]  [Bot] Sincronização: Carregadas 5 ordens da BD (BUY: 1✓, SELL: 4✓). Pares no mapa: 5 
00:26:22.095 [INFO]   [Bot] Consultando tendências externas do Bitcoin... 
00:26:22 [TREND INFO] Iniciando análise de tendência externa... 
00:26:23 [TREND INFO] CoinGecko Score: 32
00:26:23 [TREND INFO] Binance Score: 20
00:26:23 [TREND INFO] Fear & Greed Score: 24
00:26:23 [TREND SUCCESS] Análise externa concluída: {"trend":"BEARISH","score":26,"confidence":100}
00:26:23.033 [SUCCESS] [Bot] Tendência Externa: BEARISH (Score: 26/100, Confiança: 100%) 
00:26:23.292 [SUCCESS] [Bot] Orderbook atualizado: Best Bid=475633.00, Best Ask=475804.00. 
00:26:23.295 [WARN]   [Bot] Histórico insuficiente para RSI (2/13). Retornando neutro (50). 
00:26:23.503 [WARN]   [Bot] Histórico insuficiente para EMA (2/8). Usando último preço. 
00:26:23.695 [WARN]   [Bot] Histórico insuficiente para EMA (2/20). Usando último preço. 
00:26:23.866 [WARN]   [Bot] Histórico insuficiente para EMA (2/12). Usando último preço. 
00:26:24.046 [WARN]   [Bot] Histórico insuficiente para EMA (2/26). Usando último preço. 
00:26:24.276 [WARN]   [Bot] Histórico insuficiente para EMA (2/9). Usando último preço. 
00:26:24.420 [INFO]   [Bot] MACD calculado: MACD=0.00, Signal=475718.50. 
00:26:24.587 [WARN]   [Bot] Nenhum retorno válido para calcular volatilidade. Retornando 0.1%. 
00:26:24.856 [INFO]   [Bot] Fills históricos insuficientes para análise. Retornando valores padrão. 
00:26:25.051 [WARN]   [Bot] Histórico insuficiente para ADX (2/28). Retornando força neutra (20). 
00:26:25.252 [INFO]   [Bot] Previsão de preço | {"trend":"down","confidence":"0.25","expectedProfit":"0.04","rsi":"50.00","emaShort":"475718.50","emaLong":"475718.50","...
00:26:25.533 [WARN]   [Bot] Histórico insuficiente para ADX (2/28). Retornando força neutra (20). 
00:26:51.749 [INFO]   [Bot] Iniciando ciclo 2. 
00:26:51.763 [DEBUG]  [Bot] Sincronização: Carregadas 5 ordens da BD (BUY: 1✓, SELL: 4✓). Pares no mapa: 5 
00:26:52.163 [SUCCESS] [Bot] Orderbook atualizado: Best Bid=475716.00, Best Ask=476014.00. 
00:26:52.170 [WARN]   [Bot] Histórico insuficiente para RSI (4/13). Retornando neutro (50). 
00:26:52.375 [WARN]   [Bot] Histórico insuficiente para EMA (4/8). Usando último preço. 
00:26:52.596 [WARN]   [Bot] Histórico insuficiente para EMA (4/20). Usando último preço. 
00:26:52.805 [WARN]   [Bot] Histórico insuficiente para EMA (4/12). Usando último preço. 
00:26:52.916 [WARN]   [Bot] Histórico insuficiente para EMA (4/26). Usando último preço. 
00:26:53.115 [WARN]   [Bot] Histórico insuficiente para EMA (4/9). Usando último preço. 
00:26:53.321 [INFO]   [Bot] MACD calculado: MACD=0.00, Signal=475865.00. 
00:26:53.516 [INFO]   [Bot] Volatilidade calculada: 0.00%. 
00:26:53.777 [INFO]   [Bot] Fills históricos insuficientes para análise. Retornando valores padrão. 
00:26:53.989 [WARN]   [Bot] Histórico insuficiente para ADX (4/28). Retornando força neutra (20). 
00:26:54.174 [INFO]   [Bot] Previsão de preço | {"trend":"down","confidence":"0.25","expectedProfit":"0.04","rsi":"50.00","emaShort":"475865.00","emaLong":"475865.00","...
00:26:54.347 [WARN]   [Bot] Histórico insuficiente para ADX (4/28). Retornando força neutra (20). 
00:27:21.754 [INFO]   [Bot] Iniciando ciclo 3. 
00:27:21.767 [DEBUG]  [Bot] Sincronização: Carregadas 5 ordens da BD (BUY: 1✓, SELL: 4✓). Pares no mapa: 5 
00:27:22.259 [SUCCESS] [Bot] Orderbook atualizado: Best Bid=476000.00, Best Ask=476185.00. 
00:27:22.363 [WARN]   [Bot] Histórico insuficiente para RSI (6/13). Retornando neutro (50). 
00:27:22.576 [WARN]   [Bot] Histórico insuficiente para EMA (6/8). Usando último preço. 
00:27:22.803 [WARN]   [Bot] Histórico insuficiente para EMA (6/20). Usando último preço. 
00:27:22.957 [WARN]   [Bot] Histórico insuficiente para EMA (6/12). Usando último preço. 
00:27:23.101 [WARN]   [Bot] Histórico insuficiente para EMA (6/26). Usando último preço. 
00:27:23.246 [WARN]   [Bot] Histórico insuficiente para EMA (6/9). Usando último preço. 
00:27:23.516 [INFO]   [Bot] MACD calculado: MACD=0.00, Signal=476092.50. 
00:27:23.715 [INFO]   [Bot] Volatilidade calculada: 0.32%. 
00:27:23.901 [INFO]   [Bot] Fills históricos insuficientes para análise. Retornando valores padrão. 
00:27:24.069 [WARN]   [Bot] Histórico insuficiente para ADX (6/28). Retornando força neutra (20). 
00:27:24.281 [INFO]   [Bot] Previsão de preço | {"trend":"down","confidence":"0.26","expectedProfit":"0.04","rsi":"50.00","emaShort":"476092.50","emaLong":"476092.50","...
00:27:24.628 [WARN]   [Bot] Histórico insuficiente para ADX (6/28). Retornando força neutra (20). 
